14:00:38.250 [main                     ] DEBUG Logger               - Configured Logger
14:00:38.290 [main                     ] DEBUG GameApplication      - Logging settings
Title: SACRIFICE
Version: 0.0
Width: 1280
Height: 756
Fullscreen: false
Intro: false
Profiling: false
Single step:false
App Mode: DEVELOPER
Menu Key: ESCAPE
Stage Style: DECORATED
Scene Factory: class com.almasb.fxgl.app.scene.SceneFactory

14:00:38.695 [JavaFX Application Thread] DEBUG FXGLApplication      - Initializing FXGL
14:00:38.702 [JavaFX Application Thread] INFO  Engine               - FXGL-17.1 (24.03.2022 17.34) on WINDOWS (J:17.0.4.1 FX:17.0.2-ea)
14:00:38.702 [JavaFX Application Thread] DEBUG Engine               - JRE Vendor Name: Oracle Corporation
14:00:38.702 [JavaFX Application Thread] DEBUG Engine               - Running on OS: Windows 11 version 10.0
14:00:38.702 [JavaFX Application Thread] DEBUG Engine               - Architecture: amd64
14:00:38.702 [JavaFX Application Thread] INFO  Engine               - Source code and latest versions at: https://github.com/AlmasB/FXGL
14:00:38.703 [JavaFX Application Thread] INFO  Engine               -       Ask questions and discuss at: https://github.com/AlmasB/FXGL/discussions
14:00:38.703 [JavaFX Application Thread] INFO  Engine               -              Join the FXGL chat at: https://gitter.im/AlmasB/FXGL
14:00:38.801 [JavaFX Application Thread] DEBUG PrimaryStageWindow   - Creating a JavaFX scene
14:00:38.852 [JavaFX Application Thread] DEBUG PrimaryStageWindow   - Target settings size: 1280.0 x 756.0
14:00:38.852 [JavaFX Application Thread] DEBUG PrimaryStageWindow   - Scaled scene size:    1280.0 x 756.0
14:00:38.852 [JavaFX Application Thread] DEBUG PrimaryStageWindow   - Scaled ratio: (1.0, 1.0)
14:00:38.853 [JavaFX Application Thread] DEBUG PrimaryStageWindow   - Set initial scene to FXGLStartupScene
14:00:38.863 [JavaFX Application Thread] DEBUG PrimaryStageWindow   - Opening main window
14:00:38.970 [JavaFX Application Thread] DEBUG PrimaryStageWindow   - Window border size: (14.4000244140625, 37.5999755859375)
14:00:38.971 [JavaFX Application Thread] DEBUG PrimaryStageWindow   - Scaled size: 1280.0 x 756.0
14:00:38.972 [JavaFX Application Thread] DEBUG PrimaryStageWindow   - Scaled ratio: (1.0, 1.0)
14:00:38.972 [JavaFX Application Thread] DEBUG PrimaryStageWindow   - Scene size: 1280.0 x 756.0
14:00:38.972 [JavaFX Application Thread] DEBUG PrimaryStageWindow   - Stage size: 1294.4000244140625 x 793.5999755859375
14:00:38.981 [FXGL Background Thread 1 ] DEBUG Engine               - Initializing environment variables
14:00:39.031 [FXGL Background Thread 1 ] DEBUG FXGLAssetLoaderServi - User app class for loading assets: class neu.cs.sacrifice.SACRIFICE
14:00:39.032 [FXGL Background Thread 1 ] DEBUG GameApplicationServi - Applying CSS: fxgl_dark.css
14:00:39.035 [FXGL Background Thread 1 ] DEBUG FXGLAssetLoaderServi - Loading from file system: jar:file:///C:/Users/FPTSHOP/.m2/repository/com/github/almasb/fxgl/17.1/fxgl-17.1.jar!/fxglassets/ui/css/fxgl_dark.css
14:00:39.100 [FXGL Background Thread 1 ] DEBUG GameApplicationServi - Initializing application scenes
14:00:39.170 [FXGL Background Thread 1 ] DEBUG GameWorld            - Game world initialized
14:00:39.238 [FXGL Background Thread 1 ] DEBUG PhysicsWorld         - Physics world initialized: appHeight=756, physics.ppm=50,0
14:00:39.238 [FXGL Background Thread 1 ] DEBUG PhysicsWorld         - Using strategy: BRUTE_FORCE
14:00:39.243 [FXGL Background Thread 1 ] DEBUG GameScene            - Game scene initialized: 1280x756
14:00:39.259 [FXGL Background Thread 1 ] DEBUG FXGL.DefaultMenu     - createMenuBodyGameMenu()
14:00:39.276 [FXGL Background Thread 1 ] DEBUG FXGL.DefaultMenu     - createOptionsMenu()
14:00:39.290 [FXGL Background Thread 1 ] DEBUG FXGLAssetLoaderServi - Loading from file system: jar:file:///C:/Users/FPTSHOP/.m2/repository/com/github/almasb/fxgl/17.1/fxgl-17.1.jar!/fxglassets/textures/particles/smoke.png
14:00:39.392 [FXGL Background Thread 1 ] DEBUG FXGLAssetLoaderServi - Loading from file system: jar:file:///C:/Users/FPTSHOP/.m2/repository/com/github/almasb/fxgl/17.1/fxgl-17.1.jar!/fxglassets/textures/particles/trace_horizontal.png
14:00:39.430 [FXGL Background Thread 1 ] DEBUG GameApplicationServi - Application scenes initialized
14:00:39.448 [FXGL Background Thread 1 ] DEBUG SystemBundleService  - Loading FXGL system data
14:00:39.453 [FXGL Background Thread 1 ] DEBUG FileSystemAccess     - Reading from: D:\Github Clone Repositories\SACRIFICE\SACRIFICE\system\fxgl.bundle
14:00:39.459 [FXGL Background Thread 1 ] DEBUG SystemBundleService  - Bundle FXGL: {}
14:00:39.460 [FXGL Background Thread 1 ] DEBUG UpdaterService       - Checking for updates
14:00:39.465 [FXGL Background Thread 1 ] DEBUG FXGLApplication      - Loading default localization
14:00:39.465 [FXGL Background Thread 4 ] DEBUG FXGLApplication      - Loading fonts
14:00:39.466 [FXGL Background Thread 4 ] DEBUG FXGLAssetLoaderServi - Loading from file system: jar:file:///C:/Users/FPTSHOP/.m2/repository/com/github/almasb/fxgl/17.1/fxgl-17.1.jar!/fxglassets/ui/fonts/VarelaRound-Regular.ttf
14:00:39.466 [FXGL Background Thread 1 ] DEBUG FXGLAssetLoaderServi - Loading from file system: jar:file:///C:/Users/FPTSHOP/.m2/repository/com/github/almasb/fxgl/17.1/fxgl-17.1.jar!/fxglassets/languages/english.lang
14:00:39.487 [FXGL Background Thread 1 ] INFO  FXGLApplication      - FXGL initialization took: 0,506 sec
14:00:39.499 [JavaFX Application Thread] DEBUG Input                - Registered new binding: left - A
14:00:39.500 [JavaFX Application Thread] DEBUG Input                - Registered new binding: right - D
14:00:39.500 [JavaFX Application Thread] DEBUG Input                - Registered new binding: use - X
14:00:39.517 [JavaFX Application Thread] DEBUG FXGLAssetLoaderServi - Loading from file system: file:/D:/Github%20Clone%20Repositories/SACRIFICE/SACRIFICE/target/classes/assets/textures/f1.png
14:00:39.560 [FXGL Background Thread 4 ] DEBUG FXGLAssetLoaderServi - Loading from file system: jar:file:///C:/Users/FPTSHOP/.m2/repository/com/github/almasb/fxgl/17.1/fxgl-17.1.jar!/fxglassets/ui/fonts/Abel-Regular.ttf
14:00:39.565 [FXGL Background Thread 4 ] DEBUG FXGLAssetLoaderServi - Loading from file system: jar:file:///C:/Users/FPTSHOP/.m2/repository/com/github/almasb/fxgl/17.1/fxgl-17.1.jar!/fxglassets/ui/fonts/TerminalLandMono-Regular.otf
14:00:39.570 [FXGL Background Thread 4 ] DEBUG FXGLAssetLoaderServi - Loading from file system: jar:file:///C:/Users/FPTSHOP/.m2/repository/com/github/almasb/fxgl/17.1/fxgl-17.1.jar!/fxglassets/ui/fonts/Courier-Prime.ttf
14:00:39.734 [JavaFX Application Thread] DEBUG FXGLAssetLoaderServi - Loading from file system: file:/D:/Github%20Clone%20Repositories/SACRIFICE/SACRIFICE/target/classes/assets/textures/f2.png
14:00:39.958 [JavaFX Application Thread] DEBUG FXGLAssetLoaderServi - Loading from file system: file:/D:/Github%20Clone%20Repositories/SACRIFICE/SACRIFICE/target/classes/assets/textures/plant.png
14:00:39.968 [JavaFX Application Thread] DEBUG FXGLAssetLoaderServi - Loading from file system: jar:file:///C:/Users/FPTSHOP/.m2/repository/com/github/almasb/fxgl/17.1/fxgl-17.1.jar!/fxglassets/textures/fxgl_icon.png
14:00:39.980 [JavaFX Application Thread] DEBUG FXGLAssetLoaderServi - Loading from file system: jar:file:///C:/Users/FPTSHOP/.m2/repository/com/github/almasb/fxgl/17.1/fxgl-17.1.jar!/fxglassets/textures/fxgl_default_cursor.png
14:00:39.982 [JavaFX Application Thread] DEBUG Input                - Registered new binding: Screenshot - CTRL+8
14:00:39.982 [JavaFX Application Thread] DEBUG Input                - Registered new binding: System info dump - CTRL+9
14:00:39.983 [JavaFX Application Thread] DEBUG Input                - Registered new binding: Restart - CTRL+R
14:00:39.984 [JavaFX Application Thread] DEBUG Input                - Registered new binding: Toggle Debug Camera - CTRL+7
14:00:39.985 [JavaFX Application Thread] DEBUG LoopRunner           - Starting loop
14:00:39.985 [JavaFX Application Thread] DEBUG LoopRunner           - Initializing JavaFX AnimationTimerLoop
14:00:39.986 [JavaFX Application Thread] DEBUG GameApplicationServi - Starting new game
14:00:39.987 [JavaFX Application Thread] DEBUG Input                - Clearing active input actions
14:00:39.996 [JavaFX Application Thread] DEBUG GameApplicationServi - Removing overlay from FXGLStartupScene and adding to FXGLLoadingScene
14:00:39.997 [JavaFX Application Thread] DEBUG PrimaryStageWindow   - FXGLStartupScene -> FXGLLoadingScene
14:00:39.997 [JavaFX Application Thread] DEBUG GameApplicationServi - Clearing previous game
14:00:39.997 [JavaFX Application Thread] DEBUG GameScene            - Clearing game scene
14:00:39.997 [JavaFX Application Thread] DEBUG GameWorld            - Clearing game world
14:00:39.998 [JavaFX Application Thread] DEBUG PhysicsWorld         - Clearing physics world
14:00:40.000 [JavaFX Application Thread] DEBUG FXGLApplication      - Registering font factories with UI factory
14:00:40.047 [FXGL Background Thread 4 ] INFO  FXGLApplication      - Game initialization took: 0,048 sec
14:00:40.048 [JavaFX Application Thread] DEBUG Input                - Clearing active input actions
14:00:40.060 [JavaFX Application Thread] DEBUG GameApplicationServi - Removing overlay from FXGLLoadingScene and adding to GameScene
14:00:40.060 [JavaFX Application Thread] DEBUG PrimaryStageWindow   - FXGLLoadingScene -> GameScene
14:00:40.246 [FXGL Background Thread 2 ] INFO  UpdaterService       - Your current version:  17.1
14:00:40.246 [FXGL Background Thread 2 ] INFO  UpdaterService       - Latest stable version: 17.3
14:00:42.463 [FXGL Background Thread 3 ] DEBUG Engine               - Logging environment variables
14:00:42.465 [FXGL Background Thread 3 ] DEBUG Engine               - achievements: []
14:00:42.465 [FXGL Background Thread 3 ] DEBUG Engine               - actualHeight: 756.0
14:00:42.466 [FXGL Background Thread 3 ] DEBUG Engine               - actualHeightProperty: ReadOnlyDoubleProperty [value: 756.0]
14:00:42.466 [FXGL Background Thread 3 ] DEBUG Engine               - actualWidth: 1280.0
14:00:42.466 [FXGL Background Thread 3 ] DEBUG Engine               - actualWidthProperty: ReadOnlyDoubleProperty [value: 1280.0]
14:00:42.466 [FXGL Background Thread 3 ] DEBUG Engine               - appIcon: fxgl_icon.png
14:00:42.466 [FXGL Background Thread 3 ] DEBUG Engine               - applicationMode: DEVELOPER
14:00:42.466 [FXGL Background Thread 3 ] DEBUG Engine               - cSSList: [fxgl_dark.css]
14:00:42.467 [FXGL Background Thread 3 ] DEBUG Engine               - collisionDetectionStrategy: BRUTE_FORCE
14:00:42.467 [FXGL Background Thread 3 ] DEBUG Engine               - configClass: Optional.empty
14:00:42.467 [FXGL Background Thread 3 ] DEBUG Engine               - credits: []
14:00:42.468 [FXGL Background Thread 3 ] DEBUG Engine               - defaultCursor: CursorInfo(imageName=fxgl_default_cursor.png, hotspotX=7.0, hotspotY=6.0)
14:00:42.469 [FXGL Background Thread 3 ] DEBUG Engine               - devBBoxColorProperty: ObjectProperty [value: 0xff0000ff]
14:00:42.470 [FXGL Background Thread 3 ] DEBUG Engine               - devEnableDebugCameraProperty: BooleanProperty [value: false]
14:00:42.470 [FXGL Background Thread 3 ] DEBUG Engine               - devSensorColorProperty: ObjectProperty [value: 0xffff00ff]
14:00:42.470 [FXGL Background Thread 3 ] DEBUG Engine               - devShowBBoxProperty: BooleanProperty [value: false]
14:00:42.470 [FXGL Background Thread 3 ] DEBUG Engine               - devShowPositionProperty: BooleanProperty [value: false]
14:00:42.471 [FXGL Background Thread 3 ] DEBUG Engine               - enabledMenuItems: []
14:00:42.471 [FXGL Background Thread 3 ] DEBUG Engine               - engineServices: [class com.almasb.fxgl.app.services.FXGLAssetLoaderService, class com.almasb.fxgl.app.FXGLApplication$GameApplicationService, class com.almasb.fxgl.app.services.FXGLDialogService, class com.almasb.fxgl.app.services.IOTaskExecutorService, class com.almasb.fxgl.io.FileSystemService, class com.almasb.fxgl.localization.LocalizationService, class com.almasb.fxgl.app.services.SystemBundleService, class com.almasb.fxgl.profile.SaveLoadService, class com.almasb.fxgl.ui.FXGLUIFactoryServiceProvider, class com.almasb.fxgl.ui.FXGLDialogFactoryServiceProvider, class com.almasb.fxgl.audio.AudioPlayer, class com.almasb.fxgl.notification.impl.NotificationServiceProvider, class com.almasb.fxgl.achievement.AchievementService, class com.almasb.fxgl.cutscene.CutsceneService, class com.almasb.fxgl.minigames.MiniGameService, class com.almasb.fxgl.net.NetService, class com.almasb.fxgl.app.services.UpdaterService, class com.almasb.fxgl.dev.DevService]
14:00:42.471 [FXGL Background Thread 3 ] DEBUG Engine               - fontGame: Abel-Regular.ttf
14:00:42.471 [FXGL Background Thread 3 ] DEBUG Engine               - fontMono: TerminalLandMono-Regular.otf
14:00:42.472 [FXGL Background Thread 3 ] DEBUG Engine               - fontText: Courier-Prime.ttf
14:00:42.472 [FXGL Background Thread 3 ] DEBUG Engine               - fontUI: VarelaRound-Regular.ttf
14:00:42.472 [FXGL Background Thread 3 ] DEBUG Engine               - fullScreen: BooleanProperty [value: false]
14:00:42.472 [FXGL Background Thread 3 ] DEBUG Engine               - gameDifficulty: MEDIUM
14:00:42.472 [FXGL Background Thread 3 ] DEBUG Engine               - gameDifficultyProperty: ObjectProperty [value: MEDIUM]
14:00:42.473 [FXGL Background Thread 3 ] DEBUG Engine               - globalMusicVolume: 0.5
14:00:42.473 [FXGL Background Thread 3 ] DEBUG Engine               - globalMusicVolumeProperty: DoubleProperty [value: 0.5]
14:00:42.473 [FXGL Background Thread 3 ] DEBUG Engine               - globalSoundVolume: 0.5
14:00:42.473 [FXGL Background Thread 3 ] DEBUG Engine               - globalSoundVolumeProperty: DoubleProperty [value: 0.5]
14:00:42.473 [FXGL Background Thread 3 ] DEBUG Engine               - height: 756
14:00:42.473 [FXGL Background Thread 3 ] DEBUG Engine               - is3D: false
14:00:42.474 [FXGL Background Thread 3 ] DEBUG Engine               - isAndroid: false
14:00:42.474 [FXGL Background Thread 3 ] DEBUG Engine               - isBrowser: false
14:00:42.474 [FXGL Background Thread 3 ] DEBUG Engine               - isClickFeedbackEnabled: false
14:00:42.474 [FXGL Background Thread 3 ] DEBUG Engine               - isCloseConfirmation: false
14:00:42.474 [FXGL Background Thread 3 ] DEBUG Engine               - isDesktop: true
14:00:42.474 [FXGL Background Thread 3 ] DEBUG Engine               - isDeveloperMenuEnabled: false
14:00:42.475 [FXGL Background Thread 3 ] DEBUG Engine               - isEmbedded: false
14:00:42.475 [FXGL Background Thread 3 ] DEBUG Engine               - isEntityPreloadEnabled: true
14:00:42.475 [FXGL Background Thread 3 ] DEBUG Engine               - isExperimentalTiledLargeMap: false
14:00:42.475 [FXGL Background Thread 3 ] DEBUG Engine               - isFileSystemWriteAllowed: true
14:00:42.475 [FXGL Background Thread 3 ] DEBUG Engine               - isFullScreenAllowed: false
14:00:42.475 [FXGL Background Thread 3 ] DEBUG Engine               - isFullScreenFromStart: false
14:00:42.476 [FXGL Background Thread 3 ] DEBUG Engine               - isGameMenuEnabled: true
14:00:42.476 [FXGL Background Thread 3 ] DEBUG Engine               - isIOS: false
14:00:42.476 [FXGL Background Thread 3 ] DEBUG Engine               - isIntroEnabled: false
14:00:42.476 [FXGL Background Thread 3 ] DEBUG Engine               - isLinux: false
14:00:42.476 [FXGL Background Thread 3 ] DEBUG Engine               - isMac: false
14:00:42.476 [FXGL Background Thread 3 ] DEBUG Engine               - isMainMenuEnabled: false
14:00:42.476 [FXGL Background Thread 3 ] DEBUG Engine               - isManualResizeEnabled: false
14:00:42.477 [FXGL Background Thread 3 ] DEBUG Engine               - isMobile: false
14:00:42.477 [FXGL Background Thread 3 ] DEBUG Engine               - isNative: false
14:00:42.477 [FXGL Background Thread 3 ] DEBUG Engine               - isPauseMusicWhenMinimized: true
14:00:42.477 [FXGL Background Thread 3 ] DEBUG Engine               - isPreserveResizeRatio: false
14:00:42.477 [FXGL Background Thread 3 ] DEBUG Engine               - isProfilingEnabled: false
14:00:42.477 [FXGL Background Thread 3 ] DEBUG Engine               - isScaleAffectedOnResize: true
14:00:42.477 [FXGL Background Thread 3 ] DEBUG Engine               - isSingleStep: false
14:00:42.477 [FXGL Background Thread 3 ] DEBUG Engine               - isUserProfileEnabled: false
14:00:42.477 [FXGL Background Thread 3 ] DEBUG Engine               - isWindows: true
14:00:42.478 [FXGL Background Thread 3 ] DEBUG Engine               - language: ObjectProperty [value: ENGLISH]
14:00:42.478 [FXGL Background Thread 3 ] DEBUG Engine               - menuKey: ESCAPE
14:00:42.478 [FXGL Background Thread 3 ] DEBUG Engine               - mouseSensitivity: 0.2
14:00:42.478 [FXGL Background Thread 3 ] DEBUG Engine               - notificationViewClass: class com.almasb.fxgl.notification.view.XboxNotificationView
14:00:42.478 [FXGL Background Thread 3 ] DEBUG Engine               - pixelsPerMeter: 50.0
14:00:42.478 [FXGL Background Thread 3 ] DEBUG Engine               - platform: WINDOWS
14:00:42.478 [FXGL Background Thread 3 ] DEBUG Engine               - prefHeightProperty: ReadOnlyDoubleProperty [value: 756.0]
14:00:42.478 [FXGL Background Thread 3 ] DEBUG Engine               - prefWidthProperty: ReadOnlyDoubleProperty [value: 1280.0]
14:00:42.479 [FXGL Background Thread 3 ] DEBUG Engine               - profileDir: profiles/
14:00:42.479 [FXGL Background Thread 3 ] DEBUG Engine               - profileName: StringProperty [value: DEFAULT]
14:00:42.479 [FXGL Background Thread 3 ] DEBUG Engine               - randomSeed: -1
14:00:42.480 [FXGL Background Thread 3 ] DEBUG Engine               - runtimeInfo: RuntimeInfo(platform=WINDOWS, version=17.1, build=24.03.2022 17.34)
14:00:42.480 [FXGL Background Thread 3 ] DEBUG Engine               - saveFileExt: sav
14:00:42.480 [FXGL Background Thread 3 ] DEBUG Engine               - scaledHeightProp$fxgl: DoubleProperty [bound, value: 756.0]
14:00:42.480 [FXGL Background Thread 3 ] DEBUG Engine               - scaledWidthProp$fxgl: DoubleProperty [bound, value: 1280.0]
14:00:42.480 [FXGL Background Thread 3 ] DEBUG Engine               - sceneFactory: com.almasb.fxgl.app.scene.SceneFactory@282c5d26
14:00:42.480 [FXGL Background Thread 3 ] DEBUG Engine               - secondsIn24h: 60
14:00:42.480 [FXGL Background Thread 3 ] DEBUG Engine               - soundMenuBack: menu/back.wav
14:00:42.480 [FXGL Background Thread 3 ] DEBUG Engine               - soundMenuPress: menu/press.wav
14:00:42.481 [FXGL Background Thread 3 ] DEBUG Engine               - soundMenuSelect: menu/select.wav
14:00:42.481 [FXGL Background Thread 3 ] DEBUG Engine               - soundNotification: core/notification.wav
14:00:42.481 [FXGL Background Thread 3 ] DEBUG Engine               - stageStyle: DECORATED
14:00:42.481 [FXGL Background Thread 3 ] DEBUG Engine               - supportedLanguages: [ENGLISH, FRENCH, GERMAN, HUNGARIAN, RUSSIAN]
14:00:42.481 [FXGL Background Thread 3 ] DEBUG Engine               - ticksPerSecond: -1
14:00:42.481 [FXGL Background Thread 3 ] DEBUG Engine               - title: SACRIFICE
14:00:42.481 [FXGL Background Thread 3 ] DEBUG Engine               - urlGithub: https://github.com/AlmasB/FXGL
14:00:42.481 [FXGL Background Thread 3 ] DEBUG Engine               - urlLeaderboard: http://fxgl-top.herokuapp.com/
14:00:42.482 [FXGL Background Thread 3 ] DEBUG Engine               - urlPOM: https://raw.githubusercontent.com/AlmasB/FXGL/release/README.md
14:00:42.482 [FXGL Background Thread 3 ] DEBUG Engine               - userAppClass: class neu.cs.sacrifice.SACRIFICE
14:00:42.482 [FXGL Background Thread 3 ] DEBUG Engine               - version: 0.0
14:00:42.482 [FXGL Background Thread 3 ] DEBUG Engine               - versionCheckDays: 7
14:00:42.482 [FXGL Background Thread 3 ] DEBUG Engine               - width: 1280
14:00:42.482 [FXGL Background Thread 3 ] DEBUG Engine               - Logging services
14:00:42.482 [FXGL Background Thread 3 ] DEBUG Engine               - class com.almasb.fxgl.app.services.FXGLAssetLoaderService
14:00:42.482 [FXGL Background Thread 3 ] DEBUG Engine               - class com.almasb.fxgl.app.FXGLApplication$GameApplicationService
14:00:42.482 [FXGL Background Thread 3 ] DEBUG Engine               - class com.almasb.fxgl.app.services.FXGLDialogService
14:00:42.483 [FXGL Background Thread 3 ] DEBUG Engine               - class com.almasb.fxgl.app.services.IOTaskExecutorService
14:00:42.483 [FXGL Background Thread 3 ] DEBUG Engine               - class com.almasb.fxgl.io.FileSystemService
14:00:42.483 [FXGL Background Thread 3 ] DEBUG Engine               - class com.almasb.fxgl.localization.LocalizationService
14:00:42.483 [FXGL Background Thread 3 ] DEBUG Engine               - class com.almasb.fxgl.app.services.SystemBundleService
14:00:42.483 [FXGL Background Thread 3 ] DEBUG Engine               - class com.almasb.fxgl.profile.SaveLoadService
14:00:42.483 [FXGL Background Thread 3 ] DEBUG Engine               - class com.almasb.fxgl.ui.FXGLUIFactoryServiceProvider
14:00:42.483 [FXGL Background Thread 3 ] DEBUG Engine               - class com.almasb.fxgl.ui.FXGLDialogFactoryServiceProvider
14:00:42.483 [FXGL Background Thread 3 ] DEBUG Engine               - class com.almasb.fxgl.audio.AudioPlayer
14:00:42.483 [FXGL Background Thread 3 ] DEBUG Engine               - class com.almasb.fxgl.notification.impl.NotificationServiceProvider
14:00:42.483 [FXGL Background Thread 3 ] DEBUG Engine               - class com.almasb.fxgl.achievement.AchievementService
14:00:42.483 [FXGL Background Thread 3 ] DEBUG Engine               - class com.almasb.fxgl.cutscene.CutsceneService
14:00:42.484 [FXGL Background Thread 3 ] DEBUG Engine               - class com.almasb.fxgl.minigames.MiniGameService
14:00:42.484 [FXGL Background Thread 3 ] DEBUG Engine               - class com.almasb.fxgl.net.NetService
14:00:42.484 [FXGL Background Thread 3 ] DEBUG Engine               - class com.almasb.fxgl.app.services.UpdaterService
14:00:42.484 [FXGL Background Thread 3 ] DEBUG Engine               - class com.almasb.fxgl.dev.DevService
14:01:13.932 [JavaFX Application Thread] DEBUG FXGLApplication      - Exiting FXGL
14:01:13.933 [JavaFX Application Thread] DEBUG LoopRunner           - Stopping loop
14:01:13.933 [JavaFX Application Thread] DEBUG SystemBundleService  - Saving FXGL system data
14:01:13.937 [JavaFX Application Thread] DEBUG FileSystemAccess     - Writing to: D:\Github Clone Repositories\SACRIFICE\SACRIFICE\system\fxgl.bundle
14:01:13.939 [JavaFX Application Thread] DEBUG Async                - Shutting down background threads
14:01:13.939 [JavaFX Application Thread] DEBUG PrimaryStageWindow   - Closing main window
14:01:13.954 [JavaFX Application Thread] DEBUG Logger               - Closing Logger
