13:49:56.296 [main                     ] DEBUG Logger               - Configured Logger
13:49:56.336 [main                     ] DEBUG GameApplication      - Logging settings
Title: SACRIFICE
Version: 0.0
Width: 1280
Height: 756
Fullscreen: false
Intro: false
Profiling: false
Single step:false
App Mode: DEVELOPER
Menu Key: ESCAPE
Stage Style: DECORATED
Scene Factory: class com.almasb.fxgl.app.scene.SceneFactory

13:49:56.823 [JavaFX Application Thread] DEBUG FXGLApplication      - Initializing FXGL
13:49:56.831 [JavaFX Application Thread] INFO  Engine               - FXGL-17.1 (24.03.2022 17.34) on WINDOWS (J:17.0.4.1 FX:17.0.2-ea)
13:49:56.832 [JavaFX Application Thread] DEBUG Engine               - JRE Vendor Name: Oracle Corporation
13:49:56.832 [JavaFX Application Thread] DEBUG Engine               - Running on OS: Windows 11 version 10.0
13:49:56.832 [JavaFX Application Thread] DEBUG Engine               - Architecture: amd64
13:49:56.832 [JavaFX Application Thread] INFO  Engine               - Source code and latest versions at: https://github.com/AlmasB/FXGL
13:49:56.833 [JavaFX Application Thread] INFO  Engine               -       Ask questions and discuss at: https://github.com/AlmasB/FXGL/discussions
13:49:56.833 [JavaFX Application Thread] INFO  Engine               -              Join the FXGL chat at: https://gitter.im/AlmasB/FXGL
13:49:56.950 [JavaFX Application Thread] DEBUG PrimaryStageWindow   - Creating a JavaFX scene
13:49:57.007 [JavaFX Application Thread] DEBUG PrimaryStageWindow   - Target settings size: 1280.0 x 756.0
13:49:57.007 [JavaFX Application Thread] DEBUG PrimaryStageWindow   - Scaled scene size:    1280.0 x 756.0
13:49:57.008 [JavaFX Application Thread] DEBUG PrimaryStageWindow   - Scaled ratio: (1.0, 1.0)
13:49:57.009 [JavaFX Application Thread] DEBUG PrimaryStageWindow   - Set initial scene to FXGLStartupScene
13:49:57.020 [JavaFX Application Thread] DEBUG PrimaryStageWindow   - Opening main window
13:49:57.144 [JavaFX Application Thread] DEBUG PrimaryStageWindow   - Window border size: (14.4000244140625, 37.5999755859375)
13:49:57.144 [JavaFX Application Thread] DEBUG PrimaryStageWindow   - Scaled size: 1280.0 x 756.0
13:49:57.145 [JavaFX Application Thread] DEBUG PrimaryStageWindow   - Scaled ratio: (1.0, 1.0)
13:49:57.145 [JavaFX Application Thread] DEBUG PrimaryStageWindow   - Scene size: 1280.0 x 756.0
13:49:57.145 [JavaFX Application Thread] DEBUG PrimaryStageWindow   - Stage size: 1294.4000244140625 x 793.5999755859375
13:49:57.160 [FXGL Background Thread 1 ] DEBUG Engine               - Initializing environment variables
13:49:57.218 [FXGL Background Thread 1 ] DEBUG FXGLAssetLoaderServi - User app class for loading assets: class neu.cs.sacrifice.SACRIFICE
13:49:57.218 [FXGL Background Thread 1 ] DEBUG GameApplicationServi - Applying CSS: fxgl_dark.css
13:49:57.220 [FXGL Background Thread 1 ] DEBUG FXGLAssetLoaderServi - Loading from file system: jar:file:///C:/Users/FPTSHOP/.m2/repository/com/github/almasb/fxgl/17.1/fxgl-17.1.jar!/fxglassets/ui/css/fxgl_dark.css
13:49:57.288 [FXGL Background Thread 1 ] DEBUG GameApplicationServi - Initializing application scenes
13:49:57.357 [FXGL Background Thread 1 ] DEBUG GameWorld            - Game world initialized
13:49:57.441 [FXGL Background Thread 1 ] DEBUG PhysicsWorld         - Physics world initialized: appHeight=756, physics.ppm=50,0
13:49:57.441 [FXGL Background Thread 1 ] DEBUG PhysicsWorld         - Using strategy: BRUTE_FORCE
13:49:57.446 [FXGL Background Thread 1 ] DEBUG GameScene            - Game scene initialized: 1280x756
13:49:57.463 [FXGL Background Thread 1 ] DEBUG FXGL.DefaultMenu     - createMenuBodyGameMenu()
13:49:57.492 [FXGL Background Thread 1 ] DEBUG FXGL.DefaultMenu     - createOptionsMenu()
13:49:57.512 [FXGL Background Thread 1 ] DEBUG FXGLAssetLoaderServi - Loading from file system: jar:file:///C:/Users/FPTSHOP/.m2/repository/com/github/almasb/fxgl/17.1/fxgl-17.1.jar!/fxglassets/textures/particles/smoke.png
13:49:57.634 [FXGL Background Thread 1 ] DEBUG FXGLAssetLoaderServi - Loading from file system: jar:file:///C:/Users/FPTSHOP/.m2/repository/com/github/almasb/fxgl/17.1/fxgl-17.1.jar!/fxglassets/textures/particles/trace_horizontal.png
13:49:57.662 [FXGL Background Thread 1 ] DEBUG GameApplicationServi - Application scenes initialized
13:49:57.677 [FXGL Background Thread 1 ] DEBUG SystemBundleService  - Loading FXGL system data
13:49:57.683 [FXGL Background Thread 1 ] DEBUG FileSystemAccess     - Reading from: D:\Github Clone Repositories\SACRIFICE\SACRIFICE\system\fxgl.bundle
13:49:57.691 [FXGL Background Thread 1 ] DEBUG SystemBundleService  - Bundle FXGL: {}
13:49:57.691 [FXGL Background Thread 1 ] DEBUG UpdaterService       - Checking for updates
13:49:57.696 [FXGL Background Thread 4 ] DEBUG FXGLApplication      - Loading fonts
13:49:57.697 [FXGL Background Thread 4 ] DEBUG FXGLAssetLoaderServi - Loading from file system: jar:file:///C:/Users/FPTSHOP/.m2/repository/com/github/almasb/fxgl/17.1/fxgl-17.1.jar!/fxglassets/ui/fonts/VarelaRound-Regular.ttf
13:49:57.697 [FXGL Background Thread 1 ] DEBUG FXGLApplication      - Loading default localization
13:49:57.697 [FXGL Background Thread 1 ] DEBUG FXGLAssetLoaderServi - Loading from file system: jar:file:///C:/Users/FPTSHOP/.m2/repository/com/github/almasb/fxgl/17.1/fxgl-17.1.jar!/fxglassets/languages/english.lang
13:49:57.724 [FXGL Background Thread 1 ] INFO  FXGLApplication      - FXGL initialization took: 0,563 sec
13:49:57.738 [JavaFX Application Thread] DEBUG Input                - Registered new binding: left - A
13:49:57.738 [JavaFX Application Thread] DEBUG Input                - Registered new binding: right - D
13:49:57.739 [JavaFX Application Thread] DEBUG Input                - Registered new binding: use - X
13:49:57.764 [JavaFX Application Thread] DEBUG FXGLAssetLoaderServi - Loading from file system: file:/D:/Github%20Clone%20Repositories/SACRIFICE/SACRIFICE/target/classes/assets/textures/f1.png
13:49:57.797 [FXGL Background Thread 4 ] DEBUG FXGLAssetLoaderServi - Loading from file system: jar:file:///C:/Users/FPTSHOP/.m2/repository/com/github/almasb/fxgl/17.1/fxgl-17.1.jar!/fxglassets/ui/fonts/Abel-Regular.ttf
13:49:57.806 [FXGL Background Thread 4 ] DEBUG FXGLAssetLoaderServi - Loading from file system: jar:file:///C:/Users/FPTSHOP/.m2/repository/com/github/almasb/fxgl/17.1/fxgl-17.1.jar!/fxglassets/ui/fonts/TerminalLandMono-Regular.otf
13:49:57.811 [FXGL Background Thread 4 ] DEBUG FXGLAssetLoaderServi - Loading from file system: jar:file:///C:/Users/FPTSHOP/.m2/repository/com/github/almasb/fxgl/17.1/fxgl-17.1.jar!/fxglassets/ui/fonts/Courier-Prime.ttf
13:49:57.990 [JavaFX Application Thread] DEBUG FXGLAssetLoaderServi - Loading from file system: file:/D:/Github%20Clone%20Repositories/SACRIFICE/SACRIFICE/target/classes/assets/textures/f2.png
13:49:58.182 [JavaFX Application Thread] DEBUG FXGLAssetLoaderServi - Loading from file system: file:/D:/Github%20Clone%20Repositories/SACRIFICE/SACRIFICE/target/classes/assets/textures/plant.png
13:49:58.184 [JavaFX Application Thread] DEBUG LoopRunner           - Stopping loop
13:49:58.184 [JavaFX Application Thread] DEBUG LoopRunner           - Initializing JavaFX AnimationTimerLoop
13:49:58.188 [JavaFX Application Thread] FATAL FXGLApplication      - Uncaught Exception:
java.lang.NullPointerException: Cannot invoke "com.almasb.fxgl.entity.Entity.setX(double)" because "object" is null
	at neu.cs.sacrifice/neu.cs.sacrifice.api.scene.GameScene.addObject(GameScene.java:95)
	at neu.cs.sacrifice/neu.cs.sacrifice.scene.TestScene2.<init>(TestScene2.java:13)
	at neu.cs.sacrifice/neu.cs.sacrifice.SACRIFICE.onPreInit(SACRIFICE.java:47)
	at com.almasb.fxgl.all@17.1/com.almasb.fxgl.app.FXGLApplication$GameApplicationService.onMainLoopStarting(FXGLApplication.kt:530)
	at com.almasb.fxgl.all@17.1/com.almasb.fxgl.app.Engine.startLoop(Engine.kt:150)
	at com.almasb.fxgl.all@17.1/com.almasb.fxgl.app.FXGLApplication.startImpl$lambda-3(FXGLApplication.kt:145)
	at com.almasb.fxgl.core@17.1/com.almasb.fxgl.core.concurrent.IOTask.succeed(IOTask.java:164)
	at com.almasb.fxgl.core@17.1/com.almasb.fxgl.core.concurrent.IOTask$1.succeeded(IOTask.java:153)
	at javafx.graphics/javafx.concurrent.Task.setState(Task.java:726)
	at javafx.graphics/javafx.concurrent.Task$TaskCallable.lambda$call$1(Task.java:1437)
	at javafx.graphics/com.sun.javafx.application.PlatformImpl.lambda$runLater$10(PlatformImpl.java:457)
	at java.base/java.security.AccessController.doPrivileged(AccessController.java:399)
	at javafx.graphics/com.sun.javafx.application.PlatformImpl.lambda$runLater$11(PlatformImpl.java:456)
	at javafx.graphics/com.sun.glass.ui.InvokeLaterDispatcher$Future.run(InvokeLaterDispatcher.java:96)
	at javafx.graphics/com.sun.glass.ui.win.WinApplication._runLoop(Native Method)
	at javafx.graphics/com.sun.glass.ui.win.WinApplication.lambda$runLoop$3(WinApplication.java:184)
	at java.base/java.lang.Thread.run(Thread.java:833)

13:49:58.188 [JavaFX Application Thread] FATAL FXGLApplication      - Application will now exit
13:49:58.208 [JavaFX Application Thread] DEBUG PrimaryStageWindow   - Push state: ErrorSubScene
13:49:58.209 [JavaFX Application Thread] DEBUG Input                - Clearing active input actions
13:49:58.216 [JavaFX Application Thread] DEBUG GameApplicationServi - Removing overlay from FXGLStartupScene and adding to ErrorSubScene
13:49:58.216 [JavaFX Application Thread] DEBUG PrimaryStageWindow   - FXGLStartupScene -> ErrorSubScene
13:49:58.217 [JavaFX Application Thread] DEBUG FXGLApplication      - Registering font factories with UI factory
13:49:59.744 [FXGL Background Thread 2 ] INFO  UpdaterService       - Your current version:  17.1
13:49:59.745 [FXGL Background Thread 2 ] INFO  UpdaterService       - Latest stable version: 17.3
13:50:00.695 [FXGL Background Thread 3 ] DEBUG Engine               - Logging environment variables
13:50:00.695 [FXGL Background Thread 3 ] DEBUG Engine               - achievements: []
13:50:00.696 [FXGL Background Thread 3 ] DEBUG Engine               - actualHeight: 756.0
13:50:00.696 [FXGL Background Thread 3 ] DEBUG Engine               - actualHeightProperty: ReadOnlyDoubleProperty [value: 756.0]
13:50:00.696 [FXGL Background Thread 3 ] DEBUG Engine               - actualWidth: 1280.0
13:50:00.696 [FXGL Background Thread 3 ] DEBUG Engine               - actualWidthProperty: ReadOnlyDoubleProperty [value: 1280.0]
13:50:00.696 [FXGL Background Thread 3 ] DEBUG Engine               - appIcon: fxgl_icon.png
13:50:00.696 [FXGL Background Thread 3 ] DEBUG Engine               - applicationMode: DEVELOPER
13:50:00.696 [FXGL Background Thread 3 ] DEBUG Engine               - cSSList: [fxgl_dark.css]
13:50:00.696 [FXGL Background Thread 3 ] DEBUG Engine               - collisionDetectionStrategy: BRUTE_FORCE
13:50:00.696 [FXGL Background Thread 3 ] DEBUG Engine               - configClass: Optional.empty
13:50:00.697 [FXGL Background Thread 3 ] DEBUG Engine               - credits: []
13:50:00.697 [FXGL Background Thread 3 ] DEBUG Engine               - defaultCursor: CursorInfo(imageName=fxgl_default_cursor.png, hotspotX=7.0, hotspotY=6.0)
13:50:00.697 [FXGL Background Thread 3 ] DEBUG Engine               - devBBoxColorProperty: ObjectProperty [value: 0xff0000ff]
13:50:00.697 [FXGL Background Thread 3 ] DEBUG Engine               - devEnableDebugCameraProperty: BooleanProperty [value: false]
13:50:00.697 [FXGL Background Thread 3 ] DEBUG Engine               - devSensorColorProperty: ObjectProperty [value: 0xffff00ff]
13:50:00.698 [FXGL Background Thread 3 ] DEBUG Engine               - devShowBBoxProperty: BooleanProperty [value: false]
13:50:00.698 [FXGL Background Thread 3 ] DEBUG Engine               - devShowPositionProperty: BooleanProperty [value: false]
13:50:00.698 [FXGL Background Thread 3 ] DEBUG Engine               - enabledMenuItems: []
13:50:00.698 [FXGL Background Thread 3 ] DEBUG Engine               - engineServices: [class com.almasb.fxgl.app.services.FXGLAssetLoaderService, class com.almasb.fxgl.app.FXGLApplication$GameApplicationService, class com.almasb.fxgl.app.services.FXGLDialogService, class com.almasb.fxgl.app.services.IOTaskExecutorService, class com.almasb.fxgl.io.FileSystemService, class com.almasb.fxgl.localization.LocalizationService, class com.almasb.fxgl.app.services.SystemBundleService, class com.almasb.fxgl.profile.SaveLoadService, class com.almasb.fxgl.ui.FXGLUIFactoryServiceProvider, class com.almasb.fxgl.ui.FXGLDialogFactoryServiceProvider, class com.almasb.fxgl.audio.AudioPlayer, class com.almasb.fxgl.notification.impl.NotificationServiceProvider, class com.almasb.fxgl.achievement.AchievementService, class com.almasb.fxgl.cutscene.CutsceneService, class com.almasb.fxgl.minigames.MiniGameService, class com.almasb.fxgl.net.NetService, class com.almasb.fxgl.app.services.UpdaterService, class com.almasb.fxgl.dev.DevService]
13:50:00.698 [FXGL Background Thread 3 ] DEBUG Engine               - fontGame: Abel-Regular.ttf
13:50:00.698 [FXGL Background Thread 3 ] DEBUG Engine               - fontMono: TerminalLandMono-Regular.otf
13:50:00.698 [FXGL Background Thread 3 ] DEBUG Engine               - fontText: Courier-Prime.ttf
13:50:00.698 [FXGL Background Thread 3 ] DEBUG Engine               - fontUI: VarelaRound-Regular.ttf
13:50:00.698 [FXGL Background Thread 3 ] DEBUG Engine               - fullScreen: BooleanProperty [value: false]
13:50:00.698 [FXGL Background Thread 3 ] DEBUG Engine               - gameDifficulty: MEDIUM
13:50:00.698 [FXGL Background Thread 3 ] DEBUG Engine               - gameDifficultyProperty: ObjectProperty [value: MEDIUM]
13:50:00.698 [FXGL Background Thread 3 ] DEBUG Engine               - globalMusicVolume: 0.5
13:50:00.699 [FXGL Background Thread 3 ] DEBUG Engine               - globalMusicVolumeProperty: DoubleProperty [value: 0.5]
13:50:00.699 [FXGL Background Thread 3 ] DEBUG Engine               - globalSoundVolume: 0.5
13:50:00.699 [FXGL Background Thread 3 ] DEBUG Engine               - globalSoundVolumeProperty: DoubleProperty [value: 0.5]
13:50:00.699 [FXGL Background Thread 3 ] DEBUG Engine               - height: 756
13:50:00.699 [FXGL Background Thread 3 ] DEBUG Engine               - is3D: false
13:50:00.699 [FXGL Background Thread 3 ] DEBUG Engine               - isAndroid: false
13:50:00.699 [FXGL Background Thread 3 ] DEBUG Engine               - isBrowser: false
13:50:00.699 [FXGL Background Thread 3 ] DEBUG Engine               - isClickFeedbackEnabled: false
13:50:00.699 [FXGL Background Thread 3 ] DEBUG Engine               - isCloseConfirmation: false
13:50:00.699 [FXGL Background Thread 3 ] DEBUG Engine               - isDesktop: true
13:50:00.699 [FXGL Background Thread 3 ] DEBUG Engine               - isDeveloperMenuEnabled: false
13:50:00.699 [FXGL Background Thread 3 ] DEBUG Engine               - isEmbedded: false
13:50:00.699 [FXGL Background Thread 3 ] DEBUG Engine               - isEntityPreloadEnabled: true
13:50:00.700 [FXGL Background Thread 3 ] DEBUG Engine               - isExperimentalTiledLargeMap: false
13:50:00.700 [FXGL Background Thread 3 ] DEBUG Engine               - isFileSystemWriteAllowed: true
13:50:00.700 [FXGL Background Thread 3 ] DEBUG Engine               - isFullScreenAllowed: false
13:50:00.700 [FXGL Background Thread 3 ] DEBUG Engine               - isFullScreenFromStart: false
13:50:00.700 [FXGL Background Thread 3 ] DEBUG Engine               - isGameMenuEnabled: true
13:50:00.700 [FXGL Background Thread 3 ] DEBUG Engine               - isIOS: false
13:50:00.700 [FXGL Background Thread 3 ] DEBUG Engine               - isIntroEnabled: false
13:50:00.700 [FXGL Background Thread 3 ] DEBUG Engine               - isLinux: false
13:50:00.701 [FXGL Background Thread 3 ] DEBUG Engine               - isMac: false
13:50:00.701 [FXGL Background Thread 3 ] DEBUG Engine               - isMainMenuEnabled: false
13:50:00.701 [FXGL Background Thread 3 ] DEBUG Engine               - isManualResizeEnabled: false
13:50:00.701 [FXGL Background Thread 3 ] DEBUG Engine               - isMobile: false
13:50:00.701 [FXGL Background Thread 3 ] DEBUG Engine               - isNative: false
13:50:00.701 [FXGL Background Thread 3 ] DEBUG Engine               - isPauseMusicWhenMinimized: true
13:50:00.701 [FXGL Background Thread 3 ] DEBUG Engine               - isPreserveResizeRatio: false
13:50:00.701 [FXGL Background Thread 3 ] DEBUG Engine               - isProfilingEnabled: false
13:50:00.701 [FXGL Background Thread 3 ] DEBUG Engine               - isScaleAffectedOnResize: true
13:50:00.701 [FXGL Background Thread 3 ] DEBUG Engine               - isSingleStep: false
13:50:00.702 [FXGL Background Thread 3 ] DEBUG Engine               - isUserProfileEnabled: false
13:50:00.702 [FXGL Background Thread 3 ] DEBUG Engine               - isWindows: true
13:50:00.702 [FXGL Background Thread 3 ] DEBUG Engine               - language: ObjectProperty [value: ENGLISH]
13:50:00.702 [FXGL Background Thread 3 ] DEBUG Engine               - menuKey: ESCAPE
13:50:00.702 [FXGL Background Thread 3 ] DEBUG Engine               - mouseSensitivity: 0.2
13:50:00.702 [FXGL Background Thread 3 ] DEBUG Engine               - notificationViewClass: class com.almasb.fxgl.notification.view.XboxNotificationView
13:50:00.702 [FXGL Background Thread 3 ] DEBUG Engine               - pixelsPerMeter: 50.0
13:50:00.702 [FXGL Background Thread 3 ] DEBUG Engine               - platform: WINDOWS
13:50:00.702 [FXGL Background Thread 3 ] DEBUG Engine               - prefHeightProperty: ReadOnlyDoubleProperty [value: 756.0]
13:50:00.702 [FXGL Background Thread 3 ] DEBUG Engine               - prefWidthProperty: ReadOnlyDoubleProperty [value: 1280.0]
13:50:00.702 [FXGL Background Thread 3 ] DEBUG Engine               - profileDir: profiles/
13:50:00.702 [FXGL Background Thread 3 ] DEBUG Engine               - profileName: StringProperty [value: DEFAULT]
13:50:00.702 [FXGL Background Thread 3 ] DEBUG Engine               - randomSeed: -1
13:50:00.703 [FXGL Background Thread 3 ] DEBUG Engine               - runtimeInfo: RuntimeInfo(platform=WINDOWS, version=17.1, build=24.03.2022 17.34)
13:50:00.703 [FXGL Background Thread 3 ] DEBUG Engine               - saveFileExt: sav
13:50:00.703 [FXGL Background Thread 3 ] DEBUG Engine               - scaledHeightProp$fxgl: DoubleProperty [bound, value: 756.0]
13:50:00.703 [FXGL Background Thread 3 ] DEBUG Engine               - scaledWidthProp$fxgl: DoubleProperty [bound, value: 1280.0]
13:50:00.703 [FXGL Background Thread 3 ] DEBUG Engine               - sceneFactory: com.almasb.fxgl.app.scene.SceneFactory@71d12ea4
13:50:00.703 [FXGL Background Thread 3 ] DEBUG Engine               - secondsIn24h: 60
13:50:00.703 [FXGL Background Thread 3 ] DEBUG Engine               - soundMenuBack: menu/back.wav
13:50:00.703 [FXGL Background Thread 3 ] DEBUG Engine               - soundMenuPress: menu/press.wav
13:50:00.703 [FXGL Background Thread 3 ] DEBUG Engine               - soundMenuSelect: menu/select.wav
13:50:00.703 [FXGL Background Thread 3 ] DEBUG Engine               - soundNotification: core/notification.wav
13:50:00.703 [FXGL Background Thread 3 ] DEBUG Engine               - stageStyle: DECORATED
13:50:00.703 [FXGL Background Thread 3 ] DEBUG Engine               - supportedLanguages: [ENGLISH, FRENCH, GERMAN, HUNGARIAN, RUSSIAN]
13:50:00.703 [FXGL Background Thread 3 ] DEBUG Engine               - ticksPerSecond: -1
13:50:00.703 [FXGL Background Thread 3 ] DEBUG Engine               - title: SACRIFICE
13:50:00.703 [FXGL Background Thread 3 ] DEBUG Engine               - urlGithub: https://github.com/AlmasB/FXGL
13:50:00.703 [FXGL Background Thread 3 ] DEBUG Engine               - urlLeaderboard: http://fxgl-top.herokuapp.com/
13:50:00.704 [FXGL Background Thread 3 ] DEBUG Engine               - urlPOM: https://raw.githubusercontent.com/AlmasB/FXGL/release/README.md
13:50:00.704 [FXGL Background Thread 3 ] DEBUG Engine               - userAppClass: class neu.cs.sacrifice.SACRIFICE
13:50:00.704 [FXGL Background Thread 3 ] DEBUG Engine               - version: 0.0
13:50:00.704 [FXGL Background Thread 3 ] DEBUG Engine               - versionCheckDays: 7
13:50:00.704 [FXGL Background Thread 3 ] DEBUG Engine               - width: 1280
13:50:00.704 [FXGL Background Thread 3 ] DEBUG Engine               - Logging services
13:50:00.704 [FXGL Background Thread 3 ] DEBUG Engine               - class com.almasb.fxgl.app.services.FXGLAssetLoaderService
13:50:00.704 [FXGL Background Thread 3 ] DEBUG Engine               - class com.almasb.fxgl.app.FXGLApplication$GameApplicationService
13:50:00.704 [FXGL Background Thread 3 ] DEBUG Engine               - class com.almasb.fxgl.app.services.FXGLDialogService
13:50:00.704 [FXGL Background Thread 3 ] DEBUG Engine               - class com.almasb.fxgl.app.services.IOTaskExecutorService
13:50:00.704 [FXGL Background Thread 3 ] DEBUG Engine               - class com.almasb.fxgl.io.FileSystemService
13:50:00.704 [FXGL Background Thread 3 ] DEBUG Engine               - class com.almasb.fxgl.localization.LocalizationService
13:50:00.704 [FXGL Background Thread 3 ] DEBUG Engine               - class com.almasb.fxgl.app.services.SystemBundleService
13:50:00.704 [FXGL Background Thread 3 ] DEBUG Engine               - class com.almasb.fxgl.profile.SaveLoadService
13:50:00.705 [FXGL Background Thread 3 ] DEBUG Engine               - class com.almasb.fxgl.ui.FXGLUIFactoryServiceProvider
13:50:00.705 [FXGL Background Thread 3 ] DEBUG Engine               - class com.almasb.fxgl.ui.FXGLDialogFactoryServiceProvider
13:50:00.705 [FXGL Background Thread 3 ] DEBUG Engine               - class com.almasb.fxgl.audio.AudioPlayer
13:50:00.705 [FXGL Background Thread 3 ] DEBUG Engine               - class com.almasb.fxgl.notification.impl.NotificationServiceProvider
13:50:00.705 [FXGL Background Thread 3 ] DEBUG Engine               - class com.almasb.fxgl.achievement.AchievementService
13:50:00.705 [FXGL Background Thread 3 ] DEBUG Engine               - class com.almasb.fxgl.cutscene.CutsceneService
13:50:00.705 [FXGL Background Thread 3 ] DEBUG Engine               - class com.almasb.fxgl.minigames.MiniGameService
13:50:00.705 [FXGL Background Thread 3 ] DEBUG Engine               - class com.almasb.fxgl.net.NetService
13:50:00.705 [FXGL Background Thread 3 ] DEBUG Engine               - class com.almasb.fxgl.app.services.UpdaterService
13:50:00.705 [FXGL Background Thread 3 ] DEBUG Engine               - class com.almasb.fxgl.dev.DevService
13:50:07.079 [JavaFX Application Thread] DEBUG FXGLApplication      - Exiting FXGL
13:50:07.080 [JavaFX Application Thread] DEBUG Async                - Shutting down background threads
13:50:07.080 [JavaFX Application Thread] DEBUG PrimaryStageWindow   - Closing main window
13:50:07.097 [JavaFX Application Thread] DEBUG Logger               - Closing Logger
