13:54:00.922 [main                     ] DEBUG Logger               - Configured Logger
13:54:00.994 [main                     ] DEBUG GameApplication      - Logging settings
Title: SACRIFICE
Version: 0.0
Width: 1280
Height: 756
Fullscreen: false
Intro: false
Profiling: false
Single step:false
App Mode: DEVELOPER
Menu Key: ESCAPE
Stage Style: DECORATED
Scene Factory: class com.almasb.fxgl.app.scene.SceneFactory

13:54:01.428 [JavaFX Application Thread] DEBUG FXGLApplication      - Initializing FXGL
13:54:01.445 [JavaFX Application Thread] INFO  Engine               - FXGL-17.1 (24.03.2022 17.34) on WINDOWS (J:17.0.4.1 FX:17.0.2-ea)
13:54:01.445 [JavaFX Application Thread] DEBUG Engine               - JRE Vendor Name: Oracle Corporation
13:54:01.445 [JavaFX Application Thread] DEBUG Engine               - Running on OS: Windows 11 version 10.0
13:54:01.446 [JavaFX Application Thread] DEBUG Engine               - Architecture: amd64
13:54:01.446 [JavaFX Application Thread] INFO  Engine               - Source code and latest versions at: https://github.com/AlmasB/FXGL
13:54:01.446 [JavaFX Application Thread] INFO  Engine               -       Ask questions and discuss at: https://github.com/AlmasB/FXGL/discussions
13:54:01.446 [JavaFX Application Thread] INFO  Engine               -              Join the FXGL chat at: https://gitter.im/AlmasB/FXGL
13:54:01.576 [JavaFX Application Thread] DEBUG PrimaryStageWindow   - Creating a JavaFX scene
13:54:01.627 [JavaFX Application Thread] DEBUG PrimaryStageWindow   - Target settings size: 1280.0 x 756.0
13:54:01.627 [JavaFX Application Thread] DEBUG PrimaryStageWindow   - Scaled scene size:    1280.0 x 756.0
13:54:01.627 [JavaFX Application Thread] DEBUG PrimaryStageWindow   - Scaled ratio: (1.0, 1.0)
13:54:01.628 [JavaFX Application Thread] DEBUG PrimaryStageWindow   - Set initial scene to FXGLStartupScene
13:54:01.640 [JavaFX Application Thread] DEBUG PrimaryStageWindow   - Opening main window
13:54:01.743 [JavaFX Application Thread] DEBUG PrimaryStageWindow   - Window border size: (14.4000244140625, 37.5999755859375)
13:54:01.744 [JavaFX Application Thread] DEBUG PrimaryStageWindow   - Scaled size: 1280.0 x 756.0
13:54:01.744 [JavaFX Application Thread] DEBUG PrimaryStageWindow   - Scaled ratio: (1.0, 1.0)
13:54:01.744 [JavaFX Application Thread] DEBUG PrimaryStageWindow   - Scene size: 1280.0 x 756.0
13:54:01.745 [JavaFX Application Thread] DEBUG PrimaryStageWindow   - Stage size: 1294.4000244140625 x 793.5999755859375
13:54:01.757 [FXGL Background Thread 1 ] DEBUG Engine               - Initializing environment variables
13:54:01.813 [FXGL Background Thread 1 ] DEBUG FXGLAssetLoaderServi - User app class for loading assets: class neu.cs.sacrifice.SACRIFICE
13:54:01.814 [FXGL Background Thread 1 ] DEBUG GameApplicationServi - Applying CSS: fxgl_dark.css
13:54:01.816 [FXGL Background Thread 1 ] DEBUG FXGLAssetLoaderServi - Loading from file system: jar:file:///C:/Users/FPTSHOP/.m2/repository/com/github/almasb/fxgl/17.1/fxgl-17.1.jar!/fxglassets/ui/css/fxgl_dark.css
13:54:01.905 [FXGL Background Thread 1 ] DEBUG GameApplicationServi - Initializing application scenes
13:54:01.950 [FXGL Background Thread 1 ] DEBUG GameWorld            - Game world initialized
13:54:02.082 [FXGL Background Thread 1 ] DEBUG PhysicsWorld         - Physics world initialized: appHeight=756, physics.ppm=50,0
13:54:02.082 [FXGL Background Thread 1 ] DEBUG PhysicsWorld         - Using strategy: BRUTE_FORCE
13:54:02.088 [FXGL Background Thread 1 ] DEBUG GameScene            - Game scene initialized: 1280x756
13:54:02.107 [FXGL Background Thread 1 ] DEBUG FXGL.DefaultMenu     - createMenuBodyGameMenu()
13:54:02.136 [FXGL Background Thread 1 ] DEBUG FXGL.DefaultMenu     - createOptionsMenu()
13:54:02.154 [FXGL Background Thread 1 ] DEBUG FXGLAssetLoaderServi - Loading from file system: jar:file:///C:/Users/FPTSHOP/.m2/repository/com/github/almasb/fxgl/17.1/fxgl-17.1.jar!/fxglassets/textures/particles/smoke.png
13:54:02.324 [FXGL Background Thread 1 ] DEBUG FXGLAssetLoaderServi - Loading from file system: jar:file:///C:/Users/FPTSHOP/.m2/repository/com/github/almasb/fxgl/17.1/fxgl-17.1.jar!/fxglassets/textures/particles/trace_horizontal.png
13:54:02.379 [FXGL Background Thread 1 ] DEBUG GameApplicationServi - Application scenes initialized
13:54:02.399 [FXGL Background Thread 1 ] DEBUG SystemBundleService  - Loading FXGL system data
13:54:02.405 [FXGL Background Thread 1 ] DEBUG FileSystemAccess     - Reading from: D:\Github Clone Repositories\SACRIFICE\SACRIFICE\system\fxgl.bundle
13:54:02.413 [FXGL Background Thread 1 ] DEBUG SystemBundleService  - Bundle FXGL: {}
13:54:02.413 [FXGL Background Thread 1 ] DEBUG UpdaterService       - Checking for updates
13:54:02.420 [FXGL Background Thread 4 ] DEBUG FXGLApplication      - Loading fonts
13:54:02.420 [FXGL Background Thread 1 ] DEBUG FXGLApplication      - Loading default localization
13:54:02.421 [FXGL Background Thread 4 ] DEBUG FXGLAssetLoaderServi - Loading from file system: jar:file:///C:/Users/FPTSHOP/.m2/repository/com/github/almasb/fxgl/17.1/fxgl-17.1.jar!/fxglassets/ui/fonts/VarelaRound-Regular.ttf
13:54:02.421 [FXGL Background Thread 1 ] DEBUG FXGLAssetLoaderServi - Loading from file system: jar:file:///C:/Users/FPTSHOP/.m2/repository/com/github/almasb/fxgl/17.1/fxgl-17.1.jar!/fxglassets/languages/english.lang
13:54:02.445 [FXGL Background Thread 1 ] INFO  FXGLApplication      - FXGL initialization took: 0,687 sec
13:54:02.462 [JavaFX Application Thread] DEBUG Input                - Registered new binding: left - A
13:54:02.463 [JavaFX Application Thread] DEBUG Input                - Registered new binding: right - D
13:54:02.463 [JavaFX Application Thread] DEBUG Input                - Registered new binding: use - X
13:54:02.492 [JavaFX Application Thread] DEBUG FXGLAssetLoaderServi - Loading from file system: file:/D:/Github%20Clone%20Repositories/SACRIFICE/SACRIFICE/target/classes/assets/textures/f1.png
13:54:02.561 [FXGL Background Thread 4 ] DEBUG FXGLAssetLoaderServi - Loading from file system: jar:file:///C:/Users/FPTSHOP/.m2/repository/com/github/almasb/fxgl/17.1/fxgl-17.1.jar!/fxglassets/ui/fonts/Abel-Regular.ttf
13:54:02.574 [FXGL Background Thread 4 ] DEBUG FXGLAssetLoaderServi - Loading from file system: jar:file:///C:/Users/FPTSHOP/.m2/repository/com/github/almasb/fxgl/17.1/fxgl-17.1.jar!/fxglassets/ui/fonts/TerminalLandMono-Regular.otf
13:54:02.591 [FXGL Background Thread 4 ] DEBUG FXGLAssetLoaderServi - Loading from file system: jar:file:///C:/Users/FPTSHOP/.m2/repository/com/github/almasb/fxgl/17.1/fxgl-17.1.jar!/fxglassets/ui/fonts/Courier-Prime.ttf
13:54:02.804 [JavaFX Application Thread] DEBUG FXGLAssetLoaderServi - Loading from file system: file:/D:/Github%20Clone%20Repositories/SACRIFICE/SACRIFICE/target/classes/assets/textures/f2.png
13:54:03.045 [JavaFX Application Thread] DEBUG FXGLAssetLoaderServi - Loading from file system: file:/D:/Github%20Clone%20Repositories/SACRIFICE/SACRIFICE/target/classes/assets/textures/plant.png
13:54:03.057 [JavaFX Application Thread] DEBUG FXGLAssetLoaderServi - Loading from file system: jar:file:///C:/Users/FPTSHOP/.m2/repository/com/github/almasb/fxgl/17.1/fxgl-17.1.jar!/fxglassets/textures/fxgl_icon.png
13:54:03.066 [JavaFX Application Thread] DEBUG FXGLAssetLoaderServi - Loading from file system: jar:file:///C:/Users/FPTSHOP/.m2/repository/com/github/almasb/fxgl/17.1/fxgl-17.1.jar!/fxglassets/textures/fxgl_default_cursor.png
13:54:03.068 [JavaFX Application Thread] DEBUG Input                - Registered new binding: Screenshot - CTRL+8
13:54:03.069 [JavaFX Application Thread] DEBUG Input                - Registered new binding: System info dump - CTRL+9
13:54:03.069 [JavaFX Application Thread] DEBUG Input                - Registered new binding: Restart - CTRL+R
13:54:03.069 [JavaFX Application Thread] DEBUG Input                - Registered new binding: Toggle Debug Camera - CTRL+7
13:54:03.071 [JavaFX Application Thread] DEBUG LoopRunner           - Starting loop
13:54:03.071 [JavaFX Application Thread] DEBUG LoopRunner           - Initializing JavaFX AnimationTimerLoop
13:54:03.072 [JavaFX Application Thread] DEBUG GameApplicationServi - Starting new game
13:54:03.072 [JavaFX Application Thread] DEBUG Input                - Clearing active input actions
13:54:03.089 [JavaFX Application Thread] DEBUG GameApplicationServi - Removing overlay from FXGLStartupScene and adding to FXGLLoadingScene
13:54:03.090 [JavaFX Application Thread] DEBUG PrimaryStageWindow   - FXGLStartupScene -> FXGLLoadingScene
13:54:03.091 [JavaFX Application Thread] DEBUG GameApplicationServi - Clearing previous game
13:54:03.091 [JavaFX Application Thread] DEBUG GameScene            - Clearing game scene
13:54:03.091 [JavaFX Application Thread] DEBUG GameWorld            - Clearing game world
13:54:03.093 [JavaFX Application Thread] DEBUG PhysicsWorld         - Clearing physics world
13:54:03.095 [JavaFX Application Thread] DEBUG FXGLApplication      - Registering font factories with UI factory
13:54:03.095 [FXGL Background Thread 4 ] DEBUG FXGLApplication      - Initializing game
13:54:03.188 [FXGL Background Thread 4 ] INFO  FXGLApplication      - Game initialization took: 0,087 sec
13:54:03.243 [JavaFX Application Thread] DEBUG Input                - Clearing active input actions
13:54:03.257 [JavaFX Application Thread] DEBUG GameApplicationServi - Removing overlay from FXGLLoadingScene and adding to GameScene
13:54:03.257 [JavaFX Application Thread] DEBUG PrimaryStageWindow   - FXGLLoadingScene -> GameScene
13:54:03.399 [FXGL Background Thread 2 ] INFO  UpdaterService       - Your current version:  17.1
13:54:03.400 [FXGL Background Thread 2 ] INFO  UpdaterService       - Latest stable version: 17.3
13:54:05.417 [FXGL Background Thread 3 ] DEBUG Engine               - Logging environment variables
13:54:05.418 [FXGL Background Thread 3 ] DEBUG Engine               - achievements: []
13:54:05.419 [FXGL Background Thread 3 ] DEBUG Engine               - actualHeight: 756.0
13:54:05.419 [FXGL Background Thread 3 ] DEBUG Engine               - actualHeightProperty: ReadOnlyDoubleProperty [value: 756.0]
13:54:05.419 [FXGL Background Thread 3 ] DEBUG Engine               - actualWidth: 1280.0
13:54:05.419 [FXGL Background Thread 3 ] DEBUG Engine               - actualWidthProperty: ReadOnlyDoubleProperty [value: 1280.0]
13:54:05.419 [FXGL Background Thread 3 ] DEBUG Engine               - appIcon: fxgl_icon.png
13:54:05.419 [FXGL Background Thread 3 ] DEBUG Engine               - applicationMode: DEVELOPER
13:54:05.419 [FXGL Background Thread 3 ] DEBUG Engine               - cSSList: [fxgl_dark.css]
13:54:05.419 [FXGL Background Thread 3 ] DEBUG Engine               - collisionDetectionStrategy: BRUTE_FORCE
13:54:05.420 [FXGL Background Thread 3 ] DEBUG Engine               - configClass: Optional.empty
13:54:05.420 [FXGL Background Thread 3 ] DEBUG Engine               - credits: []
13:54:05.420 [FXGL Background Thread 3 ] DEBUG Engine               - defaultCursor: CursorInfo(imageName=fxgl_default_cursor.png, hotspotX=7.0, hotspotY=6.0)
13:54:05.421 [FXGL Background Thread 3 ] DEBUG Engine               - devBBoxColorProperty: ObjectProperty [value: 0xff0000ff]
13:54:05.421 [FXGL Background Thread 3 ] DEBUG Engine               - devEnableDebugCameraProperty: BooleanProperty [value: false]
13:54:05.421 [FXGL Background Thread 3 ] DEBUG Engine               - devSensorColorProperty: ObjectProperty [value: 0xffff00ff]
13:54:05.421 [FXGL Background Thread 3 ] DEBUG Engine               - devShowBBoxProperty: BooleanProperty [value: false]
13:54:05.421 [FXGL Background Thread 3 ] DEBUG Engine               - devShowPositionProperty: BooleanProperty [value: false]
13:54:05.421 [FXGL Background Thread 3 ] DEBUG Engine               - enabledMenuItems: []
13:54:05.421 [FXGL Background Thread 3 ] DEBUG Engine               - engineServices: [class com.almasb.fxgl.app.services.FXGLAssetLoaderService, class com.almasb.fxgl.app.FXGLApplication$GameApplicationService, class com.almasb.fxgl.app.services.FXGLDialogService, class com.almasb.fxgl.app.services.IOTaskExecutorService, class com.almasb.fxgl.io.FileSystemService, class com.almasb.fxgl.localization.LocalizationService, class com.almasb.fxgl.app.services.SystemBundleService, class com.almasb.fxgl.profile.SaveLoadService, class com.almasb.fxgl.ui.FXGLUIFactoryServiceProvider, class com.almasb.fxgl.ui.FXGLDialogFactoryServiceProvider, class com.almasb.fxgl.audio.AudioPlayer, class com.almasb.fxgl.notification.impl.NotificationServiceProvider, class com.almasb.fxgl.achievement.AchievementService, class com.almasb.fxgl.cutscene.CutsceneService, class com.almasb.fxgl.minigames.MiniGameService, class com.almasb.fxgl.net.NetService, class com.almasb.fxgl.app.services.UpdaterService, class com.almasb.fxgl.dev.DevService]
13:54:05.421 [FXGL Background Thread 3 ] DEBUG Engine               - fontGame: Abel-Regular.ttf
13:54:05.421 [FXGL Background Thread 3 ] DEBUG Engine               - fontMono: TerminalLandMono-Regular.otf
13:54:05.421 [FXGL Background Thread 3 ] DEBUG Engine               - fontText: Courier-Prime.ttf
13:54:05.421 [FXGL Background Thread 3 ] DEBUG Engine               - fontUI: VarelaRound-Regular.ttf
13:54:05.421 [FXGL Background Thread 3 ] DEBUG Engine               - fullScreen: BooleanProperty [value: false]
13:54:05.421 [FXGL Background Thread 3 ] DEBUG Engine               - gameDifficulty: MEDIUM
13:54:05.421 [FXGL Background Thread 3 ] DEBUG Engine               - gameDifficultyProperty: ObjectProperty [value: MEDIUM]
13:54:05.421 [FXGL Background Thread 3 ] DEBUG Engine               - globalMusicVolume: 0.5
13:54:05.421 [FXGL Background Thread 3 ] DEBUG Engine               - globalMusicVolumeProperty: DoubleProperty [value: 0.5]
13:54:05.421 [FXGL Background Thread 3 ] DEBUG Engine               - globalSoundVolume: 0.5
13:54:05.421 [FXGL Background Thread 3 ] DEBUG Engine               - globalSoundVolumeProperty: DoubleProperty [value: 0.5]
13:54:05.421 [FXGL Background Thread 3 ] DEBUG Engine               - height: 756
13:54:05.421 [FXGL Background Thread 3 ] DEBUG Engine               - is3D: false
13:54:05.421 [FXGL Background Thread 3 ] DEBUG Engine               - isAndroid: false
13:54:05.421 [FXGL Background Thread 3 ] DEBUG Engine               - isBrowser: false
13:54:05.421 [FXGL Background Thread 3 ] DEBUG Engine               - isClickFeedbackEnabled: false
13:54:05.421 [FXGL Background Thread 3 ] DEBUG Engine               - isCloseConfirmation: false
13:54:05.422 [FXGL Background Thread 3 ] DEBUG Engine               - isDesktop: true
13:54:05.422 [FXGL Background Thread 3 ] DEBUG Engine               - isDeveloperMenuEnabled: false
13:54:05.422 [FXGL Background Thread 3 ] DEBUG Engine               - isEmbedded: false
13:54:05.422 [FXGL Background Thread 3 ] DEBUG Engine               - isEntityPreloadEnabled: true
13:54:05.422 [FXGL Background Thread 3 ] DEBUG Engine               - isExperimentalTiledLargeMap: false
13:54:05.422 [FXGL Background Thread 3 ] DEBUG Engine               - isFileSystemWriteAllowed: true
13:54:05.422 [FXGL Background Thread 3 ] DEBUG Engine               - isFullScreenAllowed: false
13:54:05.422 [FXGL Background Thread 3 ] DEBUG Engine               - isFullScreenFromStart: false
13:54:05.422 [FXGL Background Thread 3 ] DEBUG Engine               - isGameMenuEnabled: true
13:54:05.422 [FXGL Background Thread 3 ] DEBUG Engine               - isIOS: false
13:54:05.422 [FXGL Background Thread 3 ] DEBUG Engine               - isIntroEnabled: false
13:54:05.422 [FXGL Background Thread 3 ] DEBUG Engine               - isLinux: false
13:54:05.423 [FXGL Background Thread 3 ] DEBUG Engine               - isMac: false
13:54:05.423 [FXGL Background Thread 3 ] DEBUG Engine               - isMainMenuEnabled: false
13:54:05.423 [FXGL Background Thread 3 ] DEBUG Engine               - isManualResizeEnabled: false
13:54:05.423 [FXGL Background Thread 3 ] DEBUG Engine               - isMobile: false
13:54:05.423 [FXGL Background Thread 3 ] DEBUG Engine               - isNative: false
13:54:05.423 [FXGL Background Thread 3 ] DEBUG Engine               - isPauseMusicWhenMinimized: true
13:54:05.423 [FXGL Background Thread 3 ] DEBUG Engine               - isPreserveResizeRatio: false
13:54:05.423 [FXGL Background Thread 3 ] DEBUG Engine               - isProfilingEnabled: false
13:54:05.423 [FXGL Background Thread 3 ] DEBUG Engine               - isScaleAffectedOnResize: true
13:54:05.423 [FXGL Background Thread 3 ] DEBUG Engine               - isSingleStep: false
13:54:05.423 [FXGL Background Thread 3 ] DEBUG Engine               - isUserProfileEnabled: false
13:54:05.423 [FXGL Background Thread 3 ] DEBUG Engine               - isWindows: true
13:54:05.423 [FXGL Background Thread 3 ] DEBUG Engine               - language: ObjectProperty [value: ENGLISH]
13:54:05.423 [FXGL Background Thread 3 ] DEBUG Engine               - menuKey: ESCAPE
13:54:05.423 [FXGL Background Thread 3 ] DEBUG Engine               - mouseSensitivity: 0.2
13:54:05.423 [FXGL Background Thread 3 ] DEBUG Engine               - notificationViewClass: class com.almasb.fxgl.notification.view.XboxNotificationView
13:54:05.424 [FXGL Background Thread 3 ] DEBUG Engine               - pixelsPerMeter: 50.0
13:54:05.424 [FXGL Background Thread 3 ] DEBUG Engine               - platform: WINDOWS
13:54:05.424 [FXGL Background Thread 3 ] DEBUG Engine               - prefHeightProperty: ReadOnlyDoubleProperty [value: 756.0]
13:54:05.424 [FXGL Background Thread 3 ] DEBUG Engine               - prefWidthProperty: ReadOnlyDoubleProperty [value: 1280.0]
13:54:05.424 [FXGL Background Thread 3 ] DEBUG Engine               - profileDir: profiles/
13:54:05.424 [FXGL Background Thread 3 ] DEBUG Engine               - profileName: StringProperty [value: DEFAULT]
13:54:05.424 [FXGL Background Thread 3 ] DEBUG Engine               - randomSeed: -1
13:54:05.424 [FXGL Background Thread 3 ] DEBUG Engine               - runtimeInfo: RuntimeInfo(platform=WINDOWS, version=17.1, build=24.03.2022 17.34)
13:54:05.424 [FXGL Background Thread 3 ] DEBUG Engine               - saveFileExt: sav
13:54:05.424 [FXGL Background Thread 3 ] DEBUG Engine               - scaledHeightProp$fxgl: DoubleProperty [bound, value: 756.0]
13:54:05.424 [FXGL Background Thread 3 ] DEBUG Engine               - scaledWidthProp$fxgl: DoubleProperty [bound, value: 1280.0]
13:54:05.424 [FXGL Background Thread 3 ] DEBUG Engine               - sceneFactory: com.almasb.fxgl.app.scene.SceneFactory@69d1155
13:54:05.424 [FXGL Background Thread 3 ] DEBUG Engine               - secondsIn24h: 60
13:54:05.424 [FXGL Background Thread 3 ] DEBUG Engine               - soundMenuBack: menu/back.wav
13:54:05.425 [FXGL Background Thread 3 ] DEBUG Engine               - soundMenuPress: menu/press.wav
13:54:05.425 [FXGL Background Thread 3 ] DEBUG Engine               - soundMenuSelect: menu/select.wav
13:54:05.425 [FXGL Background Thread 3 ] DEBUG Engine               - soundNotification: core/notification.wav
13:54:05.425 [FXGL Background Thread 3 ] DEBUG Engine               - stageStyle: DECORATED
13:54:05.425 [FXGL Background Thread 3 ] DEBUG Engine               - supportedLanguages: [ENGLISH, FRENCH, GERMAN, HUNGARIAN, RUSSIAN]
13:54:05.425 [FXGL Background Thread 3 ] DEBUG Engine               - ticksPerSecond: -1
13:54:05.425 [FXGL Background Thread 3 ] DEBUG Engine               - title: SACRIFICE
13:54:05.425 [FXGL Background Thread 3 ] DEBUG Engine               - urlGithub: https://github.com/AlmasB/FXGL
13:54:05.425 [FXGL Background Thread 3 ] DEBUG Engine               - urlLeaderboard: http://fxgl-top.herokuapp.com/
13:54:05.425 [FXGL Background Thread 3 ] DEBUG Engine               - urlPOM: https://raw.githubusercontent.com/AlmasB/FXGL/release/README.md
13:54:05.425 [FXGL Background Thread 3 ] DEBUG Engine               - userAppClass: class neu.cs.sacrifice.SACRIFICE
13:54:05.425 [FXGL Background Thread 3 ] DEBUG Engine               - version: 0.0
13:54:05.425 [FXGL Background Thread 3 ] DEBUG Engine               - versionCheckDays: 7
13:54:05.425 [FXGL Background Thread 3 ] DEBUG Engine               - width: 1280
13:54:05.425 [FXGL Background Thread 3 ] DEBUG Engine               - Logging services
13:54:05.425 [FXGL Background Thread 3 ] DEBUG Engine               - class com.almasb.fxgl.app.services.FXGLAssetLoaderService
13:54:05.425 [FXGL Background Thread 3 ] DEBUG Engine               - class com.almasb.fxgl.app.FXGLApplication$GameApplicationService
13:54:05.425 [FXGL Background Thread 3 ] DEBUG Engine               - class com.almasb.fxgl.app.services.FXGLDialogService
13:54:05.425 [FXGL Background Thread 3 ] DEBUG Engine               - class com.almasb.fxgl.app.services.IOTaskExecutorService
13:54:05.425 [FXGL Background Thread 3 ] DEBUG Engine               - class com.almasb.fxgl.io.FileSystemService
13:54:05.425 [FXGL Background Thread 3 ] DEBUG Engine               - class com.almasb.fxgl.localization.LocalizationService
13:54:05.425 [FXGL Background Thread 3 ] DEBUG Engine               - class com.almasb.fxgl.app.services.SystemBundleService
13:54:05.426 [FXGL Background Thread 3 ] DEBUG Engine               - class com.almasb.fxgl.profile.SaveLoadService
13:54:05.426 [FXGL Background Thread 3 ] DEBUG Engine               - class com.almasb.fxgl.ui.FXGLUIFactoryServiceProvider
13:54:05.426 [FXGL Background Thread 3 ] DEBUG Engine               - class com.almasb.fxgl.ui.FXGLDialogFactoryServiceProvider
13:54:05.426 [FXGL Background Thread 3 ] DEBUG Engine               - class com.almasb.fxgl.audio.AudioPlayer
13:54:05.426 [FXGL Background Thread 3 ] DEBUG Engine               - class com.almasb.fxgl.notification.impl.NotificationServiceProvider
13:54:05.426 [FXGL Background Thread 3 ] DEBUG Engine               - class com.almasb.fxgl.achievement.AchievementService
13:54:05.426 [FXGL Background Thread 3 ] DEBUG Engine               - class com.almasb.fxgl.cutscene.CutsceneService
13:54:05.426 [FXGL Background Thread 3 ] DEBUG Engine               - class com.almasb.fxgl.minigames.MiniGameService
13:54:05.426 [FXGL Background Thread 3 ] DEBUG Engine               - class com.almasb.fxgl.net.NetService
13:54:05.426 [FXGL Background Thread 3 ] DEBUG Engine               - class com.almasb.fxgl.app.services.UpdaterService
13:54:05.426 [FXGL Background Thread 3 ] DEBUG Engine               - class com.almasb.fxgl.dev.DevService
13:54:17.712 [JavaFX Application Thread] DEBUG FXGLApplication      - Exiting FXGL
13:54:17.712 [JavaFX Application Thread] DEBUG LoopRunner           - Stopping loop
13:54:17.712 [JavaFX Application Thread] DEBUG SystemBundleService  - Saving FXGL system data
13:54:17.714 [JavaFX Application Thread] DEBUG FileSystemAccess     - Writing to: D:\Github Clone Repositories\SACRIFICE\SACRIFICE\system\fxgl.bundle
13:54:17.717 [JavaFX Application Thread] DEBUG Async                - Shutting down background threads
13:54:17.718 [JavaFX Application Thread] DEBUG PrimaryStageWindow   - Closing main window
13:54:17.733 [JavaFX Application Thread] DEBUG Logger               - Closing Logger
