11:56:17.494 [main                     ] DEBUG Logger               - Configured Logger
11:56:17.540 [main                     ] DEBUG GameApplication      - Logging settings
Title: SACRIFICE
Version: 0.0
Width: 1280
Height: 756
Fullscreen: false
Intro: false
Profiling: false
Single step:false
App Mode: DEVELOPER
Menu Key: ESCAPE
Stage Style: DECORATED
Scene Factory: class com.almasb.fxgl.app.scene.SceneFactory

11:56:17.971 [JavaFX Application Thread] DEBUG FXGLApplication      - Initializing FXGL
11:56:17.977 [JavaFX Application Thread] INFO  Engine               - FXGL-17.1 (24.03.2022 17.34) on WINDOWS (J:17.0.4.1 FX:17.0.2-ea)
11:56:17.978 [JavaFX Application Thread] DEBUG Engine               - JRE Vendor Name: Oracle Corporation
11:56:17.978 [JavaFX Application Thread] DEBUG Engine               - Running on OS: Windows 11 version 10.0
11:56:17.978 [JavaFX Application Thread] DEBUG Engine               - Architecture: amd64
11:56:17.978 [JavaFX Application Thread] INFO  Engine               - Source code and latest versions at: https://github.com/AlmasB/FXGL
11:56:17.979 [JavaFX Application Thread] INFO  Engine               -       Ask questions and discuss at: https://github.com/AlmasB/FXGL/discussions
11:56:17.979 [JavaFX Application Thread] INFO  Engine               -              Join the FXGL chat at: https://gitter.im/AlmasB/FXGL
11:56:18.070 [JavaFX Application Thread] DEBUG PrimaryStageWindow   - Creating a JavaFX scene
11:56:18.120 [JavaFX Application Thread] DEBUG PrimaryStageWindow   - Target settings size: 1280.0 x 756.0
11:56:18.121 [JavaFX Application Thread] DEBUG PrimaryStageWindow   - Scaled scene size:    1280.0 x 756.0
11:56:18.121 [JavaFX Application Thread] DEBUG PrimaryStageWindow   - Scaled ratio: (1.0, 1.0)
11:56:18.122 [JavaFX Application Thread] DEBUG PrimaryStageWindow   - Set initial scene to FXGLStartupScene
11:56:18.130 [JavaFX Application Thread] DEBUG PrimaryStageWindow   - Opening main window
11:56:18.241 [JavaFX Application Thread] DEBUG PrimaryStageWindow   - Window border size: (14.4000244140625, 37.5999755859375)
11:56:18.242 [JavaFX Application Thread] DEBUG PrimaryStageWindow   - Scaled size: 1280.0 x 756.0
11:56:18.242 [JavaFX Application Thread] DEBUG PrimaryStageWindow   - Scaled ratio: (1.0, 1.0)
11:56:18.242 [JavaFX Application Thread] DEBUG PrimaryStageWindow   - Scene size: 1280.0 x 756.0
11:56:18.243 [JavaFX Application Thread] DEBUG PrimaryStageWindow   - Stage size: 1294.4000244140625 x 793.5999755859375
11:56:18.255 [FXGL Background Thread 1 ] DEBUG Engine               - Initializing environment variables
11:56:18.315 [FXGL Background Thread 1 ] DEBUG FXGLAssetLoaderServi - User app class for loading assets: class neu.cs.sacrifice.SACRIFICE
11:56:18.316 [FXGL Background Thread 1 ] DEBUG GameApplicationServi - Applying CSS: fxgl_dark.css
11:56:18.316 [FXGL Background Thread 1 ] DEBUG FXGLAssetLoaderServi - Loading from file system: jar:file:///C:/Users/FPTSHOP/.m2/repository/com/github/almasb/fxgl/17.1/fxgl-17.1.jar!/fxglassets/ui/css/fxgl_dark.css
11:56:18.386 [FXGL Background Thread 1 ] DEBUG GameApplicationServi - Initializing application scenes
11:56:18.447 [FXGL Background Thread 1 ] DEBUG GameWorld            - Game world initialized
11:56:18.509 [FXGL Background Thread 1 ] DEBUG PhysicsWorld         - Physics world initialized: appHeight=756, physics.ppm=50,0
11:56:18.510 [FXGL Background Thread 1 ] DEBUG PhysicsWorld         - Using strategy: BRUTE_FORCE
11:56:18.516 [FXGL Background Thread 1 ] DEBUG GameScene            - Game scene initialized: 1280x756
11:56:18.533 [FXGL Background Thread 1 ] DEBUG FXGL.DefaultMenu     - createMenuBodyGameMenu()
11:56:18.549 [FXGL Background Thread 1 ] DEBUG FXGL.DefaultMenu     - createOptionsMenu()
11:56:18.557 [FXGL Background Thread 1 ] DEBUG FXGLAssetLoaderServi - Loading from file system: jar:file:///C:/Users/FPTSHOP/.m2/repository/com/github/almasb/fxgl/17.1/fxgl-17.1.jar!/fxglassets/textures/particles/smoke.png
11:56:18.645 [FXGL Background Thread 1 ] DEBUG FXGLAssetLoaderServi - Loading from file system: jar:file:///C:/Users/FPTSHOP/.m2/repository/com/github/almasb/fxgl/17.1/fxgl-17.1.jar!/fxglassets/textures/particles/trace_horizontal.png
11:56:18.666 [FXGL Background Thread 1 ] DEBUG GameApplicationServi - Application scenes initialized
11:56:18.679 [FXGL Background Thread 1 ] DEBUG SystemBundleService  - Loading FXGL system data
11:56:18.685 [FXGL Background Thread 1 ] DEBUG FileSystemAccess     - Reading from: D:\Github Clone Repositories\SACRIFICE\SACRIFICE\system\fxgl.bundle
11:56:18.693 [FXGL Background Thread 1 ] DEBUG SystemBundleService  - Bundle FXGL: {}
11:56:18.693 [FXGL Background Thread 1 ] DEBUG UpdaterService       - Checking for updates
11:56:18.697 [FXGL Background Thread 4 ] DEBUG FXGLApplication      - Loading fonts
11:56:18.698 [FXGL Background Thread 1 ] DEBUG FXGLApplication      - Loading default localization
11:56:18.698 [FXGL Background Thread 4 ] DEBUG FXGLAssetLoaderServi - Loading from file system: jar:file:///C:/Users/FPTSHOP/.m2/repository/com/github/almasb/fxgl/17.1/fxgl-17.1.jar!/fxglassets/ui/fonts/VarelaRound-Regular.ttf
11:56:18.698 [FXGL Background Thread 1 ] DEBUG FXGLAssetLoaderServi - Loading from file system: jar:file:///C:/Users/FPTSHOP/.m2/repository/com/github/almasb/fxgl/17.1/fxgl-17.1.jar!/fxglassets/languages/english.lang
11:56:18.716 [FXGL Background Thread 1 ] INFO  FXGLApplication      - FXGL initialization took: 0,461 sec
11:56:18.725 [JavaFX Application Thread] DEBUG Input                - Registered new binding: left - A
11:56:18.725 [JavaFX Application Thread] DEBUG Input                - Registered new binding: right - D
11:56:18.729 [JavaFX Application Thread] DEBUG FXGLAssetLoaderServi - Loading from file system: file:/D:/Github%20Clone%20Repositories/SACRIFICE/SACRIFICE/target/classes/assets/textures/f1.png
11:56:18.777 [FXGL Background Thread 4 ] DEBUG FXGLAssetLoaderServi - Loading from file system: jar:file:///C:/Users/FPTSHOP/.m2/repository/com/github/almasb/fxgl/17.1/fxgl-17.1.jar!/fxglassets/ui/fonts/Abel-Regular.ttf
11:56:18.783 [FXGL Background Thread 4 ] DEBUG FXGLAssetLoaderServi - Loading from file system: jar:file:///C:/Users/FPTSHOP/.m2/repository/com/github/almasb/fxgl/17.1/fxgl-17.1.jar!/fxglassets/ui/fonts/TerminalLandMono-Regular.otf
11:56:18.788 [FXGL Background Thread 4 ] DEBUG FXGLAssetLoaderServi - Loading from file system: jar:file:///C:/Users/FPTSHOP/.m2/repository/com/github/almasb/fxgl/17.1/fxgl-17.1.jar!/fxglassets/ui/fonts/Courier-Prime.ttf
11:56:19.044 [JavaFX Application Thread] DEBUG FXGLAssetLoaderServi - Loading from file system: jar:file:///C:/Users/FPTSHOP/.m2/repository/com/github/almasb/fxgl/17.1/fxgl-17.1.jar!/fxglassets/textures/fxgl_icon.png
11:56:19.052 [JavaFX Application Thread] DEBUG FXGLAssetLoaderServi - Loading from file system: jar:file:///C:/Users/FPTSHOP/.m2/repository/com/github/almasb/fxgl/17.1/fxgl-17.1.jar!/fxglassets/textures/fxgl_default_cursor.png
11:56:19.054 [JavaFX Application Thread] DEBUG Input                - Registered new binding: Screenshot - CTRL+8
11:56:19.055 [JavaFX Application Thread] DEBUG Input                - Registered new binding: System info dump - CTRL+9
11:56:19.055 [JavaFX Application Thread] DEBUG Input                - Registered new binding: Restart - CTRL+R
11:56:19.055 [JavaFX Application Thread] DEBUG Input                - Registered new binding: Toggle Debug Camera - CTRL+7
11:56:19.058 [JavaFX Application Thread] DEBUG LoopRunner           - Starting loop
11:56:19.058 [JavaFX Application Thread] DEBUG LoopRunner           - Initializing JavaFX AnimationTimerLoop
11:56:19.059 [JavaFX Application Thread] DEBUG GameApplicationServi - Starting new game
11:56:19.060 [JavaFX Application Thread] DEBUG Input                - Clearing active input actions
11:56:19.089 [JavaFX Application Thread] DEBUG GameApplicationServi - Removing overlay from FXGLStartupScene and adding to FXGLLoadingScene
11:56:19.089 [JavaFX Application Thread] DEBUG PrimaryStageWindow   - FXGLStartupScene -> FXGLLoadingScene
11:56:19.089 [JavaFX Application Thread] DEBUG GameApplicationServi - Clearing previous game
11:56:19.089 [JavaFX Application Thread] DEBUG GameScene            - Clearing game scene
11:56:19.089 [JavaFX Application Thread] DEBUG GameWorld            - Clearing game world
11:56:19.090 [JavaFX Application Thread] DEBUG PhysicsWorld         - Clearing physics world
11:56:19.091 [FXGL Background Thread 4 ] DEBUG FXGLApplication      - Initializing game
11:56:19.148 [FXGL Background Thread 4 ] INFO  FXGLApplication      - Game initialization took: 0,057 sec
11:56:19.219 [JavaFX Application Thread] DEBUG Input                - Clearing active input actions
11:56:19.226 [JavaFX Application Thread] DEBUG GameApplicationServi - Removing overlay from FXGLLoadingScene and adding to GameScene
11:56:19.227 [JavaFX Application Thread] DEBUG PrimaryStageWindow   - FXGLLoadingScene -> GameScene
11:56:19.552 [FXGL Background Thread 2 ] INFO  UpdaterService       - Your current version:  17.1
11:56:19.553 [FXGL Background Thread 2 ] INFO  UpdaterService       - Latest stable version: 17.3
11:56:21.697 [FXGL Background Thread 3 ] DEBUG Engine               - Logging environment variables
11:56:21.698 [FXGL Background Thread 3 ] DEBUG Engine               - achievements: []
11:56:21.699 [FXGL Background Thread 3 ] DEBUG Engine               - actualHeight: 756.0
11:56:21.699 [FXGL Background Thread 3 ] DEBUG Engine               - actualHeightProperty: ReadOnlyDoubleProperty [value: 756.0]
11:56:21.700 [FXGL Background Thread 3 ] DEBUG Engine               - actualWidth: 1280.0
11:56:21.700 [FXGL Background Thread 3 ] DEBUG Engine               - actualWidthProperty: ReadOnlyDoubleProperty [value: 1280.0]
11:56:21.700 [FXGL Background Thread 3 ] DEBUG Engine               - appIcon: fxgl_icon.png
11:56:21.700 [FXGL Background Thread 3 ] DEBUG Engine               - applicationMode: DEVELOPER
11:56:21.700 [FXGL Background Thread 3 ] DEBUG Engine               - cSSList: [fxgl_dark.css]
11:56:21.700 [FXGL Background Thread 3 ] DEBUG Engine               - collisionDetectionStrategy: BRUTE_FORCE
11:56:21.700 [FXGL Background Thread 3 ] DEBUG Engine               - configClass: Optional.empty
11:56:21.701 [FXGL Background Thread 3 ] DEBUG Engine               - credits: []
11:56:21.701 [FXGL Background Thread 3 ] DEBUG Engine               - defaultCursor: CursorInfo(imageName=fxgl_default_cursor.png, hotspotX=7.0, hotspotY=6.0)
11:56:21.701 [FXGL Background Thread 3 ] DEBUG Engine               - devBBoxColorProperty: ObjectProperty [value: 0xff0000ff]
11:56:21.701 [FXGL Background Thread 3 ] DEBUG Engine               - devEnableDebugCameraProperty: BooleanProperty [value: false]
11:56:21.702 [FXGL Background Thread 3 ] DEBUG Engine               - devSensorColorProperty: ObjectProperty [value: 0xffff00ff]
11:56:21.702 [FXGL Background Thread 3 ] DEBUG Engine               - devShowBBoxProperty: BooleanProperty [value: false]
11:56:21.702 [FXGL Background Thread 3 ] DEBUG Engine               - devShowPositionProperty: BooleanProperty [value: false]
11:56:21.702 [FXGL Background Thread 3 ] DEBUG Engine               - enabledMenuItems: []
11:56:21.702 [FXGL Background Thread 3 ] DEBUG Engine               - engineServices: [class com.almasb.fxgl.app.services.FXGLAssetLoaderService, class com.almasb.fxgl.app.FXGLApplication$GameApplicationService, class com.almasb.fxgl.app.services.FXGLDialogService, class com.almasb.fxgl.app.services.IOTaskExecutorService, class com.almasb.fxgl.io.FileSystemService, class com.almasb.fxgl.localization.LocalizationService, class com.almasb.fxgl.app.services.SystemBundleService, class com.almasb.fxgl.profile.SaveLoadService, class com.almasb.fxgl.ui.FXGLUIFactoryServiceProvider, class com.almasb.fxgl.ui.FXGLDialogFactoryServiceProvider, class com.almasb.fxgl.audio.AudioPlayer, class com.almasb.fxgl.notification.impl.NotificationServiceProvider, class com.almasb.fxgl.achievement.AchievementService, class com.almasb.fxgl.cutscene.CutsceneService, class com.almasb.fxgl.minigames.MiniGameService, class com.almasb.fxgl.net.NetService, class com.almasb.fxgl.app.services.UpdaterService, class com.almasb.fxgl.dev.DevService]
11:56:21.702 [FXGL Background Thread 3 ] DEBUG Engine               - fontGame: Abel-Regular.ttf
11:56:21.702 [FXGL Background Thread 3 ] DEBUG Engine               - fontMono: TerminalLandMono-Regular.otf
11:56:21.702 [FXGL Background Thread 3 ] DEBUG Engine               - fontText: Courier-Prime.ttf
11:56:21.703 [FXGL Background Thread 3 ] DEBUG Engine               - fontUI: VarelaRound-Regular.ttf
11:56:21.703 [FXGL Background Thread 3 ] DEBUG Engine               - fullScreen: BooleanProperty [value: false]
11:56:21.703 [FXGL Background Thread 3 ] DEBUG Engine               - gameDifficulty: MEDIUM
11:56:21.703 [FXGL Background Thread 3 ] DEBUG Engine               - gameDifficultyProperty: ObjectProperty [value: MEDIUM]
11:56:21.703 [FXGL Background Thread 3 ] DEBUG Engine               - globalMusicVolume: 0.5
11:56:21.703 [FXGL Background Thread 3 ] DEBUG Engine               - globalMusicVolumeProperty: DoubleProperty [value: 0.5]
11:56:21.703 [FXGL Background Thread 3 ] DEBUG Engine               - globalSoundVolume: 0.5
11:56:21.703 [FXGL Background Thread 3 ] DEBUG Engine               - globalSoundVolumeProperty: DoubleProperty [value: 0.5]
11:56:21.703 [FXGL Background Thread 3 ] DEBUG Engine               - height: 756
11:56:21.704 [FXGL Background Thread 3 ] DEBUG Engine               - is3D: false
11:56:21.704 [FXGL Background Thread 3 ] DEBUG Engine               - isAndroid: false
11:56:21.704 [FXGL Background Thread 3 ] DEBUG Engine               - isBrowser: false
11:56:21.704 [FXGL Background Thread 3 ] DEBUG Engine               - isClickFeedbackEnabled: false
11:56:21.704 [FXGL Background Thread 3 ] DEBUG Engine               - isCloseConfirmation: false
11:56:21.704 [FXGL Background Thread 3 ] DEBUG Engine               - isDesktop: true
11:56:21.704 [FXGL Background Thread 3 ] DEBUG Engine               - isDeveloperMenuEnabled: false
11:56:21.704 [FXGL Background Thread 3 ] DEBUG Engine               - isEmbedded: false
11:56:21.704 [FXGL Background Thread 3 ] DEBUG Engine               - isEntityPreloadEnabled: true
11:56:21.704 [FXGL Background Thread 3 ] DEBUG Engine               - isExperimentalTiledLargeMap: false
11:56:21.704 [FXGL Background Thread 3 ] DEBUG Engine               - isFileSystemWriteAllowed: true
11:56:21.704 [FXGL Background Thread 3 ] DEBUG Engine               - isFullScreenAllowed: false
11:56:21.705 [FXGL Background Thread 3 ] DEBUG Engine               - isFullScreenFromStart: false
11:56:21.705 [FXGL Background Thread 3 ] DEBUG Engine               - isGameMenuEnabled: true
11:56:21.705 [FXGL Background Thread 3 ] DEBUG Engine               - isIOS: false
11:56:21.705 [FXGL Background Thread 3 ] DEBUG Engine               - isIntroEnabled: false
11:56:21.705 [FXGL Background Thread 3 ] DEBUG Engine               - isLinux: false
11:56:21.705 [FXGL Background Thread 3 ] DEBUG Engine               - isMac: false
11:56:21.705 [FXGL Background Thread 3 ] DEBUG Engine               - isMainMenuEnabled: false
11:56:21.705 [FXGL Background Thread 3 ] DEBUG Engine               - isManualResizeEnabled: false
11:56:21.705 [FXGL Background Thread 3 ] DEBUG Engine               - isMobile: false
11:56:21.705 [FXGL Background Thread 3 ] DEBUG Engine               - isNative: false
11:56:21.705 [FXGL Background Thread 3 ] DEBUG Engine               - isPauseMusicWhenMinimized: true
11:56:21.706 [FXGL Background Thread 3 ] DEBUG Engine               - isPreserveResizeRatio: false
11:56:21.706 [FXGL Background Thread 3 ] DEBUG Engine               - isProfilingEnabled: false
11:56:21.706 [FXGL Background Thread 3 ] DEBUG Engine               - isScaleAffectedOnResize: true
11:56:21.706 [FXGL Background Thread 3 ] DEBUG Engine               - isSingleStep: false
11:56:21.706 [FXGL Background Thread 3 ] DEBUG Engine               - isUserProfileEnabled: false
11:56:21.706 [FXGL Background Thread 3 ] DEBUG Engine               - isWindows: true
11:56:21.706 [FXGL Background Thread 3 ] DEBUG Engine               - language: ObjectProperty [value: ENGLISH]
11:56:21.706 [FXGL Background Thread 3 ] DEBUG Engine               - menuKey: ESCAPE
11:56:21.706 [FXGL Background Thread 3 ] DEBUG Engine               - mouseSensitivity: 0.2
11:56:21.706 [FXGL Background Thread 3 ] DEBUG Engine               - notificationViewClass: class com.almasb.fxgl.notification.view.XboxNotificationView
11:56:21.706 [FXGL Background Thread 3 ] DEBUG Engine               - pixelsPerMeter: 50.0
11:56:21.707 [FXGL Background Thread 3 ] DEBUG Engine               - platform: WINDOWS
11:56:21.707 [FXGL Background Thread 3 ] DEBUG Engine               - prefHeightProperty: ReadOnlyDoubleProperty [value: 756.0]
11:56:21.707 [FXGL Background Thread 3 ] DEBUG Engine               - prefWidthProperty: ReadOnlyDoubleProperty [value: 1280.0]
11:56:21.707 [FXGL Background Thread 3 ] DEBUG Engine               - profileDir: profiles/
11:56:21.707 [FXGL Background Thread 3 ] DEBUG Engine               - profileName: StringProperty [value: DEFAULT]
11:56:21.707 [FXGL Background Thread 3 ] DEBUG Engine               - randomSeed: -1
11:56:21.708 [FXGL Background Thread 3 ] DEBUG Engine               - runtimeInfo: RuntimeInfo(platform=WINDOWS, version=17.1, build=24.03.2022 17.34)
11:56:21.708 [FXGL Background Thread 3 ] DEBUG Engine               - saveFileExt: sav
11:56:21.708 [FXGL Background Thread 3 ] DEBUG Engine               - scaledHeightProp$fxgl: DoubleProperty [bound, value: 756.0]
11:56:21.708 [FXGL Background Thread 3 ] DEBUG Engine               - scaledWidthProp$fxgl: DoubleProperty [bound, value: 1280.0]
11:56:21.708 [FXGL Background Thread 3 ] DEBUG Engine               - sceneFactory: com.almasb.fxgl.app.scene.SceneFactory@34a4a332
11:56:21.708 [FXGL Background Thread 3 ] DEBUG Engine               - secondsIn24h: 60
11:56:21.708 [FXGL Background Thread 3 ] DEBUG Engine               - soundMenuBack: menu/back.wav
11:56:21.708 [FXGL Background Thread 3 ] DEBUG Engine               - soundMenuPress: menu/press.wav
11:56:21.708 [FXGL Background Thread 3 ] DEBUG Engine               - soundMenuSelect: menu/select.wav
11:56:21.709 [FXGL Background Thread 3 ] DEBUG Engine               - soundNotification: core/notification.wav
11:56:21.709 [FXGL Background Thread 3 ] DEBUG Engine               - stageStyle: DECORATED
11:56:21.709 [FXGL Background Thread 3 ] DEBUG Engine               - supportedLanguages: [ENGLISH, FRENCH, GERMAN, HUNGARIAN, RUSSIAN]
11:56:21.709 [FXGL Background Thread 3 ] DEBUG Engine               - ticksPerSecond: -1
11:56:21.709 [FXGL Background Thread 3 ] DEBUG Engine               - title: SACRIFICE
11:56:21.709 [FXGL Background Thread 3 ] DEBUG Engine               - urlGithub: https://github.com/AlmasB/FXGL
11:56:21.709 [FXGL Background Thread 3 ] DEBUG Engine               - urlLeaderboard: http://fxgl-top.herokuapp.com/
11:56:21.709 [FXGL Background Thread 3 ] DEBUG Engine               - urlPOM: https://raw.githubusercontent.com/AlmasB/FXGL/release/README.md
11:56:21.709 [FXGL Background Thread 3 ] DEBUG Engine               - userAppClass: class neu.cs.sacrifice.SACRIFICE
11:56:21.709 [FXGL Background Thread 3 ] DEBUG Engine               - version: 0.0
11:56:21.709 [FXGL Background Thread 3 ] DEBUG Engine               - versionCheckDays: 7
11:56:21.709 [FXGL Background Thread 3 ] DEBUG Engine               - width: 1280
11:56:21.709 [FXGL Background Thread 3 ] DEBUG Engine               - Logging services
11:56:21.709 [FXGL Background Thread 3 ] DEBUG Engine               - class com.almasb.fxgl.app.services.FXGLAssetLoaderService
11:56:21.711 [FXGL Background Thread 3 ] DEBUG Engine               - class com.almasb.fxgl.app.FXGLApplication$GameApplicationService
11:56:21.711 [FXGL Background Thread 3 ] DEBUG Engine               - class com.almasb.fxgl.app.services.FXGLDialogService
11:56:21.711 [FXGL Background Thread 3 ] DEBUG Engine               - class com.almasb.fxgl.app.services.IOTaskExecutorService
11:56:21.711 [FXGL Background Thread 3 ] DEBUG Engine               - class com.almasb.fxgl.io.FileSystemService
11:56:21.711 [FXGL Background Thread 3 ] DEBUG Engine               - class com.almasb.fxgl.localization.LocalizationService
11:56:21.711 [FXGL Background Thread 3 ] DEBUG Engine               - class com.almasb.fxgl.app.services.SystemBundleService
11:56:21.711 [FXGL Background Thread 3 ] DEBUG Engine               - class com.almasb.fxgl.profile.SaveLoadService
11:56:21.711 [FXGL Background Thread 3 ] DEBUG Engine               - class com.almasb.fxgl.ui.FXGLUIFactoryServiceProvider
11:56:21.711 [FXGL Background Thread 3 ] DEBUG Engine               - class com.almasb.fxgl.ui.FXGLDialogFactoryServiceProvider
11:56:21.711 [FXGL Background Thread 3 ] DEBUG Engine               - class com.almasb.fxgl.audio.AudioPlayer
11:56:21.711 [FXGL Background Thread 3 ] DEBUG Engine               - class com.almasb.fxgl.notification.impl.NotificationServiceProvider
11:56:21.711 [FXGL Background Thread 3 ] DEBUG Engine               - class com.almasb.fxgl.achievement.AchievementService
11:56:21.711 [FXGL Background Thread 3 ] DEBUG Engine               - class com.almasb.fxgl.cutscene.CutsceneService
11:56:21.711 [FXGL Background Thread 3 ] DEBUG Engine               - class com.almasb.fxgl.minigames.MiniGameService
11:56:21.711 [FXGL Background Thread 3 ] DEBUG Engine               - class com.almasb.fxgl.net.NetService
11:56:21.712 [FXGL Background Thread 3 ] DEBUG Engine               - class com.almasb.fxgl.app.services.UpdaterService
11:56:21.712 [FXGL Background Thread 3 ] DEBUG Engine               - class com.almasb.fxgl.dev.DevService
11:56:46.232 [JavaFX Application Thread] DEBUG FXGLApplication      - Exiting FXGL
11:56:46.232 [JavaFX Application Thread] DEBUG LoopRunner           - Stopping loop
11:56:46.232 [JavaFX Application Thread] DEBUG SystemBundleService  - Saving FXGL system data
11:56:46.235 [JavaFX Application Thread] DEBUG FileSystemAccess     - Writing to: D:\Github Clone Repositories\SACRIFICE\SACRIFICE\system\fxgl.bundle
11:56:46.237 [JavaFX Application Thread] DEBUG Async                - Shutting down background threads
11:56:46.237 [JavaFX Application Thread] DEBUG PrimaryStageWindow   - Closing main window
11:56:46.264 [JavaFX Application Thread] DEBUG Logger               - Closing Logger
