14:08:33.268 [main                     ] DEBUG Logger               - Configured Logger
14:08:33.311 [main                     ] DEBUG GameApplication      - Logging settings
Title: SACRIFICE
Version: 0.0
Width: 1280
Height: 756
Fullscreen: false
Intro: false
Profiling: false
Single step:false
App Mode: DEVELOPER
Menu Key: ESCAPE
Stage Style: DECORATED
Scene Factory: class com.almasb.fxgl.app.scene.SceneFactory

14:08:33.834 [JavaFX Application Thread] DEBUG FXGLApplication      - Initializing FXGL
14:08:33.844 [JavaFX Application Thread] INFO  Engine               - FXGL-17.1 (24.03.2022 17.34) on WINDOWS (J:17.0.4.1 FX:17.0.2-ea)
14:08:33.845 [JavaFX Application Thread] DEBUG Engine               - JRE Vendor Name: Oracle Corporation
14:08:33.845 [JavaFX Application Thread] DEBUG Engine               - Running on OS: Windows 11 version 10.0
14:08:33.845 [JavaFX Application Thread] DEBUG Engine               - Architecture: amd64
14:08:33.845 [JavaFX Application Thread] INFO  Engine               - Source code and latest versions at: https://github.com/AlmasB/FXGL
14:08:33.845 [JavaFX Application Thread] INFO  Engine               -       Ask questions and discuss at: https://github.com/AlmasB/FXGL/discussions
14:08:33.847 [JavaFX Application Thread] INFO  Engine               -              Join the FXGL chat at: https://gitter.im/AlmasB/FXGL
14:08:33.994 [JavaFX Application Thread] DEBUG PrimaryStageWindow   - Creating a JavaFX scene
14:08:34.061 [JavaFX Application Thread] DEBUG PrimaryStageWindow   - Target settings size: 1280.0 x 756.0
14:08:34.061 [JavaFX Application Thread] DEBUG PrimaryStageWindow   - Scaled scene size:    1280.0 x 756.0
14:08:34.061 [JavaFX Application Thread] DEBUG PrimaryStageWindow   - Scaled ratio: (1.0, 1.0)
14:08:34.063 [JavaFX Application Thread] DEBUG PrimaryStageWindow   - Set initial scene to FXGLStartupScene
14:08:34.075 [JavaFX Application Thread] DEBUG PrimaryStageWindow   - Opening main window
14:08:34.169 [JavaFX Application Thread] DEBUG PrimaryStageWindow   - Window border size: (16.0, 39.0)
14:08:34.169 [JavaFX Application Thread] DEBUG PrimaryStageWindow   - Scaled size: 1280.0 x 756.0
14:08:34.170 [JavaFX Application Thread] DEBUG PrimaryStageWindow   - Scaled ratio: (1.0, 1.0)
14:08:34.170 [JavaFX Application Thread] DEBUG PrimaryStageWindow   - Scene size: 1280.0 x 756.0
14:08:34.170 [JavaFX Application Thread] DEBUG PrimaryStageWindow   - Stage size: 1296.0 x 795.0
14:08:34.180 [FXGL Background Thread 1 ] DEBUG Engine               - Initializing environment variables
14:08:34.223 [FXGL Background Thread 1 ] DEBUG FXGLAssetLoaderServi - User app class for loading assets: class neu.cs.sacrifice.SACRIFICE
14:08:34.224 [FXGL Background Thread 1 ] DEBUG GameApplicationServi - Applying CSS: fxgl_dark.css
14:08:34.225 [FXGL Background Thread 1 ] DEBUG FXGLAssetLoaderServi - Loading from file system: jar:file:///C:/Users/FPTSHOP/.m2/repository/com/github/almasb/fxgl/17.1/fxgl-17.1.jar!/fxglassets/ui/css/fxgl_dark.css
14:08:34.284 [FXGL Background Thread 1 ] DEBUG GameApplicationServi - Initializing application scenes
14:08:34.323 [FXGL Background Thread 1 ] DEBUG GameWorld            - Game world initialized
14:08:34.374 [FXGL Background Thread 1 ] DEBUG PhysicsWorld         - Physics world initialized: appHeight=756, physics.ppm=50.0
14:08:34.375 [FXGL Background Thread 1 ] DEBUG PhysicsWorld         - Using strategy: BRUTE_FORCE
14:08:34.382 [FXGL Background Thread 1 ] DEBUG GameScene            - Game scene initialized: 1280x756
14:08:34.401 [FXGL Background Thread 1 ] DEBUG FXGL.DefaultMenu     - createMenuBodyGameMenu()
14:08:34.423 [FXGL Background Thread 1 ] DEBUG FXGL.DefaultMenu     - createOptionsMenu()
14:08:34.441 [FXGL Background Thread 1 ] DEBUG FXGLAssetLoaderServi - Loading from file system: jar:file:///C:/Users/FPTSHOP/.m2/repository/com/github/almasb/fxgl/17.1/fxgl-17.1.jar!/fxglassets/textures/particles/smoke.png
14:08:34.564 [FXGL Background Thread 1 ] DEBUG FXGLAssetLoaderServi - Loading from file system: jar:file:///C:/Users/FPTSHOP/.m2/repository/com/github/almasb/fxgl/17.1/fxgl-17.1.jar!/fxglassets/textures/particles/trace_horizontal.png
14:08:34.596 [FXGL Background Thread 1 ] DEBUG GameApplicationServi - Application scenes initialized
14:08:34.608 [FXGL Background Thread 1 ] DEBUG SystemBundleService  - Loading FXGL system data
14:08:34.615 [FXGL Background Thread 1 ] DEBUG FileSystemAccess     - Reading from: D:\Github Clone Repositories\SACRIFICE\SACRIFICE\system\fxgl.bundle
14:08:34.622 [FXGL Background Thread 1 ] DEBUG SystemBundleService  - Bundle FXGL: {}
14:08:34.622 [FXGL Background Thread 1 ] DEBUG UpdaterService       - Checking for updates
14:08:34.625 [FXGL Background Thread 4 ] DEBUG FXGLApplication      - Loading fonts
14:08:34.626 [FXGL Background Thread 4 ] DEBUG FXGLAssetLoaderServi - Loading from file system: jar:file:///C:/Users/FPTSHOP/.m2/repository/com/github/almasb/fxgl/17.1/fxgl-17.1.jar!/fxglassets/ui/fonts/VarelaRound-Regular.ttf
14:08:34.626 [FXGL Background Thread 1 ] DEBUG FXGLApplication      - Loading default localization
14:08:34.627 [FXGL Background Thread 1 ] DEBUG FXGLAssetLoaderServi - Loading from file system: jar:file:///C:/Users/FPTSHOP/.m2/repository/com/github/almasb/fxgl/17.1/fxgl-17.1.jar!/fxglassets/languages/english.lang
14:08:34.649 [FXGL Background Thread 1 ] INFO  FXGLApplication      - FXGL initialization took: 0.468 sec
14:08:34.660 [JavaFX Application Thread] DEBUG Input                - Registered new binding: left - A
14:08:34.661 [JavaFX Application Thread] DEBUG Input                - Registered new binding: right - D
14:08:34.661 [JavaFX Application Thread] DEBUG Input                - Registered new binding: use - X
14:08:34.677 [JavaFX Application Thread] DEBUG FXGLAssetLoaderServi - Loading from file system: jar:file:///C:/Users/FPTSHOP/.m2/repository/com/github/almasb/fxgl/17.1/fxgl-17.1.jar!/fxglassets/textures/fxgl_icon.png
14:08:34.700 [JavaFX Application Thread] DEBUG FXGLAssetLoaderServi - Loading from file system: jar:file:///C:/Users/FPTSHOP/.m2/repository/com/github/almasb/fxgl/17.1/fxgl-17.1.jar!/fxglassets/textures/fxgl_default_cursor.png
14:08:34.704 [JavaFX Application Thread] DEBUG Input                - Registered new binding: Screenshot - CTRL+8
14:08:34.704 [FXGL Background Thread 4 ] DEBUG FXGLAssetLoaderServi - Loading from file system: jar:file:///C:/Users/FPTSHOP/.m2/repository/com/github/almasb/fxgl/17.1/fxgl-17.1.jar!/fxglassets/ui/fonts/Abel-Regular.ttf
14:08:34.704 [JavaFX Application Thread] DEBUG Input                - Registered new binding: System info dump - CTRL+9
14:08:34.705 [JavaFX Application Thread] DEBUG Input                - Registered new binding: Restart - CTRL+R
14:08:34.706 [JavaFX Application Thread] DEBUG Input                - Registered new binding: Toggle Debug Camera - CTRL+7
14:08:34.708 [JavaFX Application Thread] DEBUG LoopRunner           - Starting loop
14:08:34.708 [JavaFX Application Thread] DEBUG LoopRunner           - Initializing JavaFX AnimationTimerLoop
14:08:34.710 [JavaFX Application Thread] DEBUG GameApplicationServi - Starting new game
14:08:34.710 [FXGL Background Thread 4 ] DEBUG FXGLAssetLoaderServi - Loading from file system: jar:file:///C:/Users/FPTSHOP/.m2/repository/com/github/almasb/fxgl/17.1/fxgl-17.1.jar!/fxglassets/ui/fonts/TerminalLandMono-Regular.otf
14:08:34.710 [JavaFX Application Thread] DEBUG Input                - Clearing active input actions
14:08:34.717 [FXGL Background Thread 4 ] DEBUG FXGLAssetLoaderServi - Loading from file system: jar:file:///C:/Users/FPTSHOP/.m2/repository/com/github/almasb/fxgl/17.1/fxgl-17.1.jar!/fxglassets/ui/fonts/Courier-Prime.ttf
14:08:34.725 [JavaFX Application Thread] DEBUG GameApplicationServi - Removing overlay from FXGLStartupScene and adding to FXGLLoadingScene
14:08:34.726 [JavaFX Application Thread] DEBUG PrimaryStageWindow   - FXGLStartupScene -> FXGLLoadingScene
14:08:34.726 [JavaFX Application Thread] DEBUG GameApplicationServi - Clearing previous game
14:08:34.726 [JavaFX Application Thread] DEBUG GameScene            - Clearing game scene
14:08:34.726 [JavaFX Application Thread] DEBUG GameWorld            - Clearing game world
14:08:34.727 [JavaFX Application Thread] DEBUG PhysicsWorld         - Clearing physics world
14:08:34.729 [JavaFX Application Thread] DEBUG FXGLApplication      - Registering font factories with UI factory
14:08:34.729 [FXGL Background Thread 4 ] DEBUG FXGLApplication      - Initializing game
14:08:34.862 [FXGL Background Thread 4 ] INFO  FXGLApplication      - Game initialization took: 0.133 sec
14:08:34.950 [JavaFX Application Thread] DEBUG Input                - Clearing active input actions
14:08:34.964 [JavaFX Application Thread] DEBUG GameApplicationServi - Removing overlay from FXGLLoadingScene and adding to GameScene
14:08:34.965 [JavaFX Application Thread] DEBUG PrimaryStageWindow   - FXGLLoadingScene -> GameScene
14:08:35.843 [FXGL Background Thread 2 ] INFO  UpdaterService       - Your current version:  17.1
14:08:35.844 [FXGL Background Thread 2 ] INFO  UpdaterService       - Latest stable version: 17.3
14:08:35.960 [JavaFX Application Thread] DEBUG FXGLApplication      - Exiting FXGL
14:08:35.960 [JavaFX Application Thread] DEBUG LoopRunner           - Stopping loop
14:08:35.960 [JavaFX Application Thread] DEBUG SystemBundleService  - Saving FXGL system data
14:08:35.963 [JavaFX Application Thread] DEBUG FileSystemAccess     - Writing to: D:\Github Clone Repositories\SACRIFICE\SACRIFICE\system\fxgl.bundle
14:08:35.966 [JavaFX Application Thread] DEBUG Async                - Shutting down background threads
14:08:35.966 [JavaFX Application Thread] DEBUG PrimaryStageWindow   - Closing main window
14:08:35.976 [JavaFX Application Thread] DEBUG Logger               - Closing Logger
