17:04:23.165 [main                     ] DEBUG Logger               - Configured Logger
17:04:23.218 [main                     ] DEBUG GameApplication      - Logging settings
Title: SACRIFICE
Version: 0.0
Width: 1280
Height: 756
Fullscreen: false
Intro: false
Profiling: false
Single step:false
App Mode: DEVELOPER
Menu Key: ESCAPE
Stage Style: DECORATED
Scene Factory: class com.almasb.fxgl.app.scene.SceneFactory

17:04:23.819 [JavaFX Application Thread] DEBUG FXGLApplication      - Initializing FXGL
17:04:23.830 [JavaFX Application Thread] INFO  Engine               - FXGL-17.1 (24.03.2022 17.34) on WINDOWS (J:17.0.4.1 FX:17.0.2-ea)
17:04:23.830 [JavaFX Application Thread] DEBUG Engine               - JRE Vendor Name: Oracle Corporation
17:04:23.831 [JavaFX Application Thread] DEBUG Engine               - Running on OS: Windows 11 version 10.0
17:04:23.831 [JavaFX Application Thread] DEBUG Engine               - Architecture: amd64
17:04:23.831 [JavaFX Application Thread] INFO  Engine               - Source code and latest versions at: https://github.com/AlmasB/FXGL
17:04:23.831 [JavaFX Application Thread] INFO  Engine               -       Ask questions and discuss at: https://github.com/AlmasB/FXGL/discussions
17:04:23.831 [JavaFX Application Thread] INFO  Engine               -              Join the FXGL chat at: https://gitter.im/AlmasB/FXGL
17:04:23.990 [JavaFX Application Thread] DEBUG PrimaryStageWindow   - Creating a JavaFX scene
17:04:24.073 [JavaFX Application Thread] DEBUG PrimaryStageWindow   - Target settings size: 1280.0 x 756.0
17:04:24.073 [JavaFX Application Thread] DEBUG PrimaryStageWindow   - Scaled scene size:    1280.0 x 756.0
17:04:24.073 [JavaFX Application Thread] DEBUG PrimaryStageWindow   - Scaled ratio: (1.0, 1.0)
17:04:24.075 [JavaFX Application Thread] DEBUG PrimaryStageWindow   - Set initial scene to FXGLStartupScene
17:04:24.087 [JavaFX Application Thread] DEBUG PrimaryStageWindow   - Opening main window
17:04:24.213 [JavaFX Application Thread] DEBUG PrimaryStageWindow   - Window border size: (14.4000244140625, 37.5999755859375)
17:04:24.213 [JavaFX Application Thread] DEBUG PrimaryStageWindow   - Scaled size: 1280.0 x 756.0
17:04:24.213 [JavaFX Application Thread] DEBUG PrimaryStageWindow   - Scaled ratio: (1.0, 1.0)
17:04:24.214 [JavaFX Application Thread] DEBUG PrimaryStageWindow   - Scene size: 1280.0 x 756.0
17:04:24.214 [JavaFX Application Thread] DEBUG PrimaryStageWindow   - Stage size: 1294.4000244140625 x 793.5999755859375
17:04:24.229 [FXGL Background Thread 1 ] DEBUG Engine               - Initializing environment variables
17:04:24.285 [FXGL Background Thread 1 ] DEBUG FXGLAssetLoaderServi - User app class for loading assets: class neu.cs.sacrifice.SACRIFICE
17:04:24.285 [FXGL Background Thread 1 ] DEBUG GameApplicationServi - Applying CSS: fxgl_dark.css
17:04:24.288 [FXGL Background Thread 1 ] DEBUG FXGLAssetLoaderServi - Loading from file system: jar:file:///C:/Users/FPTSHOP/.m2/repository/com/github/almasb/fxgl/17.1/fxgl-17.1.jar!/fxglassets/ui/css/fxgl_dark.css
17:04:24.371 [FXGL Background Thread 1 ] DEBUG GameApplicationServi - Initializing application scenes
17:04:24.497 [FXGL Background Thread 1 ] DEBUG GameWorld            - Game world initialized
17:04:24.615 [FXGL Background Thread 1 ] DEBUG PhysicsWorld         - Physics world initialized: appHeight=756, physics.ppm=50,0
17:04:24.615 [FXGL Background Thread 1 ] DEBUG PhysicsWorld         - Using strategy: BRUTE_FORCE
17:04:24.622 [FXGL Background Thread 1 ] DEBUG GameScene            - Game scene initialized: 1280x756
17:04:24.648 [FXGL Background Thread 1 ] DEBUG FXGL.DefaultMenu     - createMenuBodyGameMenu()
17:04:24.672 [FXGL Background Thread 1 ] DEBUG FXGL.DefaultMenu     - createOptionsMenu()
17:04:24.695 [FXGL Background Thread 1 ] DEBUG FXGLAssetLoaderServi - Loading from file system: jar:file:///C:/Users/FPTSHOP/.m2/repository/com/github/almasb/fxgl/17.1/fxgl-17.1.jar!/fxglassets/textures/particles/smoke.png
17:04:24.943 [FXGL Background Thread 1 ] DEBUG FXGLAssetLoaderServi - Loading from file system: jar:file:///C:/Users/FPTSHOP/.m2/repository/com/github/almasb/fxgl/17.1/fxgl-17.1.jar!/fxglassets/textures/particles/trace_horizontal.png
17:04:24.998 [FXGL Background Thread 1 ] DEBUG GameApplicationServi - Application scenes initialized
17:04:25.016 [FXGL Background Thread 1 ] DEBUG SystemBundleService  - Loading FXGL system data
17:04:25.030 [FXGL Background Thread 1 ] DEBUG FileSystemAccess     - Reading from: D:\Github Clone Repositories\SACRIFICE\SACRIFICE\system\fxgl.bundle
17:04:25.046 [FXGL Background Thread 1 ] DEBUG SystemBundleService  - Bundle FXGL: {}
17:04:25.046 [FXGL Background Thread 1 ] DEBUG UpdaterService       - Checking for updates
17:04:25.061 [FXGL Background Thread 1 ] DEBUG FXGLApplication      - Loading default localization
17:04:25.063 [FXGL Background Thread 1 ] DEBUG FXGLAssetLoaderServi - Loading from file system: jar:file:///C:/Users/FPTSHOP/.m2/repository/com/github/almasb/fxgl/17.1/fxgl-17.1.jar!/fxglassets/languages/english.lang
17:04:25.085 [FXGL Background Thread 4 ] DEBUG FXGLApplication      - Loading fonts
17:04:25.086 [FXGL Background Thread 4 ] DEBUG FXGLAssetLoaderServi - Loading from file system: jar:file:///C:/Users/FPTSHOP/.m2/repository/com/github/almasb/fxgl/17.1/fxgl-17.1.jar!/fxglassets/ui/fonts/VarelaRound-Regular.ttf
17:04:25.109 [FXGL Background Thread 1 ] INFO  FXGLApplication      - FXGL initialization took: 0,880 sec
17:04:25.125 [JavaFX Application Thread] DEBUG Input                - Registered new binding: left - A
17:04:25.125 [JavaFX Application Thread] DEBUG Input                - Registered new binding: right - D
17:04:25.125 [JavaFX Application Thread] DEBUG Input                - Registered new binding: use - X
17:04:25.164 [JavaFX Application Thread] DEBUG FXGLAssetLoaderServi - Loading from file system: file:/D:/Github%20Clone%20Repositories/SACRIFICE/SACRIFICE/target/classes/assets/textures/f1.png
17:04:25.316 [FXGL Background Thread 4 ] DEBUG FXGLAssetLoaderServi - Loading from file system: jar:file:///C:/Users/FPTSHOP/.m2/repository/com/github/almasb/fxgl/17.1/fxgl-17.1.jar!/fxglassets/ui/fonts/Abel-Regular.ttf
17:04:25.334 [FXGL Background Thread 4 ] DEBUG FXGLAssetLoaderServi - Loading from file system: jar:file:///C:/Users/FPTSHOP/.m2/repository/com/github/almasb/fxgl/17.1/fxgl-17.1.jar!/fxglassets/ui/fonts/TerminalLandMono-Regular.otf
17:04:25.341 [FXGL Background Thread 4 ] DEBUG FXGLAssetLoaderServi - Loading from file system: jar:file:///C:/Users/FPTSHOP/.m2/repository/com/github/almasb/fxgl/17.1/fxgl-17.1.jar!/fxglassets/ui/fonts/Courier-Prime.ttf
17:04:25.485 [JavaFX Application Thread] DEBUG FXGLAssetLoaderServi - Loading from file system: file:/D:/Github%20Clone%20Repositories/SACRIFICE/SACRIFICE/target/classes/assets/textures/f2.png
17:04:25.827 [JavaFX Application Thread] DEBUG FXGLAssetLoaderServi - Loading from file system: jar:file:///C:/Users/FPTSHOP/.m2/repository/com/github/almasb/fxgl/17.1/fxgl-17.1.jar!/fxglassets/textures/fxgl_icon.png
17:04:25.843 [JavaFX Application Thread] DEBUG FXGLAssetLoaderServi - Loading from file system: jar:file:///C:/Users/FPTSHOP/.m2/repository/com/github/almasb/fxgl/17.1/fxgl-17.1.jar!/fxglassets/textures/fxgl_default_cursor.png
17:04:25.845 [JavaFX Application Thread] DEBUG Input                - Registered new binding: Screenshot - CTRL+8
17:04:25.845 [JavaFX Application Thread] DEBUG Input                - Registered new binding: System info dump - CTRL+9
17:04:25.846 [JavaFX Application Thread] DEBUG Input                - Registered new binding: Restart - CTRL+R
17:04:25.847 [JavaFX Application Thread] DEBUG Input                - Registered new binding: Toggle Debug Camera - CTRL+7
17:04:25.849 [JavaFX Application Thread] DEBUG LoopRunner           - Starting loop
17:04:25.850 [JavaFX Application Thread] DEBUG LoopRunner           - Initializing JavaFX AnimationTimerLoop
17:04:25.851 [JavaFX Application Thread] DEBUG GameApplicationServi - Starting new game
17:04:25.852 [JavaFX Application Thread] DEBUG Input                - Clearing active input actions
17:04:25.866 [JavaFX Application Thread] DEBUG GameApplicationServi - Removing overlay from FXGLStartupScene and adding to FXGLLoadingScene
17:04:25.867 [JavaFX Application Thread] DEBUG PrimaryStageWindow   - FXGLStartupScene -> FXGLLoadingScene
17:04:25.867 [JavaFX Application Thread] DEBUG GameApplicationServi - Clearing previous game
17:04:25.867 [JavaFX Application Thread] DEBUG GameScene            - Clearing game scene
17:04:25.867 [JavaFX Application Thread] DEBUG GameWorld            - Clearing game world
17:04:25.867 [JavaFX Application Thread] DEBUG PhysicsWorld         - Clearing physics world
17:04:25.869 [FXGL Background Thread 4 ] DEBUG FXGLApplication      - Initializing game
17:04:25.886 [JavaFX Application Thread] DEBUG FXGLApplication      - Registering font factories with UI factory
17:04:26.052 [FXGL Background Thread 4 ] INFO  FXGLApplication      - Game initialization took: 0,182 sec
17:04:26.121 [JavaFX Application Thread] DEBUG Input                - Clearing active input actions
17:04:26.135 [JavaFX Application Thread] DEBUG GameApplicationServi - Removing overlay from FXGLLoadingScene and adding to GameScene
17:04:26.136 [JavaFX Application Thread] DEBUG PrimaryStageWindow   - FXGLLoadingScene -> GameScene
17:04:26.316 [FXGL Background Thread 2 ] INFO  UpdaterService       - Your current version:  17.1
17:04:26.317 [FXGL Background Thread 2 ] INFO  UpdaterService       - Latest stable version: 17.3
17:04:28.059 [FXGL Background Thread 3 ] DEBUG Engine               - Logging environment variables
17:04:28.060 [FXGL Background Thread 3 ] DEBUG Engine               - achievements: []
17:04:28.060 [FXGL Background Thread 3 ] DEBUG Engine               - actualHeight: 756.0
17:04:28.061 [FXGL Background Thread 3 ] DEBUG Engine               - actualHeightProperty: ReadOnlyDoubleProperty [value: 756.0]
17:04:28.061 [FXGL Background Thread 3 ] DEBUG Engine               - actualWidth: 1280.0
17:04:28.061 [FXGL Background Thread 3 ] DEBUG Engine               - actualWidthProperty: ReadOnlyDoubleProperty [value: 1280.0]
17:04:28.061 [FXGL Background Thread 3 ] DEBUG Engine               - appIcon: fxgl_icon.png
17:04:28.061 [FXGL Background Thread 3 ] DEBUG Engine               - applicationMode: DEVELOPER
17:04:28.061 [FXGL Background Thread 3 ] DEBUG Engine               - cSSList: [fxgl_dark.css]
17:04:28.061 [FXGL Background Thread 3 ] DEBUG Engine               - collisionDetectionStrategy: BRUTE_FORCE
17:04:28.061 [FXGL Background Thread 3 ] DEBUG Engine               - configClass: Optional.empty
17:04:28.061 [FXGL Background Thread 3 ] DEBUG Engine               - credits: []
17:04:28.062 [FXGL Background Thread 3 ] DEBUG Engine               - defaultCursor: CursorInfo(imageName=fxgl_default_cursor.png, hotspotX=7.0, hotspotY=6.0)
17:04:28.062 [FXGL Background Thread 3 ] DEBUG Engine               - devBBoxColorProperty: ObjectProperty [value: 0xff0000ff]
17:04:28.062 [FXGL Background Thread 3 ] DEBUG Engine               - devEnableDebugCameraProperty: BooleanProperty [value: false]
17:04:28.062 [FXGL Background Thread 3 ] DEBUG Engine               - devSensorColorProperty: ObjectProperty [value: 0xffff00ff]
17:04:28.063 [FXGL Background Thread 3 ] DEBUG Engine               - devShowBBoxProperty: BooleanProperty [value: false]
17:04:28.063 [FXGL Background Thread 3 ] DEBUG Engine               - devShowPositionProperty: BooleanProperty [value: false]
17:04:28.063 [FXGL Background Thread 3 ] DEBUG Engine               - enabledMenuItems: []
17:04:28.063 [FXGL Background Thread 3 ] DEBUG Engine               - engineServices: [class com.almasb.fxgl.app.services.FXGLAssetLoaderService, class com.almasb.fxgl.app.FXGLApplication$GameApplicationService, class com.almasb.fxgl.app.services.FXGLDialogService, class com.almasb.fxgl.app.services.IOTaskExecutorService, class com.almasb.fxgl.io.FileSystemService, class com.almasb.fxgl.localization.LocalizationService, class com.almasb.fxgl.app.services.SystemBundleService, class com.almasb.fxgl.profile.SaveLoadService, class com.almasb.fxgl.ui.FXGLUIFactoryServiceProvider, class com.almasb.fxgl.ui.FXGLDialogFactoryServiceProvider, class com.almasb.fxgl.audio.AudioPlayer, class com.almasb.fxgl.notification.impl.NotificationServiceProvider, class com.almasb.fxgl.achievement.AchievementService, class com.almasb.fxgl.cutscene.CutsceneService, class com.almasb.fxgl.minigames.MiniGameService, class com.almasb.fxgl.net.NetService, class com.almasb.fxgl.app.services.UpdaterService, class com.almasb.fxgl.dev.DevService]
17:04:28.063 [FXGL Background Thread 3 ] DEBUG Engine               - fontGame: Abel-Regular.ttf
17:04:28.063 [FXGL Background Thread 3 ] DEBUG Engine               - fontMono: TerminalLandMono-Regular.otf
17:04:28.063 [FXGL Background Thread 3 ] DEBUG Engine               - fontText: Courier-Prime.ttf
17:04:28.063 [FXGL Background Thread 3 ] DEBUG Engine               - fontUI: VarelaRound-Regular.ttf
17:04:28.063 [FXGL Background Thread 3 ] DEBUG Engine               - fullScreen: BooleanProperty [value: false]
17:04:28.063 [FXGL Background Thread 3 ] DEBUG Engine               - gameDifficulty: MEDIUM
17:04:28.063 [FXGL Background Thread 3 ] DEBUG Engine               - gameDifficultyProperty: ObjectProperty [value: MEDIUM]
17:04:28.063 [FXGL Background Thread 3 ] DEBUG Engine               - globalMusicVolume: 0.5
17:04:28.063 [FXGL Background Thread 3 ] DEBUG Engine               - globalMusicVolumeProperty: DoubleProperty [value: 0.5]
17:04:28.063 [FXGL Background Thread 3 ] DEBUG Engine               - globalSoundVolume: 0.5
17:04:28.064 [FXGL Background Thread 3 ] DEBUG Engine               - globalSoundVolumeProperty: DoubleProperty [value: 0.5]
17:04:28.064 [FXGL Background Thread 3 ] DEBUG Engine               - height: 756
17:04:28.064 [FXGL Background Thread 3 ] DEBUG Engine               - is3D: false
17:04:28.064 [FXGL Background Thread 3 ] DEBUG Engine               - isAndroid: false
17:04:28.064 [FXGL Background Thread 3 ] DEBUG Engine               - isBrowser: false
17:04:28.064 [FXGL Background Thread 3 ] DEBUG Engine               - isClickFeedbackEnabled: false
17:04:28.064 [FXGL Background Thread 3 ] DEBUG Engine               - isCloseConfirmation: false
17:04:28.064 [FXGL Background Thread 3 ] DEBUG Engine               - isDesktop: true
17:04:28.064 [FXGL Background Thread 3 ] DEBUG Engine               - isDeveloperMenuEnabled: false
17:04:28.064 [FXGL Background Thread 3 ] DEBUG Engine               - isEmbedded: false
17:04:28.065 [FXGL Background Thread 3 ] DEBUG Engine               - isEntityPreloadEnabled: true
17:04:28.065 [FXGL Background Thread 3 ] DEBUG Engine               - isExperimentalTiledLargeMap: false
17:04:28.065 [FXGL Background Thread 3 ] DEBUG Engine               - isFileSystemWriteAllowed: true
17:04:28.065 [FXGL Background Thread 3 ] DEBUG Engine               - isFullScreenAllowed: false
17:04:28.065 [FXGL Background Thread 3 ] DEBUG Engine               - isFullScreenFromStart: false
17:04:28.065 [FXGL Background Thread 3 ] DEBUG Engine               - isGameMenuEnabled: true
17:04:28.065 [FXGL Background Thread 3 ] DEBUG Engine               - isIOS: false
17:04:28.065 [FXGL Background Thread 3 ] DEBUG Engine               - isIntroEnabled: false
17:04:28.065 [FXGL Background Thread 3 ] DEBUG Engine               - isLinux: false
17:04:28.065 [FXGL Background Thread 3 ] DEBUG Engine               - isMac: false
17:04:28.065 [FXGL Background Thread 3 ] DEBUG Engine               - isMainMenuEnabled: false
17:04:28.066 [FXGL Background Thread 3 ] DEBUG Engine               - isManualResizeEnabled: false
17:04:28.066 [FXGL Background Thread 3 ] DEBUG Engine               - isMobile: false
17:04:28.066 [FXGL Background Thread 3 ] DEBUG Engine               - isNative: false
17:04:28.066 [FXGL Background Thread 3 ] DEBUG Engine               - isPauseMusicWhenMinimized: true
17:04:28.066 [FXGL Background Thread 3 ] DEBUG Engine               - isPreserveResizeRatio: false
17:04:28.066 [FXGL Background Thread 3 ] DEBUG Engine               - isProfilingEnabled: false
17:04:28.066 [FXGL Background Thread 3 ] DEBUG Engine               - isScaleAffectedOnResize: true
17:04:28.066 [FXGL Background Thread 3 ] DEBUG Engine               - isSingleStep: false
17:04:28.066 [FXGL Background Thread 3 ] DEBUG Engine               - isUserProfileEnabled: false
17:04:28.066 [FXGL Background Thread 3 ] DEBUG Engine               - isWindows: true
17:04:28.066 [FXGL Background Thread 3 ] DEBUG Engine               - language: ObjectProperty [value: ENGLISH]
17:04:28.067 [FXGL Background Thread 3 ] DEBUG Engine               - menuKey: ESCAPE
17:04:28.067 [FXGL Background Thread 3 ] DEBUG Engine               - mouseSensitivity: 0.2
17:04:28.067 [FXGL Background Thread 3 ] DEBUG Engine               - notificationViewClass: class com.almasb.fxgl.notification.view.XboxNotificationView
17:04:28.067 [FXGL Background Thread 3 ] DEBUG Engine               - pixelsPerMeter: 50.0
17:04:28.067 [FXGL Background Thread 3 ] DEBUG Engine               - platform: WINDOWS
17:04:28.067 [FXGL Background Thread 3 ] DEBUG Engine               - prefHeightProperty: ReadOnlyDoubleProperty [value: 756.0]
17:04:28.067 [FXGL Background Thread 3 ] DEBUG Engine               - prefWidthProperty: ReadOnlyDoubleProperty [value: 1280.0]
17:04:28.067 [FXGL Background Thread 3 ] DEBUG Engine               - profileDir: profiles/
17:04:28.067 [FXGL Background Thread 3 ] DEBUG Engine               - profileName: StringProperty [value: DEFAULT]
17:04:28.067 [FXGL Background Thread 3 ] DEBUG Engine               - randomSeed: -1
17:04:28.068 [FXGL Background Thread 3 ] DEBUG Engine               - runtimeInfo: RuntimeInfo(platform=WINDOWS, version=17.1, build=24.03.2022 17.34)
17:04:28.068 [FXGL Background Thread 3 ] DEBUG Engine               - saveFileExt: sav
17:04:28.068 [FXGL Background Thread 3 ] DEBUG Engine               - scaledHeightProp$fxgl: DoubleProperty [bound, value: 756.0]
17:04:28.068 [FXGL Background Thread 3 ] DEBUG Engine               - scaledWidthProp$fxgl: DoubleProperty [bound, value: 1280.0]
17:04:28.068 [FXGL Background Thread 3 ] DEBUG Engine               - sceneFactory: com.almasb.fxgl.app.scene.SceneFactory@5f199d63
17:04:28.068 [FXGL Background Thread 3 ] DEBUG Engine               - secondsIn24h: 60
17:04:28.068 [FXGL Background Thread 3 ] DEBUG Engine               - soundMenuBack: menu/back.wav
17:04:28.069 [FXGL Background Thread 3 ] DEBUG Engine               - soundMenuPress: menu/press.wav
17:04:28.069 [FXGL Background Thread 3 ] DEBUG Engine               - soundMenuSelect: menu/select.wav
17:04:28.069 [FXGL Background Thread 3 ] DEBUG Engine               - soundNotification: core/notification.wav
17:04:28.069 [FXGL Background Thread 3 ] DEBUG Engine               - stageStyle: DECORATED
17:04:28.069 [FXGL Background Thread 3 ] DEBUG Engine               - supportedLanguages: [ENGLISH, FRENCH, GERMAN, HUNGARIAN, RUSSIAN]
17:04:28.069 [FXGL Background Thread 3 ] DEBUG Engine               - ticksPerSecond: -1
17:04:28.069 [FXGL Background Thread 3 ] DEBUG Engine               - title: SACRIFICE
17:04:28.069 [FXGL Background Thread 3 ] DEBUG Engine               - urlGithub: https://github.com/AlmasB/FXGL
17:04:28.069 [FXGL Background Thread 3 ] DEBUG Engine               - urlLeaderboard: http://fxgl-top.herokuapp.com/
17:04:28.069 [FXGL Background Thread 3 ] DEBUG Engine               - urlPOM: https://raw.githubusercontent.com/AlmasB/FXGL/release/README.md
17:04:28.069 [FXGL Background Thread 3 ] DEBUG Engine               - userAppClass: class neu.cs.sacrifice.SACRIFICE
17:04:28.070 [FXGL Background Thread 3 ] DEBUG Engine               - version: 0.0
17:04:28.070 [FXGL Background Thread 3 ] DEBUG Engine               - versionCheckDays: 7
17:04:28.070 [FXGL Background Thread 3 ] DEBUG Engine               - width: 1280
17:04:28.070 [FXGL Background Thread 3 ] DEBUG Engine               - Logging services
17:04:28.070 [FXGL Background Thread 3 ] DEBUG Engine               - class com.almasb.fxgl.app.services.FXGLAssetLoaderService
17:04:28.070 [FXGL Background Thread 3 ] DEBUG Engine               - class com.almasb.fxgl.app.FXGLApplication$GameApplicationService
17:04:28.070 [FXGL Background Thread 3 ] DEBUG Engine               - class com.almasb.fxgl.app.services.FXGLDialogService
17:04:28.070 [FXGL Background Thread 3 ] DEBUG Engine               - class com.almasb.fxgl.app.services.IOTaskExecutorService
17:04:28.070 [FXGL Background Thread 3 ] DEBUG Engine               - class com.almasb.fxgl.io.FileSystemService
17:04:28.070 [FXGL Background Thread 3 ] DEBUG Engine               - class com.almasb.fxgl.localization.LocalizationService
17:04:28.070 [FXGL Background Thread 3 ] DEBUG Engine               - class com.almasb.fxgl.app.services.SystemBundleService
17:04:28.070 [FXGL Background Thread 3 ] DEBUG Engine               - class com.almasb.fxgl.profile.SaveLoadService
17:04:28.070 [FXGL Background Thread 3 ] DEBUG Engine               - class com.almasb.fxgl.ui.FXGLUIFactoryServiceProvider
17:04:28.071 [FXGL Background Thread 3 ] DEBUG Engine               - class com.almasb.fxgl.ui.FXGLDialogFactoryServiceProvider
17:04:28.071 [FXGL Background Thread 3 ] DEBUG Engine               - class com.almasb.fxgl.audio.AudioPlayer
17:04:28.071 [FXGL Background Thread 3 ] DEBUG Engine               - class com.almasb.fxgl.notification.impl.NotificationServiceProvider
17:04:28.071 [FXGL Background Thread 3 ] DEBUG Engine               - class com.almasb.fxgl.achievement.AchievementService
17:04:28.071 [FXGL Background Thread 3 ] DEBUG Engine               - class com.almasb.fxgl.cutscene.CutsceneService
17:04:28.071 [FXGL Background Thread 3 ] DEBUG Engine               - class com.almasb.fxgl.minigames.MiniGameService
17:04:28.071 [FXGL Background Thread 3 ] DEBUG Engine               - class com.almasb.fxgl.net.NetService
17:04:28.071 [FXGL Background Thread 3 ] DEBUG Engine               - class com.almasb.fxgl.app.services.UpdaterService
17:04:28.071 [FXGL Background Thread 3 ] DEBUG Engine               - class com.almasb.fxgl.dev.DevService
17:04:28.765 [JavaFX Application Thread] DEBUG FXGLAssetLoaderServi - Loading from file system: file:/D:/Github%20Clone%20Repositories/SACRIFICE/SACRIFICE/target/classes/assets/textures/plant.png
17:06:00.217 [JavaFX Application Thread] DEBUG FXGLApplication      - Exiting FXGL
17:06:00.217 [JavaFX Application Thread] DEBUG LoopRunner           - Stopping loop
17:06:00.218 [JavaFX Application Thread] DEBUG SystemBundleService  - Saving FXGL system data
17:06:00.222 [JavaFX Application Thread] DEBUG FileSystemAccess     - Writing to: D:\Github Clone Repositories\SACRIFICE\SACRIFICE\system\fxgl.bundle
17:06:00.225 [JavaFX Application Thread] DEBUG Async                - Shutting down background threads
17:06:00.225 [JavaFX Application Thread] DEBUG PrimaryStageWindow   - Closing main window
17:06:00.238 [JavaFX Application Thread] DEBUG Logger               - Closing Logger
