10:15:24.440 [main                     ] DEBUG Logger               - Configured Logger
10:15:24.472 [main                     ] DEBUG GameApplication      - Logging settings
Title: SACRIFICE
Version: 0.0
Width: 1280
Height: 756
Fullscreen: false
Intro: false
Profiling: false
Single step:false
App Mode: DEVELOPER
Menu Key: ESCAPE
Stage Style: DECORATED
Scene Factory: class com.almasb.fxgl.app.scene.SceneFactory

10:15:24.859 [JavaFX Application Thread] DEBUG FXGLApplication      - Initializing FXGL
10:15:24.865 [JavaFX Application Thread] INFO  Engine               - FXGL-17.1 (24.03.2022 17.34) on WINDOWS (J:17.0.4.1 FX:17.0.2-ea)
10:15:24.866 [JavaFX Application Thread] DEBUG Engine               - JRE Vendor Name: Oracle Corporation
10:15:24.866 [JavaFX Application Thread] DEBUG Engine               - Running on OS: Windows 11 version 10.0
10:15:24.866 [JavaFX Application Thread] DEBUG Engine               - Architecture: amd64
10:15:24.866 [JavaFX Application Thread] INFO  Engine               - Source code and latest versions at: https://github.com/AlmasB/FXGL
10:15:24.866 [JavaFX Application Thread] INFO  Engine               -       Ask questions and discuss at: https://github.com/AlmasB/FXGL/discussions
10:15:24.866 [JavaFX Application Thread] INFO  Engine               -              Join the FXGL chat at: https://gitter.im/AlmasB/FXGL
10:15:24.956 [JavaFX Application Thread] DEBUG PrimaryStageWindow   - Creating a JavaFX scene
10:15:24.995 [JavaFX Application Thread] DEBUG PrimaryStageWindow   - Target settings size: 1280.0 x 756.0
10:15:24.995 [JavaFX Application Thread] DEBUG PrimaryStageWindow   - Scaled scene size:    1280.0 x 756.0
10:15:24.996 [JavaFX Application Thread] DEBUG PrimaryStageWindow   - Scaled ratio: (1.0, 1.0)
10:15:24.997 [JavaFX Application Thread] DEBUG PrimaryStageWindow   - Set initial scene to FXGLStartupScene
10:15:25.002 [JavaFX Application Thread] DEBUG PrimaryStageWindow   - Opening main window
10:15:25.090 [JavaFX Application Thread] DEBUG PrimaryStageWindow   - Window border size: (14.4000244140625, 37.5999755859375)
10:15:25.090 [JavaFX Application Thread] DEBUG PrimaryStageWindow   - Scaled size: 1280.0 x 756.0
10:15:25.091 [JavaFX Application Thread] DEBUG PrimaryStageWindow   - Scaled ratio: (1.0, 1.0)
10:15:25.091 [JavaFX Application Thread] DEBUG PrimaryStageWindow   - Scene size: 1280.0 x 756.0
10:15:25.091 [JavaFX Application Thread] DEBUG PrimaryStageWindow   - Stage size: 1294.4000244140625 x 793.5999755859375
10:15:25.102 [FXGL Background Thread 1 ] DEBUG Engine               - Initializing environment variables
10:15:25.142 [FXGL Background Thread 1 ] DEBUG FXGLAssetLoaderServi - User app class for loading assets: class neu.cs.sacrifice.SACRIFICE
10:15:25.142 [FXGL Background Thread 1 ] DEBUG GameApplicationServi - Applying CSS: fxgl_dark.css
10:15:25.144 [FXGL Background Thread 1 ] DEBUG FXGLAssetLoaderServi - Loading from file system: jar:file:///C:/Users/FPTSHOP/.m2/repository/com/github/almasb/fxgl/17.1/fxgl-17.1.jar!/fxglassets/ui/css/fxgl_dark.css
10:15:25.207 [FXGL Background Thread 1 ] DEBUG GameApplicationServi - Initializing application scenes
10:15:25.269 [FXGL Background Thread 1 ] DEBUG GameWorld            - Game world initialized
10:15:25.332 [FXGL Background Thread 1 ] DEBUG PhysicsWorld         - Physics world initialized: appHeight=756, physics.ppm=50,0
10:15:25.333 [FXGL Background Thread 1 ] DEBUG PhysicsWorld         - Using strategy: BRUTE_FORCE
10:15:25.337 [FXGL Background Thread 1 ] DEBUG GameScene            - Game scene initialized: 1280x756
10:15:25.353 [FXGL Background Thread 1 ] DEBUG FXGL.DefaultMenu     - createMenuBodyGameMenu()
10:15:25.368 [FXGL Background Thread 1 ] DEBUG FXGL.DefaultMenu     - createOptionsMenu()
10:15:25.385 [FXGL Background Thread 1 ] DEBUG FXGLAssetLoaderServi - Loading from file system: jar:file:///C:/Users/FPTSHOP/.m2/repository/com/github/almasb/fxgl/17.1/fxgl-17.1.jar!/fxglassets/textures/particles/smoke.png
10:15:25.474 [FXGL Background Thread 1 ] DEBUG FXGLAssetLoaderServi - Loading from file system: jar:file:///C:/Users/FPTSHOP/.m2/repository/com/github/almasb/fxgl/17.1/fxgl-17.1.jar!/fxglassets/textures/particles/trace_horizontal.png
10:15:25.504 [FXGL Background Thread 1 ] DEBUG GameApplicationServi - Application scenes initialized
10:15:25.515 [FXGL Background Thread 1 ] DEBUG SystemBundleService  - Loading FXGL system data
10:15:25.521 [FXGL Background Thread 1 ] DEBUG FileSystemAccess     - Reading from: D:\Github Clone Repositories\SACRIFICE\SACRIFICE\system\fxgl.bundle
10:15:25.526 [FXGL Background Thread 1 ] DEBUG SystemBundleService  - Bundle FXGL: {}
10:15:25.526 [FXGL Background Thread 1 ] DEBUG UpdaterService       - Checking for updates
10:15:25.529 [FXGL Background Thread 4 ] DEBUG FXGLApplication      - Loading fonts
10:15:25.530 [FXGL Background Thread 1 ] DEBUG FXGLApplication      - Loading default localization
10:15:25.530 [FXGL Background Thread 4 ] DEBUG FXGLAssetLoaderServi - Loading from file system: jar:file:///C:/Users/FPTSHOP/.m2/repository/com/github/almasb/fxgl/17.1/fxgl-17.1.jar!/fxglassets/ui/fonts/VarelaRound-Regular.ttf
10:15:25.531 [FXGL Background Thread 1 ] DEBUG FXGLAssetLoaderServi - Loading from file system: jar:file:///C:/Users/FPTSHOP/.m2/repository/com/github/almasb/fxgl/17.1/fxgl-17.1.jar!/fxglassets/languages/english.lang
10:15:25.547 [FXGL Background Thread 1 ] INFO  FXGLApplication      - FXGL initialization took: 0,444 sec
10:15:25.557 [JavaFX Application Thread] DEBUG Input                - Registered new binding: left - A
10:15:25.558 [JavaFX Application Thread] DEBUG Input                - Registered new binding: right - D
10:15:25.558 [JavaFX Application Thread] DEBUG FXGLAssetLoaderServi - Loading from file system: jar:file:///C:/Users/FPTSHOP/.m2/repository/com/github/almasb/fxgl/17.1/fxgl-17.1.jar!/fxglassets/textures/fxgl_icon.png
10:15:25.580 [JavaFX Application Thread] DEBUG FXGLAssetLoaderServi - Loading from file system: jar:file:///C:/Users/FPTSHOP/.m2/repository/com/github/almasb/fxgl/17.1/fxgl-17.1.jar!/fxglassets/textures/fxgl_default_cursor.png
10:15:25.582 [JavaFX Application Thread] DEBUG Input                - Registered new binding: Screenshot - CTRL+8
10:15:25.583 [JavaFX Application Thread] DEBUG Input                - Registered new binding: System info dump - CTRL+9
10:15:25.583 [JavaFX Application Thread] DEBUG Input                - Registered new binding: Restart - CTRL+R
10:15:25.584 [JavaFX Application Thread] DEBUG Input                - Registered new binding: Toggle Debug Camera - CTRL+7
10:15:25.586 [JavaFX Application Thread] DEBUG LoopRunner           - Starting loop
10:15:25.586 [JavaFX Application Thread] DEBUG LoopRunner           - Initializing JavaFX AnimationTimerLoop
10:15:25.587 [JavaFX Application Thread] DEBUG GameApplicationServi - Starting new game
10:15:25.588 [JavaFX Application Thread] DEBUG Input                - Clearing active input actions
10:15:25.598 [JavaFX Application Thread] DEBUG GameApplicationServi - Removing overlay from FXGLStartupScene and adding to FXGLLoadingScene
10:15:25.599 [JavaFX Application Thread] DEBUG PrimaryStageWindow   - FXGLStartupScene -> FXGLLoadingScene
10:15:25.599 [JavaFX Application Thread] DEBUG GameApplicationServi - Clearing previous game
10:15:25.599 [JavaFX Application Thread] DEBUG GameScene            - Clearing game scene
10:15:25.599 [JavaFX Application Thread] DEBUG GameWorld            - Clearing game world
10:15:25.599 [JavaFX Application Thread] DEBUG PhysicsWorld         - Clearing physics world
10:15:25.601 [FXGL Background Thread 1 ] DEBUG FXGLApplication      - Initializing game
10:15:25.613 [FXGL Background Thread 4 ] DEBUG FXGLAssetLoaderServi - Loading from file system: jar:file:///C:/Users/FPTSHOP/.m2/repository/com/github/almasb/fxgl/17.1/fxgl-17.1.jar!/fxglassets/ui/fonts/Abel-Regular.ttf
10:15:25.621 [FXGL Background Thread 4 ] DEBUG FXGLAssetLoaderServi - Loading from file system: jar:file:///C:/Users/FPTSHOP/.m2/repository/com/github/almasb/fxgl/17.1/fxgl-17.1.jar!/fxglassets/ui/fonts/TerminalLandMono-Regular.otf
10:15:25.632 [FXGL Background Thread 4 ] DEBUG FXGLAssetLoaderServi - Loading from file system: jar:file:///C:/Users/FPTSHOP/.m2/repository/com/github/almasb/fxgl/17.1/fxgl-17.1.jar!/fxglassets/ui/fonts/Courier-Prime.ttf
10:15:25.653 [JavaFX Application Thread] DEBUG FXGLApplication      - Registering font factories with UI factory
10:15:25.812 [FXGL Background Thread 1 ] INFO  FXGLApplication      - Game initialization took: 0,211 sec
10:15:25.812 [JavaFX Application Thread] DEBUG Input                - Clearing active input actions
10:15:25.831 [JavaFX Application Thread] DEBUG GameApplicationServi - Removing overlay from FXGLLoadingScene and adding to GameScene
10:15:25.831 [JavaFX Application Thread] DEBUG PrimaryStageWindow   - FXGLLoadingScene -> GameScene
10:15:27.365 [FXGL Background Thread 2 ] INFO  UpdaterService       - Your current version:  17.1
10:15:27.366 [FXGL Background Thread 2 ] INFO  UpdaterService       - Latest stable version: 17.3
10:15:28.530 [FXGL Background Thread 3 ] DEBUG Engine               - Logging environment variables
10:15:28.531 [FXGL Background Thread 3 ] DEBUG Engine               - achievements: []
10:15:28.531 [FXGL Background Thread 3 ] DEBUG Engine               - actualHeight: 756.0
10:15:28.531 [FXGL Background Thread 3 ] DEBUG Engine               - actualHeightProperty: ReadOnlyDoubleProperty [value: 756.0]
10:15:28.531 [FXGL Background Thread 3 ] DEBUG Engine               - actualWidth: 1280.0
10:15:28.531 [FXGL Background Thread 3 ] DEBUG Engine               - actualWidthProperty: ReadOnlyDoubleProperty [value: 1280.0]
10:15:28.531 [FXGL Background Thread 3 ] DEBUG Engine               - appIcon: fxgl_icon.png
10:15:28.531 [FXGL Background Thread 3 ] DEBUG Engine               - applicationMode: DEVELOPER
10:15:28.531 [FXGL Background Thread 3 ] DEBUG Engine               - cSSList: [fxgl_dark.css]
10:15:28.531 [FXGL Background Thread 3 ] DEBUG Engine               - collisionDetectionStrategy: BRUTE_FORCE
10:15:28.531 [FXGL Background Thread 3 ] DEBUG Engine               - configClass: Optional.empty
10:15:28.531 [FXGL Background Thread 3 ] DEBUG Engine               - credits: []
10:15:28.532 [FXGL Background Thread 3 ] DEBUG Engine               - defaultCursor: CursorInfo(imageName=fxgl_default_cursor.png, hotspotX=7.0, hotspotY=6.0)
10:15:28.532 [FXGL Background Thread 3 ] DEBUG Engine               - devBBoxColorProperty: ObjectProperty [value: 0xff0000ff]
10:15:28.532 [FXGL Background Thread 3 ] DEBUG Engine               - devEnableDebugCameraProperty: BooleanProperty [value: false]
10:15:28.532 [FXGL Background Thread 3 ] DEBUG Engine               - devSensorColorProperty: ObjectProperty [value: 0xffff00ff]
10:15:28.532 [FXGL Background Thread 3 ] DEBUG Engine               - devShowBBoxProperty: BooleanProperty [value: false]
10:15:28.532 [FXGL Background Thread 3 ] DEBUG Engine               - devShowPositionProperty: BooleanProperty [value: false]
10:15:28.532 [FXGL Background Thread 3 ] DEBUG Engine               - enabledMenuItems: []
10:15:28.533 [FXGL Background Thread 3 ] DEBUG Engine               - engineServices: [class com.almasb.fxgl.app.services.FXGLAssetLoaderService, class com.almasb.fxgl.app.FXGLApplication$GameApplicationService, class com.almasb.fxgl.app.services.FXGLDialogService, class com.almasb.fxgl.app.services.IOTaskExecutorService, class com.almasb.fxgl.io.FileSystemService, class com.almasb.fxgl.localization.LocalizationService, class com.almasb.fxgl.app.services.SystemBundleService, class com.almasb.fxgl.profile.SaveLoadService, class com.almasb.fxgl.ui.FXGLUIFactoryServiceProvider, class com.almasb.fxgl.ui.FXGLDialogFactoryServiceProvider, class com.almasb.fxgl.audio.AudioPlayer, class com.almasb.fxgl.notification.impl.NotificationServiceProvider, class com.almasb.fxgl.achievement.AchievementService, class com.almasb.fxgl.cutscene.CutsceneService, class com.almasb.fxgl.minigames.MiniGameService, class com.almasb.fxgl.net.NetService, class com.almasb.fxgl.app.services.UpdaterService, class com.almasb.fxgl.dev.DevService]
10:15:28.533 [FXGL Background Thread 3 ] DEBUG Engine               - fontGame: Abel-Regular.ttf
10:15:28.533 [FXGL Background Thread 3 ] DEBUG Engine               - fontMono: TerminalLandMono-Regular.otf
10:15:28.533 [FXGL Background Thread 3 ] DEBUG Engine               - fontText: Courier-Prime.ttf
10:15:28.533 [FXGL Background Thread 3 ] DEBUG Engine               - fontUI: VarelaRound-Regular.ttf
10:15:28.533 [FXGL Background Thread 3 ] DEBUG Engine               - fullScreen: BooleanProperty [value: false]
10:15:28.533 [FXGL Background Thread 3 ] DEBUG Engine               - gameDifficulty: MEDIUM
10:15:28.533 [FXGL Background Thread 3 ] DEBUG Engine               - gameDifficultyProperty: ObjectProperty [value: MEDIUM]
10:15:28.533 [FXGL Background Thread 3 ] DEBUG Engine               - globalMusicVolume: 0.5
10:15:28.533 [FXGL Background Thread 3 ] DEBUG Engine               - globalMusicVolumeProperty: DoubleProperty [value: 0.5]
10:15:28.533 [FXGL Background Thread 3 ] DEBUG Engine               - globalSoundVolume: 0.5
10:15:28.533 [FXGL Background Thread 3 ] DEBUG Engine               - globalSoundVolumeProperty: DoubleProperty [value: 0.5]
10:15:28.533 [FXGL Background Thread 3 ] DEBUG Engine               - height: 756
10:15:28.533 [FXGL Background Thread 3 ] DEBUG Engine               - is3D: false
10:15:28.533 [FXGL Background Thread 3 ] DEBUG Engine               - isAndroid: false
10:15:28.533 [FXGL Background Thread 3 ] DEBUG Engine               - isBrowser: false
10:15:28.533 [FXGL Background Thread 3 ] DEBUG Engine               - isClickFeedbackEnabled: false
10:15:28.533 [FXGL Background Thread 3 ] DEBUG Engine               - isCloseConfirmation: false
10:15:28.533 [FXGL Background Thread 3 ] DEBUG Engine               - isDesktop: true
10:15:28.534 [FXGL Background Thread 3 ] DEBUG Engine               - isDeveloperMenuEnabled: false
10:15:28.534 [FXGL Background Thread 3 ] DEBUG Engine               - isEmbedded: false
10:15:28.534 [FXGL Background Thread 3 ] DEBUG Engine               - isEntityPreloadEnabled: true
10:15:28.534 [FXGL Background Thread 3 ] DEBUG Engine               - isExperimentalTiledLargeMap: false
10:15:28.534 [FXGL Background Thread 3 ] DEBUG Engine               - isFileSystemWriteAllowed: true
10:15:28.534 [FXGL Background Thread 3 ] DEBUG Engine               - isFullScreenAllowed: false
10:15:28.534 [FXGL Background Thread 3 ] DEBUG Engine               - isFullScreenFromStart: false
10:15:28.534 [FXGL Background Thread 3 ] DEBUG Engine               - isGameMenuEnabled: true
10:15:28.534 [FXGL Background Thread 3 ] DEBUG Engine               - isIOS: false
10:15:28.534 [FXGL Background Thread 3 ] DEBUG Engine               - isIntroEnabled: false
10:15:28.534 [FXGL Background Thread 3 ] DEBUG Engine               - isLinux: false
10:15:28.534 [FXGL Background Thread 3 ] DEBUG Engine               - isMac: false
10:15:28.534 [FXGL Background Thread 3 ] DEBUG Engine               - isMainMenuEnabled: false
10:15:28.534 [FXGL Background Thread 3 ] DEBUG Engine               - isManualResizeEnabled: false
10:15:28.535 [FXGL Background Thread 3 ] DEBUG Engine               - isMobile: false
10:15:28.535 [FXGL Background Thread 3 ] DEBUG Engine               - isNative: false
10:15:28.535 [FXGL Background Thread 3 ] DEBUG Engine               - isPauseMusicWhenMinimized: true
10:15:28.535 [FXGL Background Thread 3 ] DEBUG Engine               - isPreserveResizeRatio: false
10:15:28.535 [FXGL Background Thread 3 ] DEBUG Engine               - isProfilingEnabled: false
10:15:28.535 [FXGL Background Thread 3 ] DEBUG Engine               - isScaleAffectedOnResize: true
10:15:28.535 [FXGL Background Thread 3 ] DEBUG Engine               - isSingleStep: false
10:15:28.535 [FXGL Background Thread 3 ] DEBUG Engine               - isUserProfileEnabled: false
10:15:28.535 [FXGL Background Thread 3 ] DEBUG Engine               - isWindows: true
10:15:28.535 [FXGL Background Thread 3 ] DEBUG Engine               - language: ObjectProperty [value: ENGLISH]
10:15:28.535 [FXGL Background Thread 3 ] DEBUG Engine               - menuKey: ESCAPE
10:15:28.535 [FXGL Background Thread 3 ] DEBUG Engine               - mouseSensitivity: 0.2
10:15:28.535 [FXGL Background Thread 3 ] DEBUG Engine               - notificationViewClass: class com.almasb.fxgl.notification.view.XboxNotificationView
10:15:28.535 [FXGL Background Thread 3 ] DEBUG Engine               - pixelsPerMeter: 50.0
10:15:28.535 [FXGL Background Thread 3 ] DEBUG Engine               - platform: WINDOWS
10:15:28.535 [FXGL Background Thread 3 ] DEBUG Engine               - prefHeightProperty: ReadOnlyDoubleProperty [value: 756.0]
10:15:28.535 [FXGL Background Thread 3 ] DEBUG Engine               - prefWidthProperty: ReadOnlyDoubleProperty [value: 1280.0]
10:15:28.535 [FXGL Background Thread 3 ] DEBUG Engine               - profileDir: profiles/
10:15:28.535 [FXGL Background Thread 3 ] DEBUG Engine               - profileName: StringProperty [value: DEFAULT]
10:15:28.535 [FXGL Background Thread 3 ] DEBUG Engine               - randomSeed: -1
10:15:28.536 [FXGL Background Thread 3 ] DEBUG Engine               - runtimeInfo: RuntimeInfo(platform=WINDOWS, version=17.1, build=24.03.2022 17.34)
10:15:28.536 [FXGL Background Thread 3 ] DEBUG Engine               - saveFileExt: sav
10:15:28.536 [FXGL Background Thread 3 ] DEBUG Engine               - scaledHeightProp$fxgl: DoubleProperty [bound, value: 756.0]
10:15:28.536 [FXGL Background Thread 3 ] DEBUG Engine               - scaledWidthProp$fxgl: DoubleProperty [bound, value: 1280.0]
10:15:28.536 [FXGL Background Thread 3 ] DEBUG Engine               - sceneFactory: com.almasb.fxgl.app.scene.SceneFactory@44750b7c
10:15:28.536 [FXGL Background Thread 3 ] DEBUG Engine               - secondsIn24h: 60
10:15:28.536 [FXGL Background Thread 3 ] DEBUG Engine               - soundMenuBack: menu/back.wav
10:15:28.536 [FXGL Background Thread 3 ] DEBUG Engine               - soundMenuPress: menu/press.wav
10:15:28.536 [FXGL Background Thread 3 ] DEBUG Engine               - soundMenuSelect: menu/select.wav
10:15:28.536 [FXGL Background Thread 3 ] DEBUG Engine               - soundNotification: core/notification.wav
10:15:28.536 [FXGL Background Thread 3 ] DEBUG Engine               - stageStyle: DECORATED
10:15:28.536 [FXGL Background Thread 3 ] DEBUG Engine               - supportedLanguages: [ENGLISH, FRENCH, GERMAN, HUNGARIAN, RUSSIAN]
10:15:28.536 [FXGL Background Thread 3 ] DEBUG Engine               - ticksPerSecond: -1
10:15:28.536 [FXGL Background Thread 3 ] DEBUG Engine               - title: SACRIFICE
10:15:28.536 [FXGL Background Thread 3 ] DEBUG Engine               - urlGithub: https://github.com/AlmasB/FXGL
10:15:28.536 [FXGL Background Thread 3 ] DEBUG Engine               - urlLeaderboard: http://fxgl-top.herokuapp.com/
10:15:28.536 [FXGL Background Thread 3 ] DEBUG Engine               - urlPOM: https://raw.githubusercontent.com/AlmasB/FXGL/release/README.md
10:15:28.536 [FXGL Background Thread 3 ] DEBUG Engine               - userAppClass: class neu.cs.sacrifice.SACRIFICE
10:15:28.536 [FXGL Background Thread 3 ] DEBUG Engine               - version: 0.0
10:15:28.536 [FXGL Background Thread 3 ] DEBUG Engine               - versionCheckDays: 7
10:15:28.536 [FXGL Background Thread 3 ] DEBUG Engine               - width: 1280
10:15:28.536 [FXGL Background Thread 3 ] DEBUG Engine               - Logging services
10:15:28.536 [FXGL Background Thread 3 ] DEBUG Engine               - class com.almasb.fxgl.app.services.FXGLAssetLoaderService
10:15:28.537 [FXGL Background Thread 3 ] DEBUG Engine               - class com.almasb.fxgl.app.FXGLApplication$GameApplicationService
10:15:28.537 [FXGL Background Thread 3 ] DEBUG Engine               - class com.almasb.fxgl.app.services.FXGLDialogService
10:15:28.537 [FXGL Background Thread 3 ] DEBUG Engine               - class com.almasb.fxgl.app.services.IOTaskExecutorService
10:15:28.537 [FXGL Background Thread 3 ] DEBUG Engine               - class com.almasb.fxgl.io.FileSystemService
10:15:28.537 [FXGL Background Thread 3 ] DEBUG Engine               - class com.almasb.fxgl.localization.LocalizationService
10:15:28.537 [FXGL Background Thread 3 ] DEBUG Engine               - class com.almasb.fxgl.app.services.SystemBundleService
10:15:28.537 [FXGL Background Thread 3 ] DEBUG Engine               - class com.almasb.fxgl.profile.SaveLoadService
10:15:28.537 [FXGL Background Thread 3 ] DEBUG Engine               - class com.almasb.fxgl.ui.FXGLUIFactoryServiceProvider
10:15:28.537 [FXGL Background Thread 3 ] DEBUG Engine               - class com.almasb.fxgl.ui.FXGLDialogFactoryServiceProvider
10:15:28.537 [FXGL Background Thread 3 ] DEBUG Engine               - class com.almasb.fxgl.audio.AudioPlayer
10:15:28.537 [FXGL Background Thread 3 ] DEBUG Engine               - class com.almasb.fxgl.notification.impl.NotificationServiceProvider
10:15:28.537 [FXGL Background Thread 3 ] DEBUG Engine               - class com.almasb.fxgl.achievement.AchievementService
10:15:28.537 [FXGL Background Thread 3 ] DEBUG Engine               - class com.almasb.fxgl.cutscene.CutsceneService
10:15:28.537 [FXGL Background Thread 3 ] DEBUG Engine               - class com.almasb.fxgl.minigames.MiniGameService
10:15:28.537 [FXGL Background Thread 3 ] DEBUG Engine               - class com.almasb.fxgl.net.NetService
10:15:28.537 [FXGL Background Thread 3 ] DEBUG Engine               - class com.almasb.fxgl.app.services.UpdaterService
10:15:28.537 [FXGL Background Thread 3 ] DEBUG Engine               - class com.almasb.fxgl.dev.DevService
10:15:52.767 [JavaFX Application Thread] DEBUG FXGLApplication      - Exiting FXGL
10:15:52.768 [JavaFX Application Thread] DEBUG LoopRunner           - Stopping loop
10:15:52.768 [JavaFX Application Thread] DEBUG SystemBundleService  - Saving FXGL system data
10:15:52.769 [JavaFX Application Thread] DEBUG FileSystemAccess     - Writing to: D:\Github Clone Repositories\SACRIFICE\SACRIFICE\system\fxgl.bundle
10:15:52.771 [JavaFX Application Thread] DEBUG Async                - Shutting down background threads
10:15:52.771 [JavaFX Application Thread] DEBUG PrimaryStageWindow   - Closing main window
10:15:52.796 [JavaFX Application Thread] DEBUG Logger               - Closing Logger
