20:49:38.836 [main                     ] DEBUG Logger               - Configured Logger
20:49:38.883 [main                     ] DEBUG GameApplication      - Logging settings
Title: SACRIFICE
Version: 0.0
Width: 1280
Height: 756
Fullscreen: false
Intro: false
Profiling: false
Single step:false
App Mode: DEVELOPER
Menu Key: ESCAPE
Stage Style: DECORATED
Scene Factory: class com.almasb.fxgl.app.scene.SceneFactory

20:49:39.317 [JavaFX Application Thread] DEBUG FXGLApplication      - Initializing FXGL
20:49:39.332 [JavaFX Application Thread] INFO  Engine               - FXGL-17.1 (24.03.2022 17.34) on WINDOWS (J:17.0.4.1 FX:17.0.2-ea)
20:49:39.333 [JavaFX Application Thread] DEBUG Engine               - JRE Vendor Name: Oracle Corporation
20:49:39.333 [JavaFX Application Thread] DEBUG Engine               - Running on OS: Windows 11 version 10.0
20:49:39.333 [JavaFX Application Thread] DEBUG Engine               - Architecture: amd64
20:49:39.333 [JavaFX Application Thread] INFO  Engine               - Source code and latest versions at: https://github.com/AlmasB/FXGL
20:49:39.334 [JavaFX Application Thread] INFO  Engine               -       Ask questions and discuss at: https://github.com/AlmasB/FXGL/discussions
20:49:39.334 [JavaFX Application Thread] INFO  Engine               -              Join the FXGL chat at: https://gitter.im/AlmasB/FXGL
20:49:39.464 [JavaFX Application Thread] DEBUG PrimaryStageWindow   - Creating a JavaFX scene
20:49:39.519 [JavaFX Application Thread] DEBUG PrimaryStageWindow   - Target settings size: 1280.0 x 756.0
20:49:39.519 [JavaFX Application Thread] DEBUG PrimaryStageWindow   - Scaled scene size:    1280.0 x 756.0
20:49:39.520 [JavaFX Application Thread] DEBUG PrimaryStageWindow   - Scaled ratio: (1.0, 1.0)
20:49:39.521 [JavaFX Application Thread] DEBUG PrimaryStageWindow   - Set initial scene to FXGLStartupScene
20:49:39.528 [JavaFX Application Thread] DEBUG PrimaryStageWindow   - Opening main window
20:49:39.647 [JavaFX Application Thread] DEBUG PrimaryStageWindow   - Window border size: (14.4000244140625, 37.5999755859375)
20:49:39.648 [JavaFX Application Thread] DEBUG PrimaryStageWindow   - Scaled size: 1280.0 x 756.0
20:49:39.649 [JavaFX Application Thread] DEBUG PrimaryStageWindow   - Scaled ratio: (1.0, 1.0)
20:49:39.649 [JavaFX Application Thread] DEBUG PrimaryStageWindow   - Scene size: 1280.0 x 756.0
20:49:39.650 [JavaFX Application Thread] DEBUG PrimaryStageWindow   - Stage size: 1294.4000244140625 x 793.5999755859375
20:49:39.660 [FXGL Background Thread 1 ] DEBUG Engine               - Initializing environment variables
20:49:39.716 [FXGL Background Thread 1 ] DEBUG FXGLAssetLoaderServi - User app class for loading assets: class neu.cs.sacrifice.SACRIFICE
20:49:39.717 [FXGL Background Thread 1 ] DEBUG GameApplicationServi - Applying CSS: fxgl_dark.css
20:49:39.718 [FXGL Background Thread 1 ] DEBUG FXGLAssetLoaderServi - Loading from file system: jar:file:///C:/Users/FPTSHOP/.m2/repository/com/github/almasb/fxgl/17.1/fxgl-17.1.jar!/fxglassets/ui/css/fxgl_dark.css
20:49:39.799 [FXGL Background Thread 1 ] DEBUG GameApplicationServi - Initializing application scenes
20:49:39.866 [FXGL Background Thread 1 ] DEBUG GameWorld            - Game world initialized
20:49:39.975 [FXGL Background Thread 1 ] DEBUG PhysicsWorld         - Physics world initialized: appHeight=756, physics.ppm=50,0
20:49:39.976 [FXGL Background Thread 1 ] DEBUG PhysicsWorld         - Using strategy: BRUTE_FORCE
20:49:39.984 [FXGL Background Thread 1 ] DEBUG GameScene            - Game scene initialized: 1280x756
20:49:40.006 [FXGL Background Thread 1 ] DEBUG FXGL.DefaultMenu     - createMenuBodyGameMenu()
20:49:40.031 [FXGL Background Thread 1 ] DEBUG FXGL.DefaultMenu     - createOptionsMenu()
20:49:40.051 [FXGL Background Thread 1 ] DEBUG FXGLAssetLoaderServi - Loading from file system: jar:file:///C:/Users/FPTSHOP/.m2/repository/com/github/almasb/fxgl/17.1/fxgl-17.1.jar!/fxglassets/textures/particles/smoke.png
20:49:40.199 [FXGL Background Thread 1 ] DEBUG FXGLAssetLoaderServi - Loading from file system: jar:file:///C:/Users/FPTSHOP/.m2/repository/com/github/almasb/fxgl/17.1/fxgl-17.1.jar!/fxglassets/textures/particles/trace_horizontal.png
20:49:40.258 [FXGL Background Thread 1 ] DEBUG GameApplicationServi - Application scenes initialized
20:49:40.279 [FXGL Background Thread 1 ] DEBUG SystemBundleService  - Loading FXGL system data
20:49:40.288 [FXGL Background Thread 1 ] DEBUG FileSystemAccess     - Reading from: D:\Github Clone Repositories\SACRIFICE\SACRIFICE\system\fxgl.bundle
20:49:40.300 [FXGL Background Thread 1 ] DEBUG SystemBundleService  - Bundle FXGL: {}
20:49:40.300 [FXGL Background Thread 1 ] DEBUG UpdaterService       - Checking for updates
20:49:40.311 [FXGL Background Thread 1 ] DEBUG FXGLApplication      - Loading default localization
20:49:40.312 [FXGL Background Thread 1 ] DEBUG FXGLAssetLoaderServi - Loading from file system: jar:file:///C:/Users/FPTSHOP/.m2/repository/com/github/almasb/fxgl/17.1/fxgl-17.1.jar!/fxglassets/languages/english.lang
20:49:40.337 [FXGL Background Thread 1 ] INFO  FXGLApplication      - FXGL initialization took: 0,676 sec
20:49:40.368 [JavaFX Application Thread] DEBUG Input                - Registered new binding: left - A
20:49:40.369 [JavaFX Application Thread] DEBUG Input                - Registered new binding: right - D
20:49:40.371 [JavaFX Application Thread] DEBUG Input                - Registered new binding: use - X
20:49:40.379 [FXGL Background Thread 4 ] DEBUG FXGLApplication      - Loading fonts
20:49:40.381 [FXGL Background Thread 4 ] DEBUG FXGLAssetLoaderServi - Loading from file system: jar:file:///C:/Users/FPTSHOP/.m2/repository/com/github/almasb/fxgl/17.1/fxgl-17.1.jar!/fxglassets/ui/fonts/VarelaRound-Regular.ttf
20:49:40.405 [JavaFX Application Thread] DEBUG FXGLAssetLoaderServi - Loading from file system: jar:file:///C:/Users/FPTSHOP/.m2/repository/com/github/almasb/fxgl/17.1/fxgl-17.1.jar!/fxglassets/textures/fxgl_icon.png
20:49:40.448 [JavaFX Application Thread] DEBUG FXGLAssetLoaderServi - Loading from file system: jar:file:///C:/Users/FPTSHOP/.m2/repository/com/github/almasb/fxgl/17.1/fxgl-17.1.jar!/fxglassets/textures/fxgl_default_cursor.png
20:49:40.453 [JavaFX Application Thread] DEBUG Input                - Registered new binding: Screenshot - CTRL+8
20:49:40.454 [JavaFX Application Thread] DEBUG Input                - Registered new binding: System info dump - CTRL+9
20:49:40.455 [JavaFX Application Thread] DEBUG Input                - Registered new binding: Restart - CTRL+R
20:49:40.457 [JavaFX Application Thread] DEBUG Input                - Registered new binding: Toggle Debug Camera - CTRL+7
20:49:40.462 [JavaFX Application Thread] DEBUG LoopRunner           - Starting loop
20:49:40.463 [JavaFX Application Thread] DEBUG LoopRunner           - Initializing JavaFX AnimationTimerLoop
20:49:40.465 [JavaFX Application Thread] DEBUG GameApplicationServi - Starting new game
20:49:40.466 [JavaFX Application Thread] DEBUG Input                - Clearing active input actions
20:49:40.486 [JavaFX Application Thread] DEBUG GameApplicationServi - Removing overlay from FXGLStartupScene and adding to FXGLLoadingScene
20:49:40.486 [JavaFX Application Thread] DEBUG PrimaryStageWindow   - FXGLStartupScene -> FXGLLoadingScene
20:49:40.487 [JavaFX Application Thread] DEBUG GameApplicationServi - Clearing previous game
20:49:40.487 [JavaFX Application Thread] DEBUG GameScene            - Clearing game scene
20:49:40.487 [JavaFX Application Thread] DEBUG GameWorld            - Clearing game world
20:49:40.487 [JavaFX Application Thread] DEBUG PhysicsWorld         - Clearing physics world
20:49:40.495 [FXGL Background Thread 1 ] DEBUG FXGLApplication      - Initializing game
20:49:40.570 [JavaFX Application Thread] DEBUG LoopRunner           - Stopping loop
20:49:40.575 [JavaFX Application Thread] FATAL FXGLApplication      - Uncaught Exception:
java.lang.RuntimeException: Initialization failed
	at com.almasb.fxgl.all@17.1/com.almasb.fxgl.app.FXGLApplication$InitAppTask.failed(FXGLApplication.kt:343)
	at javafx.graphics/javafx.concurrent.Task.setState(Task.java:710)
	at javafx.graphics/javafx.concurrent.Task$TaskCallable.lambda$call$2(Task.java:1456)
	at javafx.graphics/com.sun.javafx.application.PlatformImpl.lambda$runLater$10(PlatformImpl.java:457)
	at java.base/java.security.AccessController.doPrivileged(AccessController.java:399)
	at javafx.graphics/com.sun.javafx.application.PlatformImpl.lambda$runLater$11(PlatformImpl.java:456)
	at javafx.graphics/com.sun.glass.ui.InvokeLaterDispatcher$Future.run(InvokeLaterDispatcher.java:96)
	at javafx.graphics/com.sun.glass.ui.win.WinApplication._runLoop(Native Method)
	at javafx.graphics/com.sun.glass.ui.win.WinApplication.lambda$runLoop$3(WinApplication.java:184)
	at java.base/java.lang.Thread.run(Thread.java:833)
Caused by: java.lang.NullPointerException: Cannot invoke "com.almasb.fxgl.texture.AnimatedTexture.loopAnimationChannel(com.almasb.fxgl.texture.AnimationChannel)" because the return value of "neu.cs.sacrifice.api.entity.AbstractEntity.getTexture()" is null
	at neu.cs.sacrifice/neu.cs.sacrifice.api.entity.AbstractEntity.setCurrentAction(AbstractEntity.java:122)
	at neu.cs.sacrifice/neu.cs.sacrifice.api.entity.AbstractEntity.addAnimation(AbstractEntity.java:48)
	at neu.cs.sacrifice/neu.cs.sacrifice.entity.player.PlayerComponent.<init>(PlayerComponent.java:27)
	at neu.cs.sacrifice/neu.cs.sacrifice.entity.EntityBuilder.spawnPlayer(EntityBuilder.java:35)
	at java.base/jdk.internal.reflect.NativeMethodAccessorImpl.invoke0(Native Method)
	at java.base/jdk.internal.reflect.NativeMethodAccessorImpl.invoke(NativeMethodAccessorImpl.java:77)
	at java.base/jdk.internal.reflect.DelegatingMethodAccessorImpl.invoke(DelegatingMethodAccessorImpl.java:43)
	at java.base/java.lang.reflect.Method.invoke(Method.java:568)
	at com.almasb.fxgl.core@17.1/com.almasb.fxgl.core.reflect.ReflectionUtils.call(ReflectionUtils.java:104)
	at com.almasb.fxgl.core@17.1/com.almasb.fxgl.core.reflect.ReflectionUtils.lambda$mapToFunction$3(ReflectionUtils.java:111)
	at com.almasb.fxgl.entity@17.1/com.almasb.fxgl.entity.GameWorld$create$2.invoke(GameWorld.kt:430)
	at com.almasb.fxgl.entity@17.1/com.almasb.fxgl.entity.GameWorld$create$2.invoke(GameWorld.kt:430)
	at com.almasb.fxgl.core@17.1/com.almasb.fxgl.core.util.DSLKt.tryCatchRoot(DSL.kt:34)
	at com.almasb.fxgl.entity@17.1/com.almasb.fxgl.entity.GameWorld.create(GameWorld.kt:430)
	at com.almasb.fxgl.entity@17.1/com.almasb.fxgl.entity.GameWorld.spawn(GameWorld.kt:396)
	at com.almasb.fxgl.entity@17.1/com.almasb.fxgl.entity.GameWorld.spawn(GameWorld.kt:384)
	at com.almasb.fxgl.all@17.1/com.almasb.fxgl.dsl.FXGL$Companion.spawn(FXGL.kt:557)
	at com.almasb.fxgl.all@17.1/com.almasb.fxgl.dsl.FXGL.spawn(FXGL.kt)
	at neu.cs.sacrifice/neu.cs.sacrifice.SACRIFICE.initGame(SACRIFICE.java:88)
	at com.almasb.fxgl.all@17.1/com.almasb.fxgl.app.FXGLApplication$InitAppTask.initGame(FXGLApplication.kt:339)
	at com.almasb.fxgl.all@17.1/com.almasb.fxgl.app.FXGLApplication$InitAppTask.call(FXGLApplication.kt:319)
	at com.almasb.fxgl.all@17.1/com.almasb.fxgl.app.FXGLApplication$InitAppTask.call(FXGLApplication.kt:311)
	at javafx.graphics/javafx.concurrent.Task$TaskCallable.call(Task.java:1426)
	at java.base/java.util.concurrent.FutureTask.run(FutureTask.java:264)
	at java.base/java.util.concurrent.Executors$RunnableAdapter.call(Executors.java:539)
	at java.base/java.util.concurrent.FutureTask.run(FutureTask.java:264)
	at java.base/java.util.concurrent.ThreadPoolExecutor.runWorker(ThreadPoolExecutor.java:1136)
	at java.base/java.util.concurrent.ThreadPoolExecutor$Worker.run(ThreadPoolExecutor.java:635)
	... 1 more

20:49:40.577 [JavaFX Application Thread] FATAL FXGLApplication      - Application will now exit
20:49:40.626 [JavaFX Application Thread] DEBUG PrimaryStageWindow   - Push state: ErrorSubScene
20:49:40.626 [JavaFX Application Thread] DEBUG Input                - Clearing active input actions
20:49:40.635 [JavaFX Application Thread] DEBUG GameApplicationServi - Removing overlay from FXGLLoadingScene and adding to ErrorSubScene
20:49:40.635 [JavaFX Application Thread] DEBUG PrimaryStageWindow   - FXGLLoadingScene -> ErrorSubScene
20:49:40.692 [FXGL Background Thread 4 ] DEBUG FXGLAssetLoaderServi - Loading from file system: jar:file:///C:/Users/FPTSHOP/.m2/repository/com/github/almasb/fxgl/17.1/fxgl-17.1.jar!/fxglassets/ui/fonts/Abel-Regular.ttf
20:49:40.699 [FXGL Background Thread 4 ] DEBUG FXGLAssetLoaderServi - Loading from file system: jar:file:///C:/Users/FPTSHOP/.m2/repository/com/github/almasb/fxgl/17.1/fxgl-17.1.jar!/fxglassets/ui/fonts/TerminalLandMono-Regular.otf
20:49:40.708 [FXGL Background Thread 4 ] DEBUG FXGLAssetLoaderServi - Loading from file system: jar:file:///C:/Users/FPTSHOP/.m2/repository/com/github/almasb/fxgl/17.1/fxgl-17.1.jar!/fxglassets/ui/fonts/Courier-Prime.ttf
20:49:41.059 [JavaFX Application Thread] DEBUG FXGLApplication      - Registering font factories with UI factory
20:49:41.223 [FXGL Background Thread 2 ] INFO  UpdaterService       - Your current version:  17.1
20:49:41.223 [FXGL Background Thread 2 ] INFO  UpdaterService       - Latest stable version: 17.3
20:49:43.306 [FXGL Background Thread 3 ] DEBUG Engine               - Logging environment variables
20:49:43.307 [FXGL Background Thread 3 ] DEBUG Engine               - achievements: []
20:49:43.307 [FXGL Background Thread 3 ] DEBUG Engine               - actualHeight: 756.0
20:49:43.307 [FXGL Background Thread 3 ] DEBUG Engine               - actualHeightProperty: ReadOnlyDoubleProperty [value: 756.0]
20:49:43.307 [FXGL Background Thread 3 ] DEBUG Engine               - actualWidth: 1280.0
20:49:43.307 [FXGL Background Thread 3 ] DEBUG Engine               - actualWidthProperty: ReadOnlyDoubleProperty [value: 1280.0]
20:49:43.308 [FXGL Background Thread 3 ] DEBUG Engine               - appIcon: fxgl_icon.png
20:49:43.308 [FXGL Background Thread 3 ] DEBUG Engine               - applicationMode: DEVELOPER
20:49:43.308 [FXGL Background Thread 3 ] DEBUG Engine               - cSSList: [fxgl_dark.css]
20:49:43.308 [FXGL Background Thread 3 ] DEBUG Engine               - collisionDetectionStrategy: BRUTE_FORCE
20:49:43.308 [FXGL Background Thread 3 ] DEBUG Engine               - configClass: Optional.empty
20:49:43.308 [FXGL Background Thread 3 ] DEBUG Engine               - credits: []
20:49:43.309 [FXGL Background Thread 3 ] DEBUG Engine               - defaultCursor: CursorInfo(imageName=fxgl_default_cursor.png, hotspotX=7.0, hotspotY=6.0)
20:49:43.309 [FXGL Background Thread 3 ] DEBUG Engine               - devBBoxColorProperty: ObjectProperty [value: 0xff0000ff]
20:49:43.309 [FXGL Background Thread 3 ] DEBUG Engine               - devEnableDebugCameraProperty: BooleanProperty [value: false]
20:49:43.309 [FXGL Background Thread 3 ] DEBUG Engine               - devSensorColorProperty: ObjectProperty [value: 0xffff00ff]
20:49:43.309 [FXGL Background Thread 3 ] DEBUG Engine               - devShowBBoxProperty: BooleanProperty [value: false]
20:49:43.309 [FXGL Background Thread 3 ] DEBUG Engine               - devShowPositionProperty: BooleanProperty [value: false]
20:49:43.309 [FXGL Background Thread 3 ] DEBUG Engine               - enabledMenuItems: []
20:49:43.309 [FXGL Background Thread 3 ] DEBUG Engine               - engineServices: [class com.almasb.fxgl.app.services.FXGLAssetLoaderService, class com.almasb.fxgl.app.FXGLApplication$GameApplicationService, class com.almasb.fxgl.app.services.FXGLDialogService, class com.almasb.fxgl.app.services.IOTaskExecutorService, class com.almasb.fxgl.io.FileSystemService, class com.almasb.fxgl.localization.LocalizationService, class com.almasb.fxgl.app.services.SystemBundleService, class com.almasb.fxgl.profile.SaveLoadService, class com.almasb.fxgl.ui.FXGLUIFactoryServiceProvider, class com.almasb.fxgl.ui.FXGLDialogFactoryServiceProvider, class com.almasb.fxgl.audio.AudioPlayer, class com.almasb.fxgl.notification.impl.NotificationServiceProvider, class com.almasb.fxgl.achievement.AchievementService, class com.almasb.fxgl.cutscene.CutsceneService, class com.almasb.fxgl.minigames.MiniGameService, class com.almasb.fxgl.net.NetService, class com.almasb.fxgl.app.services.UpdaterService, class com.almasb.fxgl.dev.DevService]
20:49:43.309 [FXGL Background Thread 3 ] DEBUG Engine               - fontGame: Abel-Regular.ttf
20:49:43.309 [FXGL Background Thread 3 ] DEBUG Engine               - fontMono: TerminalLandMono-Regular.otf
20:49:43.309 [FXGL Background Thread 3 ] DEBUG Engine               - fontText: Courier-Prime.ttf
20:49:43.310 [FXGL Background Thread 3 ] DEBUG Engine               - fontUI: VarelaRound-Regular.ttf
20:49:43.310 [FXGL Background Thread 3 ] DEBUG Engine               - fullScreen: BooleanProperty [value: false]
20:49:43.310 [FXGL Background Thread 3 ] DEBUG Engine               - gameDifficulty: MEDIUM
20:49:43.310 [FXGL Background Thread 3 ] DEBUG Engine               - gameDifficultyProperty: ObjectProperty [value: MEDIUM]
20:49:43.310 [FXGL Background Thread 3 ] DEBUG Engine               - globalMusicVolume: 0.5
20:49:43.310 [FXGL Background Thread 3 ] DEBUG Engine               - globalMusicVolumeProperty: DoubleProperty [value: 0.5]
20:49:43.310 [FXGL Background Thread 3 ] DEBUG Engine               - globalSoundVolume: 0.5
20:49:43.310 [FXGL Background Thread 3 ] DEBUG Engine               - globalSoundVolumeProperty: DoubleProperty [value: 0.5]
20:49:43.310 [FXGL Background Thread 3 ] DEBUG Engine               - height: 756
20:49:43.310 [FXGL Background Thread 3 ] DEBUG Engine               - is3D: false
20:49:43.310 [FXGL Background Thread 3 ] DEBUG Engine               - isAndroid: false
20:49:43.310 [FXGL Background Thread 3 ] DEBUG Engine               - isBrowser: false
20:49:43.310 [FXGL Background Thread 3 ] DEBUG Engine               - isClickFeedbackEnabled: false
20:49:43.310 [FXGL Background Thread 3 ] DEBUG Engine               - isCloseConfirmation: false
20:49:43.310 [FXGL Background Thread 3 ] DEBUG Engine               - isDesktop: true
20:49:43.310 [FXGL Background Thread 3 ] DEBUG Engine               - isDeveloperMenuEnabled: false
20:49:43.311 [FXGL Background Thread 3 ] DEBUG Engine               - isEmbedded: false
20:49:43.311 [FXGL Background Thread 3 ] DEBUG Engine               - isEntityPreloadEnabled: true
20:49:43.311 [FXGL Background Thread 3 ] DEBUG Engine               - isExperimentalTiledLargeMap: false
20:49:43.311 [FXGL Background Thread 3 ] DEBUG Engine               - isFileSystemWriteAllowed: true
20:49:43.311 [FXGL Background Thread 3 ] DEBUG Engine               - isFullScreenAllowed: false
20:49:43.311 [FXGL Background Thread 3 ] DEBUG Engine               - isFullScreenFromStart: false
20:49:43.311 [FXGL Background Thread 3 ] DEBUG Engine               - isGameMenuEnabled: true
20:49:43.311 [FXGL Background Thread 3 ] DEBUG Engine               - isIOS: false
20:49:43.311 [FXGL Background Thread 3 ] DEBUG Engine               - isIntroEnabled: false
20:49:43.311 [FXGL Background Thread 3 ] DEBUG Engine               - isLinux: false
20:49:43.311 [FXGL Background Thread 3 ] DEBUG Engine               - isMac: false
20:49:43.311 [FXGL Background Thread 3 ] DEBUG Engine               - isMainMenuEnabled: false
20:49:43.311 [FXGL Background Thread 3 ] DEBUG Engine               - isManualResizeEnabled: false
20:49:43.311 [FXGL Background Thread 3 ] DEBUG Engine               - isMobile: false
20:49:43.311 [FXGL Background Thread 3 ] DEBUG Engine               - isNative: false
20:49:43.311 [FXGL Background Thread 3 ] DEBUG Engine               - isPauseMusicWhenMinimized: true
20:49:43.311 [FXGL Background Thread 3 ] DEBUG Engine               - isPreserveResizeRatio: false
20:49:43.312 [FXGL Background Thread 3 ] DEBUG Engine               - isProfilingEnabled: false
20:49:43.312 [FXGL Background Thread 3 ] DEBUG Engine               - isScaleAffectedOnResize: true
20:49:43.312 [FXGL Background Thread 3 ] DEBUG Engine               - isSingleStep: false
20:49:43.312 [FXGL Background Thread 3 ] DEBUG Engine               - isUserProfileEnabled: false
20:49:43.312 [FXGL Background Thread 3 ] DEBUG Engine               - isWindows: true
20:49:43.312 [FXGL Background Thread 3 ] DEBUG Engine               - language: ObjectProperty [value: ENGLISH]
20:49:43.312 [FXGL Background Thread 3 ] DEBUG Engine               - menuKey: ESCAPE
20:49:43.312 [FXGL Background Thread 3 ] DEBUG Engine               - mouseSensitivity: 0.2
20:49:43.312 [FXGL Background Thread 3 ] DEBUG Engine               - notificationViewClass: class com.almasb.fxgl.notification.view.XboxNotificationView
20:49:43.312 [FXGL Background Thread 3 ] DEBUG Engine               - pixelsPerMeter: 50.0
20:49:43.312 [FXGL Background Thread 3 ] DEBUG Engine               - platform: WINDOWS
20:49:43.312 [FXGL Background Thread 3 ] DEBUG Engine               - prefHeightProperty: ReadOnlyDoubleProperty [value: 756.0]
20:49:43.312 [FXGL Background Thread 3 ] DEBUG Engine               - prefWidthProperty: ReadOnlyDoubleProperty [value: 1280.0]
20:49:43.312 [FXGL Background Thread 3 ] DEBUG Engine               - profileDir: profiles/
20:49:43.312 [FXGL Background Thread 3 ] DEBUG Engine               - profileName: StringProperty [value: DEFAULT]
20:49:43.312 [FXGL Background Thread 3 ] DEBUG Engine               - randomSeed: -1
20:49:43.313 [FXGL Background Thread 3 ] DEBUG Engine               - runtimeInfo: RuntimeInfo(platform=WINDOWS, version=17.1, build=24.03.2022 17.34)
20:49:43.313 [FXGL Background Thread 3 ] DEBUG Engine               - saveFileExt: sav
20:49:43.313 [FXGL Background Thread 3 ] DEBUG Engine               - scaledHeightProp$fxgl: DoubleProperty [bound, value: 756.0]
20:49:43.313 [FXGL Background Thread 3 ] DEBUG Engine               - scaledWidthProp$fxgl: DoubleProperty [bound, value: 1280.0]
20:49:43.313 [FXGL Background Thread 3 ] DEBUG Engine               - sceneFactory: com.almasb.fxgl.app.scene.SceneFactory@429a620
20:49:43.313 [FXGL Background Thread 3 ] DEBUG Engine               - secondsIn24h: 60
20:49:43.313 [FXGL Background Thread 3 ] DEBUG Engine               - soundMenuBack: menu/back.wav
20:49:43.313 [FXGL Background Thread 3 ] DEBUG Engine               - soundMenuPress: menu/press.wav
20:49:43.313 [FXGL Background Thread 3 ] DEBUG Engine               - soundMenuSelect: menu/select.wav
20:49:43.313 [FXGL Background Thread 3 ] DEBUG Engine               - soundNotification: core/notification.wav
20:49:43.313 [FXGL Background Thread 3 ] DEBUG Engine               - stageStyle: DECORATED
20:49:43.313 [FXGL Background Thread 3 ] DEBUG Engine               - supportedLanguages: [ENGLISH, FRENCH, GERMAN, HUNGARIAN, RUSSIAN]
20:49:43.313 [FXGL Background Thread 3 ] DEBUG Engine               - ticksPerSecond: -1
20:49:43.313 [FXGL Background Thread 3 ] DEBUG Engine               - title: SACRIFICE
20:49:43.313 [FXGL Background Thread 3 ] DEBUG Engine               - urlGithub: https://github.com/AlmasB/FXGL
20:49:43.314 [FXGL Background Thread 3 ] DEBUG Engine               - urlLeaderboard: http://fxgl-top.herokuapp.com/
20:49:43.314 [FXGL Background Thread 3 ] DEBUG Engine               - urlPOM: https://raw.githubusercontent.com/AlmasB/FXGL/release/README.md
20:49:43.314 [FXGL Background Thread 3 ] DEBUG Engine               - userAppClass: class neu.cs.sacrifice.SACRIFICE
20:49:43.314 [FXGL Background Thread 3 ] DEBUG Engine               - version: 0.0
20:49:43.314 [FXGL Background Thread 3 ] DEBUG Engine               - versionCheckDays: 7
20:49:43.314 [FXGL Background Thread 3 ] DEBUG Engine               - width: 1280
20:49:43.314 [FXGL Background Thread 3 ] DEBUG Engine               - Logging services
20:49:43.314 [FXGL Background Thread 3 ] DEBUG Engine               - class com.almasb.fxgl.app.services.FXGLAssetLoaderService
20:49:43.314 [FXGL Background Thread 3 ] DEBUG Engine               - class com.almasb.fxgl.app.FXGLApplication$GameApplicationService
20:49:43.314 [FXGL Background Thread 3 ] DEBUG Engine               - class com.almasb.fxgl.app.services.FXGLDialogService
20:49:43.314 [FXGL Background Thread 3 ] DEBUG Engine               - class com.almasb.fxgl.app.services.IOTaskExecutorService
20:49:43.314 [FXGL Background Thread 3 ] DEBUG Engine               - class com.almasb.fxgl.io.FileSystemService
20:49:43.314 [FXGL Background Thread 3 ] DEBUG Engine               - class com.almasb.fxgl.localization.LocalizationService
20:49:43.314 [FXGL Background Thread 3 ] DEBUG Engine               - class com.almasb.fxgl.app.services.SystemBundleService
20:49:43.314 [FXGL Background Thread 3 ] DEBUG Engine               - class com.almasb.fxgl.profile.SaveLoadService
20:49:43.314 [FXGL Background Thread 3 ] DEBUG Engine               - class com.almasb.fxgl.ui.FXGLUIFactoryServiceProvider
20:49:43.314 [FXGL Background Thread 3 ] DEBUG Engine               - class com.almasb.fxgl.ui.FXGLDialogFactoryServiceProvider
20:49:43.315 [FXGL Background Thread 3 ] DEBUG Engine               - class com.almasb.fxgl.audio.AudioPlayer
20:49:43.315 [FXGL Background Thread 3 ] DEBUG Engine               - class com.almasb.fxgl.notification.impl.NotificationServiceProvider
20:49:43.315 [FXGL Background Thread 3 ] DEBUG Engine               - class com.almasb.fxgl.achievement.AchievementService
20:49:43.315 [FXGL Background Thread 3 ] DEBUG Engine               - class com.almasb.fxgl.cutscene.CutsceneService
20:49:43.315 [FXGL Background Thread 3 ] DEBUG Engine               - class com.almasb.fxgl.minigames.MiniGameService
20:49:43.315 [FXGL Background Thread 3 ] DEBUG Engine               - class com.almasb.fxgl.net.NetService
20:49:43.315 [FXGL Background Thread 3 ] DEBUG Engine               - class com.almasb.fxgl.app.services.UpdaterService
20:49:43.315 [FXGL Background Thread 3 ] DEBUG Engine               - class com.almasb.fxgl.dev.DevService
20:49:47.077 [JavaFX Application Thread] DEBUG FXGLApplication      - Exiting FXGL
20:49:47.077 [JavaFX Application Thread] DEBUG Async                - Shutting down background threads
20:49:47.077 [JavaFX Application Thread] DEBUG PrimaryStageWindow   - Closing main window
20:49:47.100 [JavaFX Application Thread] DEBUG Logger               - Closing Logger
