10:59:26.967 [main                     ] DEBUG Logger               - Configured Logger
10:59:26.998 [main                     ] DEBUG GameApplication      - Logging settings
Title: SACRIFICE
Version: 0.0
Width: 1280
Height: 756
Fullscreen: false
Intro: false
Profiling: false
Single step:false
App Mode: DEVELOPER
Menu Key: ESCAPE
Stage Style: DECORATED
Scene Factory: class com.almasb.fxgl.app.scene.SceneFactory

10:59:27.504 [JavaFX Application Thread] DEBUG FXGLApplication      - Initializing FXGL
10:59:27.512 [JavaFX Application Thread] INFO  Engine               - FXGL-17.1 (24.03.2022 17.34) on WINDOWS (J:17.0.4.1 FX:17.0.2-ea)
10:59:27.512 [JavaFX Application Thread] DEBUG Engine               - JRE Vendor Name: Oracle Corporation
10:59:27.513 [JavaFX Application Thread] DEBUG Engine               - Running on OS: Windows 11 version 10.0
10:59:27.513 [JavaFX Application Thread] DEBUG Engine               - Architecture: amd64
10:59:27.513 [JavaFX Application Thread] INFO  Engine               - Source code and latest versions at: https://github.com/AlmasB/FXGL
10:59:27.513 [JavaFX Application Thread] INFO  Engine               -       Ask questions and discuss at: https://github.com/AlmasB/FXGL/discussions
10:59:27.513 [JavaFX Application Thread] INFO  Engine               -              Join the FXGL chat at: https://gitter.im/AlmasB/FXGL
10:59:27.643 [JavaFX Application Thread] DEBUG PrimaryStageWindow   - Creating a JavaFX scene
10:59:27.721 [JavaFX Application Thread] DEBUG PrimaryStageWindow   - Target settings size: 1280.0 x 756.0
10:59:27.722 [JavaFX Application Thread] DEBUG PrimaryStageWindow   - Scaled scene size:    1280.0 x 756.0
10:59:27.722 [JavaFX Application Thread] DEBUG PrimaryStageWindow   - Scaled ratio: (1.0, 1.0)
10:59:27.724 [JavaFX Application Thread] DEBUG PrimaryStageWindow   - Set initial scene to FXGLStartupScene
10:59:27.733 [JavaFX Application Thread] DEBUG PrimaryStageWindow   - Opening main window
10:59:27.874 [JavaFX Application Thread] DEBUG PrimaryStageWindow   - Window border size: (14.4000244140625, 37.5999755859375)
10:59:27.875 [JavaFX Application Thread] DEBUG PrimaryStageWindow   - Scaled size: 1280.0 x 756.0
10:59:27.875 [JavaFX Application Thread] DEBUG PrimaryStageWindow   - Scaled ratio: (1.0, 1.0)
10:59:27.876 [JavaFX Application Thread] DEBUG PrimaryStageWindow   - Scene size: 1280.0 x 756.0
10:59:27.876 [JavaFX Application Thread] DEBUG PrimaryStageWindow   - Stage size: 1294.4000244140625 x 793.5999755859375
10:59:27.895 [FXGL Background Thread 1 ] DEBUG Engine               - Initializing environment variables
10:59:27.946 [FXGL Background Thread 1 ] DEBUG FXGLAssetLoaderServi - User app class for loading assets: class neu.cs.sacrifice.SACRIFICE
10:59:27.946 [FXGL Background Thread 1 ] DEBUG GameApplicationServi - Applying CSS: fxgl_dark.css
10:59:27.948 [FXGL Background Thread 1 ] DEBUG FXGLAssetLoaderServi - Loading from file system: jar:file:///C:/Users/FPTSHOP/.m2/repository/com/github/almasb/fxgl/17.1/fxgl-17.1.jar!/fxglassets/ui/css/fxgl_dark.css
10:59:28.024 [FXGL Background Thread 1 ] DEBUG GameApplicationServi - Initializing application scenes
10:59:28.097 [FXGL Background Thread 1 ] DEBUG GameWorld            - Game world initialized
10:59:28.177 [FXGL Background Thread 1 ] DEBUG PhysicsWorld         - Physics world initialized: appHeight=756, physics.ppm=50,0
10:59:28.177 [FXGL Background Thread 1 ] DEBUG PhysicsWorld         - Using strategy: BRUTE_FORCE
10:59:28.183 [FXGL Background Thread 1 ] DEBUG GameScene            - Game scene initialized: 1280x756
10:59:28.201 [FXGL Background Thread 1 ] DEBUG FXGL.DefaultMenu     - createMenuBodyGameMenu()
10:59:28.221 [FXGL Background Thread 1 ] DEBUG FXGL.DefaultMenu     - createOptionsMenu()
10:59:28.237 [FXGL Background Thread 1 ] DEBUG FXGLAssetLoaderServi - Loading from file system: jar:file:///C:/Users/FPTSHOP/.m2/repository/com/github/almasb/fxgl/17.1/fxgl-17.1.jar!/fxglassets/textures/particles/smoke.png
10:59:28.342 [FXGL Background Thread 1 ] DEBUG FXGLAssetLoaderServi - Loading from file system: jar:file:///C:/Users/FPTSHOP/.m2/repository/com/github/almasb/fxgl/17.1/fxgl-17.1.jar!/fxglassets/textures/particles/trace_horizontal.png
10:59:28.372 [FXGL Background Thread 1 ] DEBUG GameApplicationServi - Application scenes initialized
10:59:28.387 [FXGL Background Thread 1 ] DEBUG SystemBundleService  - Loading FXGL system data
10:59:28.402 [FXGL Background Thread 1 ] DEBUG FileSystemAccess     - Reading from: D:\Github Clone Repositories\SACRIFICE\SACRIFICE\system\fxgl.bundle
10:59:28.415 [FXGL Background Thread 1 ] DEBUG SystemBundleService  - Bundle FXGL: {}
10:59:28.415 [FXGL Background Thread 1 ] DEBUG UpdaterService       - Checking for updates
10:59:28.421 [FXGL Background Thread 1 ] DEBUG FXGLApplication      - Loading default localization
10:59:28.422 [FXGL Background Thread 1 ] DEBUG FXGLAssetLoaderServi - Loading from file system: jar:file:///C:/Users/FPTSHOP/.m2/repository/com/github/almasb/fxgl/17.1/fxgl-17.1.jar!/fxglassets/languages/english.lang
10:59:28.423 [FXGL Background Thread 4 ] DEBUG FXGLApplication      - Loading fonts
10:59:28.425 [FXGL Background Thread 4 ] DEBUG FXGLAssetLoaderServi - Loading from file system: jar:file:///C:/Users/FPTSHOP/.m2/repository/com/github/almasb/fxgl/17.1/fxgl-17.1.jar!/fxglassets/ui/fonts/VarelaRound-Regular.ttf
10:59:28.448 [FXGL Background Thread 1 ] INFO  FXGLApplication      - FXGL initialization took: 0,553 sec
10:59:28.459 [JavaFX Application Thread] DEBUG Input                - Registered new binding: left - A
10:59:28.459 [JavaFX Application Thread] DEBUG Input                - Registered new binding: right - D
10:59:28.463 [JavaFX Application Thread] DEBUG FXGLAssetLoaderServi - Loading from file system: file:/D:/Github%20Clone%20Repositories/SACRIFICE/SACRIFICE/target/classes/assets/textures/1.png
10:59:28.529 [FXGL Background Thread 4 ] DEBUG FXGLAssetLoaderServi - Loading from file system: jar:file:///C:/Users/FPTSHOP/.m2/repository/com/github/almasb/fxgl/17.1/fxgl-17.1.jar!/fxglassets/ui/fonts/Abel-Regular.ttf
10:59:28.534 [FXGL Background Thread 4 ] DEBUG FXGLAssetLoaderServi - Loading from file system: jar:file:///C:/Users/FPTSHOP/.m2/repository/com/github/almasb/fxgl/17.1/fxgl-17.1.jar!/fxglassets/ui/fonts/TerminalLandMono-Regular.otf
10:59:28.539 [FXGL Background Thread 4 ] DEBUG FXGLAssetLoaderServi - Loading from file system: jar:file:///C:/Users/FPTSHOP/.m2/repository/com/github/almasb/fxgl/17.1/fxgl-17.1.jar!/fxglassets/ui/fonts/Courier-Prime.ttf
10:59:28.697 [JavaFX Application Thread] DEBUG FXGLAssetLoaderServi - Loading from file system: jar:file:///C:/Users/FPTSHOP/.m2/repository/com/github/almasb/fxgl/17.1/fxgl-17.1.jar!/fxglassets/textures/fxgl_icon.png
10:59:28.707 [JavaFX Application Thread] DEBUG FXGLAssetLoaderServi - Loading from file system: jar:file:///C:/Users/FPTSHOP/.m2/repository/com/github/almasb/fxgl/17.1/fxgl-17.1.jar!/fxglassets/textures/fxgl_default_cursor.png
10:59:28.709 [JavaFX Application Thread] DEBUG Input                - Registered new binding: Screenshot - CTRL+8
10:59:28.710 [JavaFX Application Thread] DEBUG Input                - Registered new binding: System info dump - CTRL+9
10:59:28.710 [JavaFX Application Thread] DEBUG Input                - Registered new binding: Restart - CTRL+R
10:59:28.710 [JavaFX Application Thread] DEBUG Input                - Registered new binding: Toggle Debug Camera - CTRL+7
10:59:28.712 [JavaFX Application Thread] DEBUG LoopRunner           - Starting loop
10:59:28.712 [JavaFX Application Thread] DEBUG LoopRunner           - Initializing JavaFX AnimationTimerLoop
10:59:28.714 [JavaFX Application Thread] DEBUG GameApplicationServi - Starting new game
10:59:28.714 [JavaFX Application Thread] DEBUG Input                - Clearing active input actions
10:59:28.724 [JavaFX Application Thread] DEBUG GameApplicationServi - Removing overlay from FXGLStartupScene and adding to FXGLLoadingScene
10:59:28.725 [JavaFX Application Thread] DEBUG PrimaryStageWindow   - FXGLStartupScene -> FXGLLoadingScene
10:59:28.725 [JavaFX Application Thread] DEBUG GameApplicationServi - Clearing previous game
10:59:28.725 [JavaFX Application Thread] DEBUG GameScene            - Clearing game scene
10:59:28.725 [JavaFX Application Thread] DEBUG GameWorld            - Clearing game world
10:59:28.725 [JavaFX Application Thread] DEBUG PhysicsWorld         - Clearing physics world
10:59:28.727 [JavaFX Application Thread] DEBUG FXGLApplication      - Registering font factories with UI factory
10:59:28.727 [FXGL Background Thread 4 ] DEBUG FXGLApplication      - Initializing game
10:59:28.793 [FXGL Background Thread 4 ] INFO  FXGLApplication      - Game initialization took: 0,067 sec
10:59:28.885 [JavaFX Application Thread] DEBUG Input                - Clearing active input actions
10:59:28.893 [JavaFX Application Thread] DEBUG GameApplicationServi - Removing overlay from FXGLLoadingScene and adding to GameScene
10:59:28.894 [JavaFX Application Thread] DEBUG PrimaryStageWindow   - FXGLLoadingScene -> GameScene
10:59:29.500 [FXGL Background Thread 2 ] INFO  UpdaterService       - Your current version:  17.1
10:59:29.501 [FXGL Background Thread 2 ] INFO  UpdaterService       - Latest stable version: 17.3
10:59:29.910 [JavaFX Application Thread] DEBUG FXGLApplication      - Exiting FXGL
10:59:29.910 [JavaFX Application Thread] DEBUG LoopRunner           - Stopping loop
10:59:29.910 [JavaFX Application Thread] DEBUG SystemBundleService  - Saving FXGL system data
10:59:29.914 [JavaFX Application Thread] DEBUG FileSystemAccess     - Writing to: D:\Github Clone Repositories\SACRIFICE\SACRIFICE\system\fxgl.bundle
10:59:29.916 [JavaFX Application Thread] DEBUG Async                - Shutting down background threads
10:59:29.916 [JavaFX Application Thread] DEBUG PrimaryStageWindow   - Closing main window
10:59:29.935 [JavaFX Application Thread] DEBUG Logger               - Closing Logger
