14:04:46.115 [main                     ] DEBUG Logger               - Configured Logger
14:04:46.157 [main                     ] DEBUG GameApplication      - Logging settings
Title: SACRIFICE
Version: 0.0
Width: 1280
Height: 756
Fullscreen: false
Intro: false
Profiling: false
Single step:false
App Mode: DEVELOPER
Menu Key: ESCAPE
Stage Style: DECORATED
Scene Factory: class com.almasb.fxgl.app.scene.SceneFactory

14:04:46.559 [JavaFX Application Thread] DEBUG FXGLApplication      - Initializing FXGL
14:04:46.569 [JavaFX Application Thread] INFO  Engine               - FXGL-17.1 (24.03.2022 17.34) on WINDOWS (J:17.0.4.1 FX:17.0.2-ea)
14:04:46.570 [JavaFX Application Thread] DEBUG Engine               - JRE Vendor Name: Oracle Corporation
14:04:46.570 [JavaFX Application Thread] DEBUG Engine               - Running on OS: Windows 11 version 10.0
14:04:46.570 [JavaFX Application Thread] DEBUG Engine               - Architecture: amd64
14:04:46.570 [JavaFX Application Thread] INFO  Engine               - Source code and latest versions at: https://github.com/AlmasB/FXGL
14:04:46.570 [JavaFX Application Thread] INFO  Engine               -       Ask questions and discuss at: https://github.com/AlmasB/FXGL/discussions
14:04:46.571 [JavaFX Application Thread] INFO  Engine               -              Join the FXGL chat at: https://gitter.im/AlmasB/FXGL
14:04:46.702 [JavaFX Application Thread] DEBUG PrimaryStageWindow   - Creating a JavaFX scene
14:04:46.802 [JavaFX Application Thread] DEBUG PrimaryStageWindow   - Target settings size: 1280.0 x 756.0
14:04:46.803 [JavaFX Application Thread] DEBUG PrimaryStageWindow   - Scaled scene size:    1280.0 x 756.0
14:04:46.803 [JavaFX Application Thread] DEBUG PrimaryStageWindow   - Scaled ratio: (1.0, 1.0)
14:04:46.804 [JavaFX Application Thread] DEBUG PrimaryStageWindow   - Set initial scene to FXGLStartupScene
14:04:46.812 [JavaFX Application Thread] DEBUG PrimaryStageWindow   - Opening main window
14:04:46.899 [JavaFX Application Thread] DEBUG PrimaryStageWindow   - Window border size: (14.4000244140625, 37.5999755859375)
14:04:46.899 [JavaFX Application Thread] DEBUG PrimaryStageWindow   - Scaled size: 1280.0 x 756.0
14:04:46.899 [JavaFX Application Thread] DEBUG PrimaryStageWindow   - Scaled ratio: (1.0, 1.0)
14:04:46.899 [JavaFX Application Thread] DEBUG PrimaryStageWindow   - Scene size: 1280.0 x 756.0
14:04:46.900 [JavaFX Application Thread] DEBUG PrimaryStageWindow   - Stage size: 1294.4000244140625 x 793.5999755859375
14:04:46.908 [FXGL Background Thread 1 ] DEBUG Engine               - Initializing environment variables
14:04:46.952 [FXGL Background Thread 1 ] DEBUG FXGLAssetLoaderServi - User app class for loading assets: class neu.cs.sacrifice.SACRIFICE
14:04:46.952 [FXGL Background Thread 1 ] DEBUG GameApplicationServi - Applying CSS: fxgl_dark.css
14:04:46.954 [FXGL Background Thread 1 ] DEBUG FXGLAssetLoaderServi - Loading from file system: jar:file:///C:/Users/FPTSHOP/.m2/repository/com/github/almasb/fxgl/17.1/fxgl-17.1.jar!/fxglassets/ui/css/fxgl_dark.css
14:04:47.025 [FXGL Background Thread 1 ] DEBUG GameApplicationServi - Initializing application scenes
14:04:47.082 [FXGL Background Thread 1 ] DEBUG GameWorld            - Game world initialized
14:04:47.154 [FXGL Background Thread 1 ] DEBUG PhysicsWorld         - Physics world initialized: appHeight=756, physics.ppm=50,0
14:04:47.155 [FXGL Background Thread 1 ] DEBUG PhysicsWorld         - Using strategy: BRUTE_FORCE
14:04:47.160 [FXGL Background Thread 1 ] DEBUG GameScene            - Game scene initialized: 1280x756
14:04:47.174 [FXGL Background Thread 1 ] DEBUG FXGL.DefaultMenu     - createMenuBodyGameMenu()
14:04:47.192 [FXGL Background Thread 1 ] DEBUG FXGL.DefaultMenu     - createOptionsMenu()
14:04:47.211 [FXGL Background Thread 1 ] DEBUG FXGLAssetLoaderServi - Loading from file system: jar:file:///C:/Users/FPTSHOP/.m2/repository/com/github/almasb/fxgl/17.1/fxgl-17.1.jar!/fxglassets/textures/particles/smoke.png
14:04:47.371 [FXGL Background Thread 1 ] DEBUG FXGLAssetLoaderServi - Loading from file system: jar:file:///C:/Users/FPTSHOP/.m2/repository/com/github/almasb/fxgl/17.1/fxgl-17.1.jar!/fxglassets/textures/particles/trace_horizontal.png
14:04:47.420 [FXGL Background Thread 1 ] DEBUG GameApplicationServi - Application scenes initialized
14:04:47.440 [FXGL Background Thread 1 ] DEBUG SystemBundleService  - Loading FXGL system data
14:04:47.448 [FXGL Background Thread 1 ] DEBUG FileSystemAccess     - Reading from: D:\Github Clone Repositories\SACRIFICE\SACRIFICE\system\fxgl.bundle
14:04:47.457 [FXGL Background Thread 1 ] DEBUG SystemBundleService  - Bundle FXGL: {}
14:04:47.458 [FXGL Background Thread 1 ] DEBUG UpdaterService       - Checking for updates
14:04:47.464 [FXGL Background Thread 1 ] DEBUG FXGLApplication      - Loading default localization
14:04:47.468 [FXGL Background Thread 1 ] DEBUG FXGLAssetLoaderServi - Loading from file system: jar:file:///C:/Users/FPTSHOP/.m2/repository/com/github/almasb/fxgl/17.1/fxgl-17.1.jar!/fxglassets/languages/english.lang
14:04:47.472 [FXGL Background Thread 4 ] DEBUG FXGLApplication      - Loading fonts
14:04:47.474 [FXGL Background Thread 4 ] DEBUG FXGLAssetLoaderServi - Loading from file system: jar:file:///C:/Users/FPTSHOP/.m2/repository/com/github/almasb/fxgl/17.1/fxgl-17.1.jar!/fxglassets/ui/fonts/VarelaRound-Regular.ttf
14:04:47.517 [FXGL Background Thread 1 ] INFO  FXGLApplication      - FXGL initialization took: 0,609 sec
14:04:47.532 [JavaFX Application Thread] DEBUG Input                - Registered new binding: left - A
14:04:47.533 [JavaFX Application Thread] DEBUG Input                - Registered new binding: right - D
14:04:47.533 [JavaFX Application Thread] DEBUG Input                - Registered new binding: use - X
14:04:47.556 [JavaFX Application Thread] DEBUG FXGLAssetLoaderServi - Loading from file system: file:/D:/Github%20Clone%20Repositories/SACRIFICE/SACRIFICE/target/classes/assets/textures/f1.png
14:04:47.772 [FXGL Background Thread 4 ] DEBUG FXGLAssetLoaderServi - Loading from file system: jar:file:///C:/Users/FPTSHOP/.m2/repository/com/github/almasb/fxgl/17.1/fxgl-17.1.jar!/fxglassets/ui/fonts/Abel-Regular.ttf
14:04:47.780 [FXGL Background Thread 4 ] DEBUG FXGLAssetLoaderServi - Loading from file system: jar:file:///C:/Users/FPTSHOP/.m2/repository/com/github/almasb/fxgl/17.1/fxgl-17.1.jar!/fxglassets/ui/fonts/TerminalLandMono-Regular.otf
14:04:47.785 [FXGL Background Thread 4 ] DEBUG FXGLAssetLoaderServi - Loading from file system: jar:file:///C:/Users/FPTSHOP/.m2/repository/com/github/almasb/fxgl/17.1/fxgl-17.1.jar!/fxglassets/ui/fonts/Courier-Prime.ttf
14:04:47.890 [JavaFX Application Thread] DEBUG FXGLAssetLoaderServi - Loading from file system: file:/D:/Github%20Clone%20Repositories/SACRIFICE/SACRIFICE/target/classes/assets/textures/f2.png
14:04:48.115 [JavaFX Application Thread] DEBUG FXGLAssetLoaderServi - Loading from file system: jar:file:///C:/Users/FPTSHOP/.m2/repository/com/github/almasb/fxgl/17.1/fxgl-17.1.jar!/fxglassets/textures/fxgl_icon.png
14:04:48.138 [JavaFX Application Thread] DEBUG FXGLAssetLoaderServi - Loading from file system: jar:file:///C:/Users/FPTSHOP/.m2/repository/com/github/almasb/fxgl/17.1/fxgl-17.1.jar!/fxglassets/textures/fxgl_default_cursor.png
14:04:48.140 [JavaFX Application Thread] DEBUG Input                - Registered new binding: Screenshot - CTRL+8
14:04:48.141 [JavaFX Application Thread] DEBUG Input                - Registered new binding: System info dump - CTRL+9
14:04:48.141 [JavaFX Application Thread] DEBUG Input                - Registered new binding: Restart - CTRL+R
14:04:48.142 [JavaFX Application Thread] DEBUG Input                - Registered new binding: Toggle Debug Camera - CTRL+7
14:04:48.145 [JavaFX Application Thread] DEBUG LoopRunner           - Starting loop
14:04:48.145 [JavaFX Application Thread] DEBUG LoopRunner           - Initializing JavaFX AnimationTimerLoop
14:04:48.147 [JavaFX Application Thread] DEBUG GameApplicationServi - Starting new game
14:04:48.148 [JavaFX Application Thread] DEBUG Input                - Clearing active input actions
14:04:48.159 [JavaFX Application Thread] DEBUG GameApplicationServi - Removing overlay from FXGLStartupScene and adding to FXGLLoadingScene
14:04:48.159 [JavaFX Application Thread] DEBUG PrimaryStageWindow   - FXGLStartupScene -> FXGLLoadingScene
14:04:48.159 [JavaFX Application Thread] DEBUG GameApplicationServi - Clearing previous game
14:04:48.159 [JavaFX Application Thread] DEBUG GameScene            - Clearing game scene
14:04:48.159 [JavaFX Application Thread] DEBUG GameWorld            - Clearing game world
14:04:48.159 [JavaFX Application Thread] DEBUG PhysicsWorld         - Clearing physics world
14:04:48.161 [JavaFX Application Thread] DEBUG FXGLApplication      - Registering font factories with UI factory
14:04:48.162 [FXGL Background Thread 4 ] DEBUG FXGLApplication      - Initializing game
14:04:48.225 [FXGL Background Thread 4 ] INFO  FXGLApplication      - Game initialization took: 0,062 sec
14:04:48.243 [FXGL Background Thread 2 ] INFO  UpdaterService       - Your current version:  17.1
14:04:48.243 [FXGL Background Thread 2 ] INFO  UpdaterService       - Latest stable version: 17.3
14:04:48.284 [JavaFX Application Thread] DEBUG Input                - Clearing active input actions
14:04:48.293 [JavaFX Application Thread] DEBUG GameApplicationServi - Removing overlay from FXGLLoadingScene and adding to GameScene
14:04:48.294 [JavaFX Application Thread] DEBUG PrimaryStageWindow   - FXGLLoadingScene -> GameScene
14:04:50.463 [FXGL Background Thread 3 ] DEBUG Engine               - Logging environment variables
14:04:50.464 [FXGL Background Thread 3 ] DEBUG Engine               - achievements: []
14:04:50.464 [FXGL Background Thread 3 ] DEBUG Engine               - actualHeight: 756.0
14:04:50.465 [FXGL Background Thread 3 ] DEBUG Engine               - actualHeightProperty: ReadOnlyDoubleProperty [value: 756.0]
14:04:50.465 [FXGL Background Thread 3 ] DEBUG Engine               - actualWidth: 1280.0
14:04:50.465 [FXGL Background Thread 3 ] DEBUG Engine               - actualWidthProperty: ReadOnlyDoubleProperty [value: 1280.0]
14:04:50.465 [FXGL Background Thread 3 ] DEBUG Engine               - appIcon: fxgl_icon.png
14:04:50.465 [FXGL Background Thread 3 ] DEBUG Engine               - applicationMode: DEVELOPER
14:04:50.465 [FXGL Background Thread 3 ] DEBUG Engine               - cSSList: [fxgl_dark.css]
14:04:50.465 [FXGL Background Thread 3 ] DEBUG Engine               - collisionDetectionStrategy: BRUTE_FORCE
14:04:50.465 [FXGL Background Thread 3 ] DEBUG Engine               - configClass: Optional.empty
14:04:50.465 [FXGL Background Thread 3 ] DEBUG Engine               - credits: []
14:04:50.468 [FXGL Background Thread 3 ] DEBUG Engine               - defaultCursor: CursorInfo(imageName=fxgl_default_cursor.png, hotspotX=7.0, hotspotY=6.0)
14:04:50.468 [FXGL Background Thread 3 ] DEBUG Engine               - devBBoxColorProperty: ObjectProperty [value: 0xff0000ff]
14:04:50.469 [FXGL Background Thread 3 ] DEBUG Engine               - devEnableDebugCameraProperty: BooleanProperty [value: false]
14:04:50.469 [FXGL Background Thread 3 ] DEBUG Engine               - devSensorColorProperty: ObjectProperty [value: 0xffff00ff]
14:04:50.469 [FXGL Background Thread 3 ] DEBUG Engine               - devShowBBoxProperty: BooleanProperty [value: false]
14:04:50.469 [FXGL Background Thread 3 ] DEBUG Engine               - devShowPositionProperty: BooleanProperty [value: false]
14:04:50.469 [FXGL Background Thread 3 ] DEBUG Engine               - enabledMenuItems: []
14:04:50.469 [FXGL Background Thread 3 ] DEBUG Engine               - engineServices: [class com.almasb.fxgl.app.services.FXGLAssetLoaderService, class com.almasb.fxgl.app.FXGLApplication$GameApplicationService, class com.almasb.fxgl.app.services.FXGLDialogService, class com.almasb.fxgl.app.services.IOTaskExecutorService, class com.almasb.fxgl.io.FileSystemService, class com.almasb.fxgl.localization.LocalizationService, class com.almasb.fxgl.app.services.SystemBundleService, class com.almasb.fxgl.profile.SaveLoadService, class com.almasb.fxgl.ui.FXGLUIFactoryServiceProvider, class com.almasb.fxgl.ui.FXGLDialogFactoryServiceProvider, class com.almasb.fxgl.audio.AudioPlayer, class com.almasb.fxgl.notification.impl.NotificationServiceProvider, class com.almasb.fxgl.achievement.AchievementService, class com.almasb.fxgl.cutscene.CutsceneService, class com.almasb.fxgl.minigames.MiniGameService, class com.almasb.fxgl.net.NetService, class com.almasb.fxgl.app.services.UpdaterService, class com.almasb.fxgl.dev.DevService]
14:04:50.469 [FXGL Background Thread 3 ] DEBUG Engine               - fontGame: Abel-Regular.ttf
14:04:50.470 [FXGL Background Thread 3 ] DEBUG Engine               - fontMono: TerminalLandMono-Regular.otf
14:04:50.470 [FXGL Background Thread 3 ] DEBUG Engine               - fontText: Courier-Prime.ttf
14:04:50.470 [FXGL Background Thread 3 ] DEBUG Engine               - fontUI: VarelaRound-Regular.ttf
14:04:50.470 [FXGL Background Thread 3 ] DEBUG Engine               - fullScreen: BooleanProperty [value: false]
14:04:50.470 [FXGL Background Thread 3 ] DEBUG Engine               - gameDifficulty: MEDIUM
14:04:50.470 [FXGL Background Thread 3 ] DEBUG Engine               - gameDifficultyProperty: ObjectProperty [value: MEDIUM]
14:04:50.471 [FXGL Background Thread 3 ] DEBUG Engine               - globalMusicVolume: 0.5
14:04:50.471 [FXGL Background Thread 3 ] DEBUG Engine               - globalMusicVolumeProperty: DoubleProperty [value: 0.5]
14:04:50.471 [FXGL Background Thread 3 ] DEBUG Engine               - globalSoundVolume: 0.5
14:04:50.471 [FXGL Background Thread 3 ] DEBUG Engine               - globalSoundVolumeProperty: DoubleProperty [value: 0.5]
14:04:50.471 [FXGL Background Thread 3 ] DEBUG Engine               - height: 756
14:04:50.472 [FXGL Background Thread 3 ] DEBUG Engine               - is3D: false
14:04:50.472 [FXGL Background Thread 3 ] DEBUG Engine               - isAndroid: false
14:04:50.472 [FXGL Background Thread 3 ] DEBUG Engine               - isBrowser: false
14:04:50.472 [FXGL Background Thread 3 ] DEBUG Engine               - isClickFeedbackEnabled: false
14:04:50.472 [FXGL Background Thread 3 ] DEBUG Engine               - isCloseConfirmation: false
14:04:50.472 [FXGL Background Thread 3 ] DEBUG Engine               - isDesktop: true
14:04:50.473 [FXGL Background Thread 3 ] DEBUG Engine               - isDeveloperMenuEnabled: false
14:04:50.473 [FXGL Background Thread 3 ] DEBUG Engine               - isEmbedded: false
14:04:50.473 [FXGL Background Thread 3 ] DEBUG Engine               - isEntityPreloadEnabled: true
14:04:50.473 [FXGL Background Thread 3 ] DEBUG Engine               - isExperimentalTiledLargeMap: false
14:04:50.473 [FXGL Background Thread 3 ] DEBUG Engine               - isFileSystemWriteAllowed: true
14:04:50.473 [FXGL Background Thread 3 ] DEBUG Engine               - isFullScreenAllowed: false
14:04:50.473 [FXGL Background Thread 3 ] DEBUG Engine               - isFullScreenFromStart: false
14:04:50.473 [FXGL Background Thread 3 ] DEBUG Engine               - isGameMenuEnabled: true
14:04:50.473 [FXGL Background Thread 3 ] DEBUG Engine               - isIOS: false
14:04:50.474 [FXGL Background Thread 3 ] DEBUG Engine               - isIntroEnabled: false
14:04:50.474 [FXGL Background Thread 3 ] DEBUG Engine               - isLinux: false
14:04:50.474 [FXGL Background Thread 3 ] DEBUG Engine               - isMac: false
14:04:50.474 [FXGL Background Thread 3 ] DEBUG Engine               - isMainMenuEnabled: false
14:04:50.474 [FXGL Background Thread 3 ] DEBUG Engine               - isManualResizeEnabled: false
14:04:50.474 [FXGL Background Thread 3 ] DEBUG Engine               - isMobile: false
14:04:50.474 [FXGL Background Thread 3 ] DEBUG Engine               - isNative: false
14:04:50.474 [FXGL Background Thread 3 ] DEBUG Engine               - isPauseMusicWhenMinimized: true
14:04:50.475 [FXGL Background Thread 3 ] DEBUG Engine               - isPreserveResizeRatio: false
14:04:50.475 [FXGL Background Thread 3 ] DEBUG Engine               - isProfilingEnabled: false
14:04:50.475 [FXGL Background Thread 3 ] DEBUG Engine               - isScaleAffectedOnResize: true
14:04:50.475 [FXGL Background Thread 3 ] DEBUG Engine               - isSingleStep: false
14:04:50.475 [FXGL Background Thread 3 ] DEBUG Engine               - isUserProfileEnabled: false
14:04:50.475 [FXGL Background Thread 3 ] DEBUG Engine               - isWindows: true
14:04:50.475 [FXGL Background Thread 3 ] DEBUG Engine               - language: ObjectProperty [value: ENGLISH]
14:04:50.475 [FXGL Background Thread 3 ] DEBUG Engine               - menuKey: ESCAPE
14:04:50.475 [FXGL Background Thread 3 ] DEBUG Engine               - mouseSensitivity: 0.2
14:04:50.475 [FXGL Background Thread 3 ] DEBUG Engine               - notificationViewClass: class com.almasb.fxgl.notification.view.XboxNotificationView
14:04:50.476 [FXGL Background Thread 3 ] DEBUG Engine               - pixelsPerMeter: 50.0
14:04:50.476 [FXGL Background Thread 3 ] DEBUG Engine               - platform: WINDOWS
14:04:50.476 [FXGL Background Thread 3 ] DEBUG Engine               - prefHeightProperty: ReadOnlyDoubleProperty [value: 756.0]
14:04:50.476 [FXGL Background Thread 3 ] DEBUG Engine               - prefWidthProperty: ReadOnlyDoubleProperty [value: 1280.0]
14:04:50.476 [FXGL Background Thread 3 ] DEBUG Engine               - profileDir: profiles/
14:04:50.476 [FXGL Background Thread 3 ] DEBUG Engine               - profileName: StringProperty [value: DEFAULT]
14:04:50.476 [FXGL Background Thread 3 ] DEBUG Engine               - randomSeed: -1
14:04:50.477 [FXGL Background Thread 3 ] DEBUG Engine               - runtimeInfo: RuntimeInfo(platform=WINDOWS, version=17.1, build=24.03.2022 17.34)
14:04:50.477 [FXGL Background Thread 3 ] DEBUG Engine               - saveFileExt: sav
14:04:50.477 [FXGL Background Thread 3 ] DEBUG Engine               - scaledHeightProp$fxgl: DoubleProperty [bound, value: 756.0]
14:04:50.477 [FXGL Background Thread 3 ] DEBUG Engine               - scaledWidthProp$fxgl: DoubleProperty [bound, value: 1280.0]
14:04:50.477 [FXGL Background Thread 3 ] DEBUG Engine               - sceneFactory: com.almasb.fxgl.app.scene.SceneFactory@727d3e03
14:04:50.477 [FXGL Background Thread 3 ] DEBUG Engine               - secondsIn24h: 60
14:04:50.477 [FXGL Background Thread 3 ] DEBUG Engine               - soundMenuBack: menu/back.wav
14:04:50.478 [FXGL Background Thread 3 ] DEBUG Engine               - soundMenuPress: menu/press.wav
14:04:50.478 [FXGL Background Thread 3 ] DEBUG Engine               - soundMenuSelect: menu/select.wav
14:04:50.479 [FXGL Background Thread 3 ] DEBUG Engine               - soundNotification: core/notification.wav
14:04:50.479 [FXGL Background Thread 3 ] DEBUG Engine               - stageStyle: DECORATED
14:04:50.479 [FXGL Background Thread 3 ] DEBUG Engine               - supportedLanguages: [ENGLISH, FRENCH, GERMAN, HUNGARIAN, RUSSIAN]
14:04:50.479 [FXGL Background Thread 3 ] DEBUG Engine               - ticksPerSecond: -1
14:04:50.479 [FXGL Background Thread 3 ] DEBUG Engine               - title: SACRIFICE
14:04:50.479 [FXGL Background Thread 3 ] DEBUG Engine               - urlGithub: https://github.com/AlmasB/FXGL
14:04:50.479 [FXGL Background Thread 3 ] DEBUG Engine               - urlLeaderboard: http://fxgl-top.herokuapp.com/
14:04:50.479 [FXGL Background Thread 3 ] DEBUG Engine               - urlPOM: https://raw.githubusercontent.com/AlmasB/FXGL/release/README.md
14:04:50.480 [FXGL Background Thread 3 ] DEBUG Engine               - userAppClass: class neu.cs.sacrifice.SACRIFICE
14:04:50.480 [FXGL Background Thread 3 ] DEBUG Engine               - version: 0.0
14:04:50.480 [FXGL Background Thread 3 ] DEBUG Engine               - versionCheckDays: 7
14:04:50.480 [FXGL Background Thread 3 ] DEBUG Engine               - width: 1280
14:04:50.480 [FXGL Background Thread 3 ] DEBUG Engine               - Logging services
14:04:50.480 [FXGL Background Thread 3 ] DEBUG Engine               - class com.almasb.fxgl.app.services.FXGLAssetLoaderService
14:04:50.480 [FXGL Background Thread 3 ] DEBUG Engine               - class com.almasb.fxgl.app.FXGLApplication$GameApplicationService
14:04:50.481 [FXGL Background Thread 3 ] DEBUG Engine               - class com.almasb.fxgl.app.services.FXGLDialogService
14:04:50.481 [FXGL Background Thread 3 ] DEBUG Engine               - class com.almasb.fxgl.app.services.IOTaskExecutorService
14:04:50.481 [FXGL Background Thread 3 ] DEBUG Engine               - class com.almasb.fxgl.io.FileSystemService
14:04:50.481 [FXGL Background Thread 3 ] DEBUG Engine               - class com.almasb.fxgl.localization.LocalizationService
14:04:50.481 [FXGL Background Thread 3 ] DEBUG Engine               - class com.almasb.fxgl.app.services.SystemBundleService
14:04:50.481 [FXGL Background Thread 3 ] DEBUG Engine               - class com.almasb.fxgl.profile.SaveLoadService
14:04:50.481 [FXGL Background Thread 3 ] DEBUG Engine               - class com.almasb.fxgl.ui.FXGLUIFactoryServiceProvider
14:04:50.481 [FXGL Background Thread 3 ] DEBUG Engine               - class com.almasb.fxgl.ui.FXGLDialogFactoryServiceProvider
14:04:50.482 [FXGL Background Thread 3 ] DEBUG Engine               - class com.almasb.fxgl.audio.AudioPlayer
14:04:50.482 [FXGL Background Thread 3 ] DEBUG Engine               - class com.almasb.fxgl.notification.impl.NotificationServiceProvider
14:04:50.482 [FXGL Background Thread 3 ] DEBUG Engine               - class com.almasb.fxgl.achievement.AchievementService
14:04:50.482 [FXGL Background Thread 3 ] DEBUG Engine               - class com.almasb.fxgl.cutscene.CutsceneService
14:04:50.482 [FXGL Background Thread 3 ] DEBUG Engine               - class com.almasb.fxgl.minigames.MiniGameService
14:04:50.482 [FXGL Background Thread 3 ] DEBUG Engine               - class com.almasb.fxgl.net.NetService
14:04:50.482 [FXGL Background Thread 3 ] DEBUG Engine               - class com.almasb.fxgl.app.services.UpdaterService
14:04:50.482 [FXGL Background Thread 3 ] DEBUG Engine               - class com.almasb.fxgl.dev.DevService
14:04:51.922 [JavaFX Application Thread] DEBUG FXGLAssetLoaderServi - Loading from file system: file:/D:/Github%20Clone%20Repositories/SACRIFICE/SACRIFICE/target/classes/assets/textures/plant.png
14:04:51.924 [JavaFX Application Thread] WARN  GameWorld            - Entity is already attached to world
14:04:58.359 [JavaFX Application Thread] DEBUG FXGLApplication      - Exiting FXGL
14:04:58.359 [JavaFX Application Thread] DEBUG LoopRunner           - Stopping loop
14:04:58.360 [JavaFX Application Thread] DEBUG SystemBundleService  - Saving FXGL system data
14:04:58.362 [JavaFX Application Thread] DEBUG FileSystemAccess     - Writing to: D:\Github Clone Repositories\SACRIFICE\SACRIFICE\system\fxgl.bundle
14:04:58.364 [JavaFX Application Thread] DEBUG Async                - Shutting down background threads
14:04:58.364 [JavaFX Application Thread] DEBUG PrimaryStageWindow   - Closing main window
14:04:58.379 [JavaFX Application Thread] DEBUG Logger               - Closing Logger
