11:51:59.309 [main                     ] DEBUG Logger               - Configured Logger
11:51:59.343 [main                     ] DEBUG GameApplication      - Logging settings
Title: SACRIFICE
Version: 0.0
Width: 1280
Height: 756
Fullscreen: false
Intro: false
Profiling: false
Single step:false
App Mode: DEVELOPER
Menu Key: ESCAPE
Stage Style: DECORATED
Scene Factory: class com.almasb.fxgl.app.scene.SceneFactory

11:51:59.820 [JavaFX Application Thread] DEBUG FXGLApplication      - Initializing FXGL
11:51:59.827 [JavaFX Application Thread] INFO  Engine               - FXGL-17.1 (24.03.2022 17.34) on WINDOWS (J:17.0.4.1 FX:17.0.2-ea)
11:51:59.828 [JavaFX Application Thread] DEBUG Engine               - JRE Vendor Name: Oracle Corporation
11:51:59.828 [JavaFX Application Thread] DEBUG Engine               - Running on OS: Windows 11 version 10.0
11:51:59.829 [JavaFX Application Thread] DEBUG Engine               - Architecture: amd64
11:51:59.829 [JavaFX Application Thread] INFO  Engine               - Source code and latest versions at: https://github.com/AlmasB/FXGL
11:51:59.829 [JavaFX Application Thread] INFO  Engine               -       Ask questions and discuss at: https://github.com/AlmasB/FXGL/discussions
11:51:59.829 [JavaFX Application Thread] INFO  Engine               -              Join the FXGL chat at: https://gitter.im/AlmasB/FXGL
11:51:59.952 [JavaFX Application Thread] DEBUG PrimaryStageWindow   - Creating a JavaFX scene
11:52:00.004 [JavaFX Application Thread] DEBUG PrimaryStageWindow   - Target settings size: 1280.0 x 756.0
11:52:00.004 [JavaFX Application Thread] DEBUG PrimaryStageWindow   - Scaled scene size:    1280.0 x 756.0
11:52:00.005 [JavaFX Application Thread] DEBUG PrimaryStageWindow   - Scaled ratio: (1.0, 1.0)
11:52:00.007 [JavaFX Application Thread] DEBUG PrimaryStageWindow   - Set initial scene to FXGLStartupScene
11:52:00.028 [JavaFX Application Thread] DEBUG PrimaryStageWindow   - Opening main window
11:52:00.169 [JavaFX Application Thread] DEBUG PrimaryStageWindow   - Window border size: (14.4000244140625, 37.5999755859375)
11:52:00.169 [JavaFX Application Thread] DEBUG PrimaryStageWindow   - Scaled size: 1280.0 x 756.0
11:52:00.170 [JavaFX Application Thread] DEBUG PrimaryStageWindow   - Scaled ratio: (1.0, 1.0)
11:52:00.170 [JavaFX Application Thread] DEBUG PrimaryStageWindow   - Scene size: 1280.0 x 756.0
11:52:00.171 [JavaFX Application Thread] DEBUG PrimaryStageWindow   - Stage size: 1294.4000244140625 x 793.5999755859375
11:52:00.184 [FXGL Background Thread 1 ] DEBUG Engine               - Initializing environment variables
11:52:00.228 [FXGL Background Thread 1 ] DEBUG FXGLAssetLoaderServi - User app class for loading assets: class neu.cs.sacrifice.SACRIFICE
11:52:00.229 [FXGL Background Thread 1 ] DEBUG GameApplicationServi - Applying CSS: fxgl_dark.css
11:52:00.231 [FXGL Background Thread 1 ] DEBUG FXGLAssetLoaderServi - Loading from file system: jar:file:///C:/Users/FPTSHOP/.m2/repository/com/github/almasb/fxgl/17.1/fxgl-17.1.jar!/fxglassets/ui/css/fxgl_dark.css
11:52:00.301 [FXGL Background Thread 1 ] DEBUG GameApplicationServi - Initializing application scenes
11:52:00.366 [FXGL Background Thread 1 ] DEBUG GameWorld            - Game world initialized
11:52:00.440 [FXGL Background Thread 1 ] DEBUG PhysicsWorld         - Physics world initialized: appHeight=756, physics.ppm=50,0
11:52:00.440 [FXGL Background Thread 1 ] DEBUG PhysicsWorld         - Using strategy: BRUTE_FORCE
11:52:00.447 [FXGL Background Thread 1 ] DEBUG GameScene            - Game scene initialized: 1280x756
11:52:00.467 [FXGL Background Thread 1 ] DEBUG FXGL.DefaultMenu     - createMenuBodyGameMenu()
11:52:00.491 [FXGL Background Thread 1 ] DEBUG FXGL.DefaultMenu     - createOptionsMenu()
11:52:00.507 [FXGL Background Thread 1 ] DEBUG FXGLAssetLoaderServi - Loading from file system: jar:file:///C:/Users/FPTSHOP/.m2/repository/com/github/almasb/fxgl/17.1/fxgl-17.1.jar!/fxglassets/textures/particles/smoke.png
11:52:00.628 [FXGL Background Thread 1 ] DEBUG FXGLAssetLoaderServi - Loading from file system: jar:file:///C:/Users/FPTSHOP/.m2/repository/com/github/almasb/fxgl/17.1/fxgl-17.1.jar!/fxglassets/textures/particles/trace_horizontal.png
11:52:00.671 [FXGL Background Thread 1 ] DEBUG GameApplicationServi - Application scenes initialized
11:52:00.688 [FXGL Background Thread 1 ] DEBUG SystemBundleService  - Loading FXGL system data
11:52:00.697 [FXGL Background Thread 1 ] DEBUG FileSystemAccess     - Reading from: D:\Github Clone Repositories\SACRIFICE\SACRIFICE\system\fxgl.bundle
11:52:00.710 [FXGL Background Thread 1 ] DEBUG SystemBundleService  - Bundle FXGL: {}
11:52:00.710 [FXGL Background Thread 1 ] DEBUG UpdaterService       - Checking for updates
11:52:00.715 [FXGL Background Thread 4 ] DEBUG FXGLApplication      - Loading fonts
11:52:00.716 [FXGL Background Thread 4 ] DEBUG FXGLAssetLoaderServi - Loading from file system: jar:file:///C:/Users/FPTSHOP/.m2/repository/com/github/almasb/fxgl/17.1/fxgl-17.1.jar!/fxglassets/ui/fonts/VarelaRound-Regular.ttf
11:52:00.716 [FXGL Background Thread 1 ] DEBUG FXGLApplication      - Loading default localization
11:52:00.718 [FXGL Background Thread 1 ] DEBUG FXGLAssetLoaderServi - Loading from file system: jar:file:///C:/Users/FPTSHOP/.m2/repository/com/github/almasb/fxgl/17.1/fxgl-17.1.jar!/fxglassets/languages/english.lang
11:52:00.751 [FXGL Background Thread 1 ] INFO  FXGLApplication      - FXGL initialization took: 0,568 sec
11:52:00.768 [JavaFX Application Thread] DEBUG Input                - Registered new binding: left - A
11:52:00.769 [JavaFX Application Thread] DEBUG Input                - Registered new binding: right - D
11:52:00.773 [JavaFX Application Thread] DEBUG FXGLAssetLoaderServi - Loading from file system: file:/D:/Github%20Clone%20Repositories/SACRIFICE/SACRIFICE/target/classes/assets/textures/f1.png
11:52:00.829 [FXGL Background Thread 4 ] DEBUG FXGLAssetLoaderServi - Loading from file system: jar:file:///C:/Users/FPTSHOP/.m2/repository/com/github/almasb/fxgl/17.1/fxgl-17.1.jar!/fxglassets/ui/fonts/Abel-Regular.ttf
11:52:00.835 [FXGL Background Thread 4 ] DEBUG FXGLAssetLoaderServi - Loading from file system: jar:file:///C:/Users/FPTSHOP/.m2/repository/com/github/almasb/fxgl/17.1/fxgl-17.1.jar!/fxglassets/ui/fonts/TerminalLandMono-Regular.otf
11:52:00.841 [FXGL Background Thread 4 ] DEBUG FXGLAssetLoaderServi - Loading from file system: jar:file:///C:/Users/FPTSHOP/.m2/repository/com/github/almasb/fxgl/17.1/fxgl-17.1.jar!/fxglassets/ui/fonts/Courier-Prime.ttf
11:52:00.995 [JavaFX Application Thread] DEBUG FXGLAssetLoaderServi - Loading from file system: jar:file:///C:/Users/FPTSHOP/.m2/repository/com/github/almasb/fxgl/17.1/fxgl-17.1.jar!/fxglassets/textures/fxgl_icon.png
11:52:01.015 [JavaFX Application Thread] DEBUG FXGLAssetLoaderServi - Loading from file system: jar:file:///C:/Users/FPTSHOP/.m2/repository/com/github/almasb/fxgl/17.1/fxgl-17.1.jar!/fxglassets/textures/fxgl_default_cursor.png
11:52:01.021 [JavaFX Application Thread] DEBUG Input                - Registered new binding: Screenshot - CTRL+8
11:52:01.022 [JavaFX Application Thread] DEBUG Input                - Registered new binding: System info dump - CTRL+9
11:52:01.022 [JavaFX Application Thread] DEBUG Input                - Registered new binding: Restart - CTRL+R
11:52:01.023 [JavaFX Application Thread] DEBUG Input                - Registered new binding: Toggle Debug Camera - CTRL+7
11:52:01.026 [JavaFX Application Thread] DEBUG LoopRunner           - Starting loop
11:52:01.026 [JavaFX Application Thread] DEBUG LoopRunner           - Initializing JavaFX AnimationTimerLoop
11:52:01.029 [JavaFX Application Thread] DEBUG GameApplicationServi - Starting new game
11:52:01.030 [JavaFX Application Thread] DEBUG Input                - Clearing active input actions
11:52:01.044 [JavaFX Application Thread] DEBUG GameApplicationServi - Removing overlay from FXGLStartupScene and adding to FXGLLoadingScene
11:52:01.045 [JavaFX Application Thread] DEBUG PrimaryStageWindow   - FXGLStartupScene -> FXGLLoadingScene
11:52:01.045 [JavaFX Application Thread] DEBUG GameApplicationServi - Clearing previous game
11:52:01.045 [JavaFX Application Thread] DEBUG GameScene            - Clearing game scene
11:52:01.046 [JavaFX Application Thread] DEBUG GameWorld            - Clearing game world
11:52:01.046 [JavaFX Application Thread] DEBUG PhysicsWorld         - Clearing physics world
11:52:01.048 [FXGL Background Thread 4 ] DEBUG FXGLApplication      - Initializing game
11:52:01.050 [JavaFX Application Thread] DEBUG FXGLApplication      - Registering font factories with UI factory
11:52:01.115 [FXGL Background Thread 4 ] INFO  FXGLApplication      - Game initialization took: 0,067 sec
11:52:01.115 [JavaFX Application Thread] DEBUG Input                - Clearing active input actions
11:52:01.128 [JavaFX Application Thread] DEBUG GameApplicationServi - Removing overlay from FXGLLoadingScene and adding to GameScene
11:52:01.129 [JavaFX Application Thread] DEBUG PrimaryStageWindow   - FXGLLoadingScene -> GameScene
11:52:01.832 [FXGL Background Thread 2 ] INFO  UpdaterService       - Your current version:  17.1
11:52:01.832 [FXGL Background Thread 2 ] INFO  UpdaterService       - Latest stable version: 17.3
11:52:03.714 [FXGL Background Thread 3 ] DEBUG Engine               - Logging environment variables
11:52:03.715 [FXGL Background Thread 3 ] DEBUG Engine               - achievements: []
11:52:03.716 [FXGL Background Thread 3 ] DEBUG Engine               - actualHeight: 756.0
11:52:03.716 [FXGL Background Thread 3 ] DEBUG Engine               - actualHeightProperty: ReadOnlyDoubleProperty [value: 756.0]
11:52:03.716 [FXGL Background Thread 3 ] DEBUG Engine               - actualWidth: 1280.0
11:52:03.716 [FXGL Background Thread 3 ] DEBUG Engine               - actualWidthProperty: ReadOnlyDoubleProperty [value: 1280.0]
11:52:03.716 [FXGL Background Thread 3 ] DEBUG Engine               - appIcon: fxgl_icon.png
11:52:03.716 [FXGL Background Thread 3 ] DEBUG Engine               - applicationMode: DEVELOPER
11:52:03.717 [FXGL Background Thread 3 ] DEBUG Engine               - cSSList: [fxgl_dark.css]
11:52:03.717 [FXGL Background Thread 3 ] DEBUG Engine               - collisionDetectionStrategy: BRUTE_FORCE
11:52:03.717 [FXGL Background Thread 3 ] DEBUG Engine               - configClass: Optional.empty
11:52:03.717 [FXGL Background Thread 3 ] DEBUG Engine               - credits: []
11:52:03.719 [FXGL Background Thread 3 ] DEBUG Engine               - defaultCursor: CursorInfo(imageName=fxgl_default_cursor.png, hotspotX=7.0, hotspotY=6.0)
11:52:03.719 [FXGL Background Thread 3 ] DEBUG Engine               - devBBoxColorProperty: ObjectProperty [value: 0xff0000ff]
11:52:03.719 [FXGL Background Thread 3 ] DEBUG Engine               - devEnableDebugCameraProperty: BooleanProperty [value: false]
11:52:03.720 [FXGL Background Thread 3 ] DEBUG Engine               - devSensorColorProperty: ObjectProperty [value: 0xffff00ff]
11:52:03.720 [FXGL Background Thread 3 ] DEBUG Engine               - devShowBBoxProperty: BooleanProperty [value: false]
11:52:03.720 [FXGL Background Thread 3 ] DEBUG Engine               - devShowPositionProperty: BooleanProperty [value: false]
11:52:03.720 [FXGL Background Thread 3 ] DEBUG Engine               - enabledMenuItems: []
11:52:03.720 [FXGL Background Thread 3 ] DEBUG Engine               - engineServices: [class com.almasb.fxgl.app.services.FXGLAssetLoaderService, class com.almasb.fxgl.app.FXGLApplication$GameApplicationService, class com.almasb.fxgl.app.services.FXGLDialogService, class com.almasb.fxgl.app.services.IOTaskExecutorService, class com.almasb.fxgl.io.FileSystemService, class com.almasb.fxgl.localization.LocalizationService, class com.almasb.fxgl.app.services.SystemBundleService, class com.almasb.fxgl.profile.SaveLoadService, class com.almasb.fxgl.ui.FXGLUIFactoryServiceProvider, class com.almasb.fxgl.ui.FXGLDialogFactoryServiceProvider, class com.almasb.fxgl.audio.AudioPlayer, class com.almasb.fxgl.notification.impl.NotificationServiceProvider, class com.almasb.fxgl.achievement.AchievementService, class com.almasb.fxgl.cutscene.CutsceneService, class com.almasb.fxgl.minigames.MiniGameService, class com.almasb.fxgl.net.NetService, class com.almasb.fxgl.app.services.UpdaterService, class com.almasb.fxgl.dev.DevService]
11:52:03.720 [FXGL Background Thread 3 ] DEBUG Engine               - fontGame: Abel-Regular.ttf
11:52:03.720 [FXGL Background Thread 3 ] DEBUG Engine               - fontMono: TerminalLandMono-Regular.otf
11:52:03.720 [FXGL Background Thread 3 ] DEBUG Engine               - fontText: Courier-Prime.ttf
11:52:03.721 [FXGL Background Thread 3 ] DEBUG Engine               - fontUI: VarelaRound-Regular.ttf
11:52:03.721 [FXGL Background Thread 3 ] DEBUG Engine               - fullScreen: BooleanProperty [value: false]
11:52:03.721 [FXGL Background Thread 3 ] DEBUG Engine               - gameDifficulty: MEDIUM
11:52:03.721 [FXGL Background Thread 3 ] DEBUG Engine               - gameDifficultyProperty: ObjectProperty [value: MEDIUM]
11:52:03.721 [FXGL Background Thread 3 ] DEBUG Engine               - globalMusicVolume: 0.5
11:52:03.721 [FXGL Background Thread 3 ] DEBUG Engine               - globalMusicVolumeProperty: DoubleProperty [value: 0.5]
11:52:03.721 [FXGL Background Thread 3 ] DEBUG Engine               - globalSoundVolume: 0.5
11:52:03.721 [FXGL Background Thread 3 ] DEBUG Engine               - globalSoundVolumeProperty: DoubleProperty [value: 0.5]
11:52:03.721 [FXGL Background Thread 3 ] DEBUG Engine               - height: 756
11:52:03.721 [FXGL Background Thread 3 ] DEBUG Engine               - is3D: false
11:52:03.721 [FXGL Background Thread 3 ] DEBUG Engine               - isAndroid: false
11:52:03.722 [FXGL Background Thread 3 ] DEBUG Engine               - isBrowser: false
11:52:03.722 [FXGL Background Thread 3 ] DEBUG Engine               - isClickFeedbackEnabled: false
11:52:03.722 [FXGL Background Thread 3 ] DEBUG Engine               - isCloseConfirmation: false
11:52:03.723 [FXGL Background Thread 3 ] DEBUG Engine               - isDesktop: true
11:52:03.723 [FXGL Background Thread 3 ] DEBUG Engine               - isDeveloperMenuEnabled: false
11:52:03.723 [FXGL Background Thread 3 ] DEBUG Engine               - isEmbedded: false
11:52:03.724 [FXGL Background Thread 3 ] DEBUG Engine               - isEntityPreloadEnabled: true
11:52:03.724 [FXGL Background Thread 3 ] DEBUG Engine               - isExperimentalTiledLargeMap: false
11:52:03.724 [FXGL Background Thread 3 ] DEBUG Engine               - isFileSystemWriteAllowed: true
11:52:03.724 [FXGL Background Thread 3 ] DEBUG Engine               - isFullScreenAllowed: false
11:52:03.724 [FXGL Background Thread 3 ] DEBUG Engine               - isFullScreenFromStart: false
11:52:03.724 [FXGL Background Thread 3 ] DEBUG Engine               - isGameMenuEnabled: true
11:52:03.724 [FXGL Background Thread 3 ] DEBUG Engine               - isIOS: false
11:52:03.724 [FXGL Background Thread 3 ] DEBUG Engine               - isIntroEnabled: false
11:52:03.724 [FXGL Background Thread 3 ] DEBUG Engine               - isLinux: false
11:52:03.724 [FXGL Background Thread 3 ] DEBUG Engine               - isMac: false
11:52:03.725 [FXGL Background Thread 3 ] DEBUG Engine               - isMainMenuEnabled: false
11:52:03.725 [FXGL Background Thread 3 ] DEBUG Engine               - isManualResizeEnabled: false
11:52:03.725 [FXGL Background Thread 3 ] DEBUG Engine               - isMobile: false
11:52:03.725 [FXGL Background Thread 3 ] DEBUG Engine               - isNative: false
11:52:03.725 [FXGL Background Thread 3 ] DEBUG Engine               - isPauseMusicWhenMinimized: true
11:52:03.725 [FXGL Background Thread 3 ] DEBUG Engine               - isPreserveResizeRatio: false
11:52:03.725 [FXGL Background Thread 3 ] DEBUG Engine               - isProfilingEnabled: false
11:52:03.725 [FXGL Background Thread 3 ] DEBUG Engine               - isScaleAffectedOnResize: true
11:52:03.726 [FXGL Background Thread 3 ] DEBUG Engine               - isSingleStep: false
11:52:03.726 [FXGL Background Thread 3 ] DEBUG Engine               - isUserProfileEnabled: false
11:52:03.727 [FXGL Background Thread 3 ] DEBUG Engine               - isWindows: true
11:52:03.727 [FXGL Background Thread 3 ] DEBUG Engine               - language: ObjectProperty [value: ENGLISH]
11:52:03.727 [FXGL Background Thread 3 ] DEBUG Engine               - menuKey: ESCAPE
11:52:03.727 [FXGL Background Thread 3 ] DEBUG Engine               - mouseSensitivity: 0.2
11:52:03.727 [FXGL Background Thread 3 ] DEBUG Engine               - notificationViewClass: class com.almasb.fxgl.notification.view.XboxNotificationView
11:52:03.727 [FXGL Background Thread 3 ] DEBUG Engine               - pixelsPerMeter: 50.0
11:52:03.727 [FXGL Background Thread 3 ] DEBUG Engine               - platform: WINDOWS
11:52:03.728 [FXGL Background Thread 3 ] DEBUG Engine               - prefHeightProperty: ReadOnlyDoubleProperty [value: 756.0]
11:52:03.728 [FXGL Background Thread 3 ] DEBUG Engine               - prefWidthProperty: ReadOnlyDoubleProperty [value: 1280.0]
11:52:03.728 [FXGL Background Thread 3 ] DEBUG Engine               - profileDir: profiles/
11:52:03.728 [FXGL Background Thread 3 ] DEBUG Engine               - profileName: StringProperty [value: DEFAULT]
11:52:03.728 [FXGL Background Thread 3 ] DEBUG Engine               - randomSeed: -1
11:52:03.729 [FXGL Background Thread 3 ] DEBUG Engine               - runtimeInfo: RuntimeInfo(platform=WINDOWS, version=17.1, build=24.03.2022 17.34)
11:52:03.729 [FXGL Background Thread 3 ] DEBUG Engine               - saveFileExt: sav
11:52:03.729 [FXGL Background Thread 3 ] DEBUG Engine               - scaledHeightProp$fxgl: DoubleProperty [bound, value: 756.0]
11:52:03.729 [FXGL Background Thread 3 ] DEBUG Engine               - scaledWidthProp$fxgl: DoubleProperty [bound, value: 1280.0]
11:52:03.729 [FXGL Background Thread 3 ] DEBUG Engine               - sceneFactory: com.almasb.fxgl.app.scene.SceneFactory@a29210c
11:52:03.729 [FXGL Background Thread 3 ] DEBUG Engine               - secondsIn24h: 60
11:52:03.729 [FXGL Background Thread 3 ] DEBUG Engine               - soundMenuBack: menu/back.wav
11:52:03.729 [FXGL Background Thread 3 ] DEBUG Engine               - soundMenuPress: menu/press.wav
11:52:03.729 [FXGL Background Thread 3 ] DEBUG Engine               - soundMenuSelect: menu/select.wav
11:52:03.729 [FXGL Background Thread 3 ] DEBUG Engine               - soundNotification: core/notification.wav
11:52:03.729 [FXGL Background Thread 3 ] DEBUG Engine               - stageStyle: DECORATED
11:52:03.729 [FXGL Background Thread 3 ] DEBUG Engine               - supportedLanguages: [ENGLISH, FRENCH, GERMAN, HUNGARIAN, RUSSIAN]
11:52:03.729 [FXGL Background Thread 3 ] DEBUG Engine               - ticksPerSecond: -1
11:52:03.730 [FXGL Background Thread 3 ] DEBUG Engine               - title: SACRIFICE
11:52:03.730 [FXGL Background Thread 3 ] DEBUG Engine               - urlGithub: https://github.com/AlmasB/FXGL
11:52:03.730 [FXGL Background Thread 3 ] DEBUG Engine               - urlLeaderboard: http://fxgl-top.herokuapp.com/
11:52:03.730 [FXGL Background Thread 3 ] DEBUG Engine               - urlPOM: https://raw.githubusercontent.com/AlmasB/FXGL/release/README.md
11:52:03.730 [FXGL Background Thread 3 ] DEBUG Engine               - userAppClass: class neu.cs.sacrifice.SACRIFICE
11:52:03.730 [FXGL Background Thread 3 ] DEBUG Engine               - version: 0.0
11:52:03.730 [FXGL Background Thread 3 ] DEBUG Engine               - versionCheckDays: 7
11:52:03.730 [FXGL Background Thread 3 ] DEBUG Engine               - width: 1280
11:52:03.730 [FXGL Background Thread 3 ] DEBUG Engine               - Logging services
11:52:03.730 [FXGL Background Thread 3 ] DEBUG Engine               - class com.almasb.fxgl.app.services.FXGLAssetLoaderService
11:52:03.730 [FXGL Background Thread 3 ] DEBUG Engine               - class com.almasb.fxgl.app.FXGLApplication$GameApplicationService
11:52:03.731 [FXGL Background Thread 3 ] DEBUG Engine               - class com.almasb.fxgl.app.services.FXGLDialogService
11:52:03.731 [FXGL Background Thread 3 ] DEBUG Engine               - class com.almasb.fxgl.app.services.IOTaskExecutorService
11:52:03.731 [FXGL Background Thread 3 ] DEBUG Engine               - class com.almasb.fxgl.io.FileSystemService
11:52:03.731 [FXGL Background Thread 3 ] DEBUG Engine               - class com.almasb.fxgl.localization.LocalizationService
11:52:03.731 [FXGL Background Thread 3 ] DEBUG Engine               - class com.almasb.fxgl.app.services.SystemBundleService
11:52:03.731 [FXGL Background Thread 3 ] DEBUG Engine               - class com.almasb.fxgl.profile.SaveLoadService
11:52:03.731 [FXGL Background Thread 3 ] DEBUG Engine               - class com.almasb.fxgl.ui.FXGLUIFactoryServiceProvider
11:52:03.731 [FXGL Background Thread 3 ] DEBUG Engine               - class com.almasb.fxgl.ui.FXGLDialogFactoryServiceProvider
11:52:03.731 [FXGL Background Thread 3 ] DEBUG Engine               - class com.almasb.fxgl.audio.AudioPlayer
11:52:03.731 [FXGL Background Thread 3 ] DEBUG Engine               - class com.almasb.fxgl.notification.impl.NotificationServiceProvider
11:52:03.731 [FXGL Background Thread 3 ] DEBUG Engine               - class com.almasb.fxgl.achievement.AchievementService
11:52:03.731 [FXGL Background Thread 3 ] DEBUG Engine               - class com.almasb.fxgl.cutscene.CutsceneService
11:52:03.731 [FXGL Background Thread 3 ] DEBUG Engine               - class com.almasb.fxgl.minigames.MiniGameService
11:52:03.731 [FXGL Background Thread 3 ] DEBUG Engine               - class com.almasb.fxgl.net.NetService
11:52:03.732 [FXGL Background Thread 3 ] DEBUG Engine               - class com.almasb.fxgl.app.services.UpdaterService
11:52:03.732 [FXGL Background Thread 3 ] DEBUG Engine               - class com.almasb.fxgl.dev.DevService
11:52:17.607 [JavaFX Application Thread] DEBUG FXGLApplication      - Exiting FXGL
11:52:17.607 [JavaFX Application Thread] DEBUG LoopRunner           - Stopping loop
11:52:17.607 [JavaFX Application Thread] DEBUG SystemBundleService  - Saving FXGL system data
11:52:17.611 [JavaFX Application Thread] DEBUG FileSystemAccess     - Writing to: D:\Github Clone Repositories\SACRIFICE\SACRIFICE\system\fxgl.bundle
11:52:17.613 [JavaFX Application Thread] DEBUG Async                - Shutting down background threads
11:52:17.614 [JavaFX Application Thread] DEBUG PrimaryStageWindow   - Closing main window
11:52:17.626 [JavaFX Application Thread] DEBUG Logger               - Closing Logger
