20:51:57.257 [main                     ] DEBUG Logger               - Configured Logger
20:51:57.295 [main                     ] DEBUG GameApplication      - Logging settings
Title: SACRIFICE
Version: 0.0
Width: 1280
Height: 756
Fullscreen: false
Intro: false
Profiling: false
Single step:false
App Mode: DEVELOPER
Menu Key: ESCAPE
Stage Style: DECORATED
Scene Factory: class com.almasb.fxgl.app.scene.SceneFactory

20:51:57.687 [JavaFX Application Thread] DEBUG FXGLApplication      - Initializing FXGL
20:51:57.696 [JavaFX Application Thread] INFO  Engine               - FXGL-17.1 (24.03.2022 17.34) on WINDOWS (J:17.0.4.1 FX:17.0.2-ea)
20:51:57.697 [JavaFX Application Thread] DEBUG Engine               - JRE Vendor Name: Oracle Corporation
20:51:57.698 [JavaFX Application Thread] DEBUG Engine               - Running on OS: Windows 11 version 10.0
20:51:57.698 [JavaFX Application Thread] DEBUG Engine               - Architecture: amd64
20:51:57.698 [JavaFX Application Thread] INFO  Engine               - Source code and latest versions at: https://github.com/AlmasB/FXGL
20:51:57.699 [JavaFX Application Thread] INFO  Engine               -       Ask questions and discuss at: https://github.com/AlmasB/FXGL/discussions
20:51:57.699 [JavaFX Application Thread] INFO  Engine               -              Join the FXGL chat at: https://gitter.im/AlmasB/FXGL
20:51:57.802 [JavaFX Application Thread] DEBUG PrimaryStageWindow   - Creating a JavaFX scene
20:51:57.853 [JavaFX Application Thread] DEBUG PrimaryStageWindow   - Target settings size: 1280.0 x 756.0
20:51:57.854 [JavaFX Application Thread] DEBUG PrimaryStageWindow   - Scaled scene size:    1280.0 x 756.0
20:51:57.854 [JavaFX Application Thread] DEBUG PrimaryStageWindow   - Scaled ratio: (1.0, 1.0)
20:51:57.855 [JavaFX Application Thread] DEBUG PrimaryStageWindow   - Set initial scene to FXGLStartupScene
20:51:57.864 [JavaFX Application Thread] DEBUG PrimaryStageWindow   - Opening main window
20:51:57.971 [JavaFX Application Thread] DEBUG PrimaryStageWindow   - Window border size: (14.4000244140625, 37.5999755859375)
20:51:57.972 [JavaFX Application Thread] DEBUG PrimaryStageWindow   - Scaled size: 1280.0 x 756.0
20:51:57.972 [JavaFX Application Thread] DEBUG PrimaryStageWindow   - Scaled ratio: (1.0, 1.0)
20:51:57.972 [JavaFX Application Thread] DEBUG PrimaryStageWindow   - Scene size: 1280.0 x 756.0
20:51:57.973 [JavaFX Application Thread] DEBUG PrimaryStageWindow   - Stage size: 1294.4000244140625 x 793.5999755859375
20:51:57.981 [FXGL Background Thread 1 ] DEBUG Engine               - Initializing environment variables
20:51:58.034 [FXGL Background Thread 1 ] DEBUG FXGLAssetLoaderServi - User app class for loading assets: class neu.cs.sacrifice.SACRIFICE
20:51:58.034 [FXGL Background Thread 1 ] DEBUG GameApplicationServi - Applying CSS: fxgl_dark.css
20:51:58.036 [FXGL Background Thread 1 ] DEBUG FXGLAssetLoaderServi - Loading from file system: jar:file:///C:/Users/FPTSHOP/.m2/repository/com/github/almasb/fxgl/17.1/fxgl-17.1.jar!/fxglassets/ui/css/fxgl_dark.css
20:51:58.113 [FXGL Background Thread 1 ] DEBUG GameApplicationServi - Initializing application scenes
20:51:58.164 [FXGL Background Thread 1 ] DEBUG GameWorld            - Game world initialized
20:51:58.265 [FXGL Background Thread 1 ] DEBUG PhysicsWorld         - Physics world initialized: appHeight=756, physics.ppm=50,0
20:51:58.266 [FXGL Background Thread 1 ] DEBUG PhysicsWorld         - Using strategy: BRUTE_FORCE
20:51:58.273 [FXGL Background Thread 1 ] DEBUG GameScene            - Game scene initialized: 1280x756
20:51:58.291 [FXGL Background Thread 1 ] DEBUG FXGL.DefaultMenu     - createMenuBodyGameMenu()
20:51:58.310 [FXGL Background Thread 1 ] DEBUG FXGL.DefaultMenu     - createOptionsMenu()
20:51:58.332 [FXGL Background Thread 1 ] DEBUG FXGLAssetLoaderServi - Loading from file system: jar:file:///C:/Users/FPTSHOP/.m2/repository/com/github/almasb/fxgl/17.1/fxgl-17.1.jar!/fxglassets/textures/particles/smoke.png
20:51:58.475 [FXGL Background Thread 1 ] DEBUG FXGLAssetLoaderServi - Loading from file system: jar:file:///C:/Users/FPTSHOP/.m2/repository/com/github/almasb/fxgl/17.1/fxgl-17.1.jar!/fxglassets/textures/particles/trace_horizontal.png
20:51:58.518 [FXGL Background Thread 1 ] DEBUG GameApplicationServi - Application scenes initialized
20:51:58.536 [FXGL Background Thread 1 ] DEBUG SystemBundleService  - Loading FXGL system data
20:51:58.541 [FXGL Background Thread 1 ] DEBUG FileSystemAccess     - Reading from: D:\Github Clone Repositories\SACRIFICE\SACRIFICE\system\fxgl.bundle
20:51:58.551 [FXGL Background Thread 1 ] DEBUG SystemBundleService  - Bundle FXGL: {}
20:51:58.551 [FXGL Background Thread 1 ] DEBUG UpdaterService       - Checking for updates
20:51:58.560 [FXGL Background Thread 1 ] DEBUG FXGLApplication      - Loading default localization
20:51:58.561 [FXGL Background Thread 1 ] DEBUG FXGLAssetLoaderServi - Loading from file system: jar:file:///C:/Users/FPTSHOP/.m2/repository/com/github/almasb/fxgl/17.1/fxgl-17.1.jar!/fxglassets/languages/english.lang
20:51:58.580 [FXGL Background Thread 4 ] DEBUG FXGLApplication      - Loading fonts
20:51:58.585 [FXGL Background Thread 4 ] DEBUG FXGLAssetLoaderServi - Loading from file system: jar:file:///C:/Users/FPTSHOP/.m2/repository/com/github/almasb/fxgl/17.1/fxgl-17.1.jar!/fxglassets/ui/fonts/VarelaRound-Regular.ttf
20:51:58.589 [FXGL Background Thread 1 ] INFO  FXGLApplication      - FXGL initialization took: 0,608 sec
20:51:58.624 [JavaFX Application Thread] DEBUG Input                - Registered new binding: left - A
20:51:58.625 [JavaFX Application Thread] DEBUG Input                - Registered new binding: right - D
20:51:58.625 [JavaFX Application Thread] DEBUG Input                - Registered new binding: use - X
20:51:58.643 [JavaFX Application Thread] DEBUG FXGLAssetLoaderServi - Loading from file system: jar:file:///C:/Users/FPTSHOP/.m2/repository/com/github/almasb/fxgl/17.1/fxgl-17.1.jar!/fxglassets/textures/fxgl_icon.png
20:51:58.699 [JavaFX Application Thread] DEBUG FXGLAssetLoaderServi - Loading from file system: jar:file:///C:/Users/FPTSHOP/.m2/repository/com/github/almasb/fxgl/17.1/fxgl-17.1.jar!/fxglassets/textures/fxgl_default_cursor.png
20:51:58.728 [JavaFX Application Thread] DEBUG Input                - Registered new binding: Screenshot - CTRL+8
20:51:58.729 [JavaFX Application Thread] DEBUG Input                - Registered new binding: System info dump - CTRL+9
20:51:58.733 [JavaFX Application Thread] DEBUG Input                - Registered new binding: Restart - CTRL+R
20:51:58.736 [JavaFX Application Thread] DEBUG Input                - Registered new binding: Toggle Debug Camera - CTRL+7
20:51:58.745 [JavaFX Application Thread] DEBUG LoopRunner           - Starting loop
20:51:58.745 [JavaFX Application Thread] DEBUG LoopRunner           - Initializing JavaFX AnimationTimerLoop
20:51:58.755 [JavaFX Application Thread] DEBUG GameApplicationServi - Starting new game
20:51:58.756 [JavaFX Application Thread] DEBUG Input                - Clearing active input actions
20:51:58.776 [JavaFX Application Thread] DEBUG GameApplicationServi - Removing overlay from FXGLStartupScene and adding to FXGLLoadingScene
20:51:58.776 [JavaFX Application Thread] DEBUG PrimaryStageWindow   - FXGLStartupScene -> FXGLLoadingScene
20:51:58.776 [JavaFX Application Thread] DEBUG GameApplicationServi - Clearing previous game
20:51:58.776 [JavaFX Application Thread] DEBUG GameScene            - Clearing game scene
20:51:58.776 [JavaFX Application Thread] DEBUG GameWorld            - Clearing game world
20:51:58.777 [JavaFX Application Thread] DEBUG PhysicsWorld         - Clearing physics world
20:51:58.792 [FXGL Background Thread 1 ] DEBUG FXGLApplication      - Initializing game
20:51:58.838 [FXGL Background Thread 4 ] DEBUG FXGLAssetLoaderServi - Loading from file system: jar:file:///C:/Users/FPTSHOP/.m2/repository/com/github/almasb/fxgl/17.1/fxgl-17.1.jar!/fxglassets/ui/fonts/Abel-Regular.ttf
20:51:58.858 [FXGL Background Thread 4 ] DEBUG FXGLAssetLoaderServi - Loading from file system: jar:file:///C:/Users/FPTSHOP/.m2/repository/com/github/almasb/fxgl/17.1/fxgl-17.1.jar!/fxglassets/ui/fonts/TerminalLandMono-Regular.otf
20:51:58.879 [FXGL Background Thread 4 ] DEBUG FXGLAssetLoaderServi - Loading from file system: jar:file:///C:/Users/FPTSHOP/.m2/repository/com/github/almasb/fxgl/17.1/fxgl-17.1.jar!/fxglassets/ui/fonts/Courier-Prime.ttf
20:51:58.882 [FXGL Background Thread 1 ] INFO  FXGLApplication      - Game initialization took: 0,090 sec
20:51:58.921 [JavaFX Application Thread] DEBUG Input                - Clearing active input actions
20:51:58.947 [JavaFX Application Thread] DEBUG GameApplicationServi - Removing overlay from FXGLLoadingScene and adding to GameScene
20:51:58.953 [JavaFX Application Thread] DEBUG PrimaryStageWindow   - FXGLLoadingScene -> GameScene
20:51:58.957 [JavaFX Application Thread] DEBUG FXGLApplication      - Registering font factories with UI factory
20:52:00.270 [FXGL Background Thread 2 ] INFO  UpdaterService       - Your current version:  17.1
20:52:00.270 [FXGL Background Thread 2 ] INFO  UpdaterService       - Latest stable version: 17.3
20:52:01.557 [FXGL Background Thread 3 ] DEBUG Engine               - Logging environment variables
20:52:01.557 [FXGL Background Thread 3 ] DEBUG Engine               - achievements: []
20:52:01.557 [FXGL Background Thread 3 ] DEBUG Engine               - actualHeight: 756.0
20:52:01.558 [FXGL Background Thread 3 ] DEBUG Engine               - actualHeightProperty: ReadOnlyDoubleProperty [value: 756.0]
20:52:01.558 [FXGL Background Thread 3 ] DEBUG Engine               - actualWidth: 1280.0
20:52:01.558 [FXGL Background Thread 3 ] DEBUG Engine               - actualWidthProperty: ReadOnlyDoubleProperty [value: 1280.0]
20:52:01.558 [FXGL Background Thread 3 ] DEBUG Engine               - appIcon: fxgl_icon.png
20:52:01.558 [FXGL Background Thread 3 ] DEBUG Engine               - applicationMode: DEVELOPER
20:52:01.558 [FXGL Background Thread 3 ] DEBUG Engine               - cSSList: [fxgl_dark.css]
20:52:01.558 [FXGL Background Thread 3 ] DEBUG Engine               - collisionDetectionStrategy: BRUTE_FORCE
20:52:01.558 [FXGL Background Thread 3 ] DEBUG Engine               - configClass: Optional.empty
20:52:01.558 [FXGL Background Thread 3 ] DEBUG Engine               - credits: []
20:52:01.558 [FXGL Background Thread 3 ] DEBUG Engine               - defaultCursor: CursorInfo(imageName=fxgl_default_cursor.png, hotspotX=7.0, hotspotY=6.0)
20:52:01.558 [FXGL Background Thread 3 ] DEBUG Engine               - devBBoxColorProperty: ObjectProperty [value: 0xff0000ff]
20:52:01.559 [FXGL Background Thread 3 ] DEBUG Engine               - devEnableDebugCameraProperty: BooleanProperty [value: false]
20:52:01.559 [FXGL Background Thread 3 ] DEBUG Engine               - devSensorColorProperty: ObjectProperty [value: 0xffff00ff]
20:52:01.559 [FXGL Background Thread 3 ] DEBUG Engine               - devShowBBoxProperty: BooleanProperty [value: false]
20:52:01.559 [FXGL Background Thread 3 ] DEBUG Engine               - devShowPositionProperty: BooleanProperty [value: false]
20:52:01.559 [FXGL Background Thread 3 ] DEBUG Engine               - enabledMenuItems: []
20:52:01.559 [FXGL Background Thread 3 ] DEBUG Engine               - engineServices: [class com.almasb.fxgl.app.services.FXGLAssetLoaderService, class com.almasb.fxgl.app.FXGLApplication$GameApplicationService, class com.almasb.fxgl.app.services.FXGLDialogService, class com.almasb.fxgl.app.services.IOTaskExecutorService, class com.almasb.fxgl.io.FileSystemService, class com.almasb.fxgl.localization.LocalizationService, class com.almasb.fxgl.app.services.SystemBundleService, class com.almasb.fxgl.profile.SaveLoadService, class com.almasb.fxgl.ui.FXGLUIFactoryServiceProvider, class com.almasb.fxgl.ui.FXGLDialogFactoryServiceProvider, class com.almasb.fxgl.audio.AudioPlayer, class com.almasb.fxgl.notification.impl.NotificationServiceProvider, class com.almasb.fxgl.achievement.AchievementService, class com.almasb.fxgl.cutscene.CutsceneService, class com.almasb.fxgl.minigames.MiniGameService, class com.almasb.fxgl.net.NetService, class com.almasb.fxgl.app.services.UpdaterService, class com.almasb.fxgl.dev.DevService]
20:52:01.559 [FXGL Background Thread 3 ] DEBUG Engine               - fontGame: Abel-Regular.ttf
20:52:01.559 [FXGL Background Thread 3 ] DEBUG Engine               - fontMono: TerminalLandMono-Regular.otf
20:52:01.559 [FXGL Background Thread 3 ] DEBUG Engine               - fontText: Courier-Prime.ttf
20:52:01.559 [FXGL Background Thread 3 ] DEBUG Engine               - fontUI: VarelaRound-Regular.ttf
20:52:01.559 [FXGL Background Thread 3 ] DEBUG Engine               - fullScreen: BooleanProperty [value: false]
20:52:01.559 [FXGL Background Thread 3 ] DEBUG Engine               - gameDifficulty: MEDIUM
20:52:01.559 [FXGL Background Thread 3 ] DEBUG Engine               - gameDifficultyProperty: ObjectProperty [value: MEDIUM]
20:52:01.559 [FXGL Background Thread 3 ] DEBUG Engine               - globalMusicVolume: 0.5
20:52:01.559 [FXGL Background Thread 3 ] DEBUG Engine               - globalMusicVolumeProperty: DoubleProperty [value: 0.5]
20:52:01.559 [FXGL Background Thread 3 ] DEBUG Engine               - globalSoundVolume: 0.5
20:52:01.559 [FXGL Background Thread 3 ] DEBUG Engine               - globalSoundVolumeProperty: DoubleProperty [value: 0.5]
20:52:01.560 [FXGL Background Thread 3 ] DEBUG Engine               - height: 756
20:52:01.560 [FXGL Background Thread 3 ] DEBUG Engine               - is3D: false
20:52:01.560 [FXGL Background Thread 3 ] DEBUG Engine               - isAndroid: false
20:52:01.560 [FXGL Background Thread 3 ] DEBUG Engine               - isBrowser: false
20:52:01.560 [FXGL Background Thread 3 ] DEBUG Engine               - isClickFeedbackEnabled: false
20:52:01.560 [FXGL Background Thread 3 ] DEBUG Engine               - isCloseConfirmation: false
20:52:01.560 [FXGL Background Thread 3 ] DEBUG Engine               - isDesktop: true
20:52:01.560 [FXGL Background Thread 3 ] DEBUG Engine               - isDeveloperMenuEnabled: false
20:52:01.560 [FXGL Background Thread 3 ] DEBUG Engine               - isEmbedded: false
20:52:01.560 [FXGL Background Thread 3 ] DEBUG Engine               - isEntityPreloadEnabled: true
20:52:01.560 [FXGL Background Thread 3 ] DEBUG Engine               - isExperimentalTiledLargeMap: false
20:52:01.560 [FXGL Background Thread 3 ] DEBUG Engine               - isFileSystemWriteAllowed: true
20:52:01.560 [FXGL Background Thread 3 ] DEBUG Engine               - isFullScreenAllowed: false
20:52:01.560 [FXGL Background Thread 3 ] DEBUG Engine               - isFullScreenFromStart: false
20:52:01.560 [FXGL Background Thread 3 ] DEBUG Engine               - isGameMenuEnabled: true
20:52:01.560 [FXGL Background Thread 3 ] DEBUG Engine               - isIOS: false
20:52:01.560 [FXGL Background Thread 3 ] DEBUG Engine               - isIntroEnabled: false
20:52:01.560 [FXGL Background Thread 3 ] DEBUG Engine               - isLinux: false
20:52:01.560 [FXGL Background Thread 3 ] DEBUG Engine               - isMac: false
20:52:01.561 [FXGL Background Thread 3 ] DEBUG Engine               - isMainMenuEnabled: false
20:52:01.561 [FXGL Background Thread 3 ] DEBUG Engine               - isManualResizeEnabled: false
20:52:01.561 [FXGL Background Thread 3 ] DEBUG Engine               - isMobile: false
20:52:01.561 [FXGL Background Thread 3 ] DEBUG Engine               - isNative: false
20:52:01.561 [FXGL Background Thread 3 ] DEBUG Engine               - isPauseMusicWhenMinimized: true
20:52:01.561 [FXGL Background Thread 3 ] DEBUG Engine               - isPreserveResizeRatio: false
20:52:01.561 [FXGL Background Thread 3 ] DEBUG Engine               - isProfilingEnabled: false
20:52:01.561 [FXGL Background Thread 3 ] DEBUG Engine               - isScaleAffectedOnResize: true
20:52:01.561 [FXGL Background Thread 3 ] DEBUG Engine               - isSingleStep: false
20:52:01.561 [FXGL Background Thread 3 ] DEBUG Engine               - isUserProfileEnabled: false
20:52:01.562 [FXGL Background Thread 3 ] DEBUG Engine               - isWindows: true
20:52:01.562 [FXGL Background Thread 3 ] DEBUG Engine               - language: ObjectProperty [value: ENGLISH]
20:52:01.562 [FXGL Background Thread 3 ] DEBUG Engine               - menuKey: ESCAPE
20:52:01.562 [FXGL Background Thread 3 ] DEBUG Engine               - mouseSensitivity: 0.2
20:52:01.562 [FXGL Background Thread 3 ] DEBUG Engine               - notificationViewClass: class com.almasb.fxgl.notification.view.XboxNotificationView
20:52:01.562 [FXGL Background Thread 3 ] DEBUG Engine               - pixelsPerMeter: 50.0
20:52:01.562 [FXGL Background Thread 3 ] DEBUG Engine               - platform: WINDOWS
20:52:01.562 [FXGL Background Thread 3 ] DEBUG Engine               - prefHeightProperty: ReadOnlyDoubleProperty [value: 756.0]
20:52:01.562 [FXGL Background Thread 3 ] DEBUG Engine               - prefWidthProperty: ReadOnlyDoubleProperty [value: 1280.0]
20:52:01.562 [FXGL Background Thread 3 ] DEBUG Engine               - profileDir: profiles/
20:52:01.562 [FXGL Background Thread 3 ] DEBUG Engine               - profileName: StringProperty [value: DEFAULT]
20:52:01.562 [FXGL Background Thread 3 ] DEBUG Engine               - randomSeed: -1
20:52:01.563 [FXGL Background Thread 3 ] DEBUG Engine               - runtimeInfo: RuntimeInfo(platform=WINDOWS, version=17.1, build=24.03.2022 17.34)
20:52:01.563 [FXGL Background Thread 3 ] DEBUG Engine               - saveFileExt: sav
20:52:01.563 [FXGL Background Thread 3 ] DEBUG Engine               - scaledHeightProp$fxgl: DoubleProperty [bound, value: 756.0]
20:52:01.563 [FXGL Background Thread 3 ] DEBUG Engine               - scaledWidthProp$fxgl: DoubleProperty [bound, value: 1280.0]
20:52:01.563 [FXGL Background Thread 3 ] DEBUG Engine               - sceneFactory: com.almasb.fxgl.app.scene.SceneFactory@2c7e35d6
20:52:01.563 [FXGL Background Thread 3 ] DEBUG Engine               - secondsIn24h: 60
20:52:01.563 [FXGL Background Thread 3 ] DEBUG Engine               - soundMenuBack: menu/back.wav
20:52:01.563 [FXGL Background Thread 3 ] DEBUG Engine               - soundMenuPress: menu/press.wav
20:52:01.563 [FXGL Background Thread 3 ] DEBUG Engine               - soundMenuSelect: menu/select.wav
20:52:01.563 [FXGL Background Thread 3 ] DEBUG Engine               - soundNotification: core/notification.wav
20:52:01.564 [FXGL Background Thread 3 ] DEBUG Engine               - stageStyle: DECORATED
20:52:01.564 [FXGL Background Thread 3 ] DEBUG Engine               - supportedLanguages: [ENGLISH, FRENCH, GERMAN, HUNGARIAN, RUSSIAN]
20:52:01.564 [FXGL Background Thread 3 ] DEBUG Engine               - ticksPerSecond: -1
20:52:01.564 [FXGL Background Thread 3 ] DEBUG Engine               - title: SACRIFICE
20:52:01.564 [FXGL Background Thread 3 ] DEBUG Engine               - urlGithub: https://github.com/AlmasB/FXGL
20:52:01.564 [FXGL Background Thread 3 ] DEBUG Engine               - urlLeaderboard: http://fxgl-top.herokuapp.com/
20:52:01.564 [FXGL Background Thread 3 ] DEBUG Engine               - urlPOM: https://raw.githubusercontent.com/AlmasB/FXGL/release/README.md
20:52:01.564 [FXGL Background Thread 3 ] DEBUG Engine               - userAppClass: class neu.cs.sacrifice.SACRIFICE
20:52:01.564 [FXGL Background Thread 3 ] DEBUG Engine               - version: 0.0
20:52:01.564 [FXGL Background Thread 3 ] DEBUG Engine               - versionCheckDays: 7
20:52:01.564 [FXGL Background Thread 3 ] DEBUG Engine               - width: 1280
20:52:01.564 [FXGL Background Thread 3 ] DEBUG Engine               - Logging services
20:52:01.564 [FXGL Background Thread 3 ] DEBUG Engine               - class com.almasb.fxgl.app.services.FXGLAssetLoaderService
20:52:01.564 [FXGL Background Thread 3 ] DEBUG Engine               - class com.almasb.fxgl.app.FXGLApplication$GameApplicationService
20:52:01.564 [FXGL Background Thread 3 ] DEBUG Engine               - class com.almasb.fxgl.app.services.FXGLDialogService
20:52:01.564 [FXGL Background Thread 3 ] DEBUG Engine               - class com.almasb.fxgl.app.services.IOTaskExecutorService
20:52:01.564 [FXGL Background Thread 3 ] DEBUG Engine               - class com.almasb.fxgl.io.FileSystemService
20:52:01.564 [FXGL Background Thread 3 ] DEBUG Engine               - class com.almasb.fxgl.localization.LocalizationService
20:52:01.564 [FXGL Background Thread 3 ] DEBUG Engine               - class com.almasb.fxgl.app.services.SystemBundleService
20:52:01.564 [FXGL Background Thread 3 ] DEBUG Engine               - class com.almasb.fxgl.profile.SaveLoadService
20:52:01.564 [FXGL Background Thread 3 ] DEBUG Engine               - class com.almasb.fxgl.ui.FXGLUIFactoryServiceProvider
20:52:01.564 [FXGL Background Thread 3 ] DEBUG Engine               - class com.almasb.fxgl.ui.FXGLDialogFactoryServiceProvider
20:52:01.566 [FXGL Background Thread 3 ] DEBUG Engine               - class com.almasb.fxgl.audio.AudioPlayer
20:52:01.566 [FXGL Background Thread 3 ] DEBUG Engine               - class com.almasb.fxgl.notification.impl.NotificationServiceProvider
20:52:01.566 [FXGL Background Thread 3 ] DEBUG Engine               - class com.almasb.fxgl.achievement.AchievementService
20:52:01.566 [FXGL Background Thread 3 ] DEBUG Engine               - class com.almasb.fxgl.cutscene.CutsceneService
20:52:01.566 [FXGL Background Thread 3 ] DEBUG Engine               - class com.almasb.fxgl.minigames.MiniGameService
20:52:01.566 [FXGL Background Thread 3 ] DEBUG Engine               - class com.almasb.fxgl.net.NetService
20:52:01.566 [FXGL Background Thread 3 ] DEBUG Engine               - class com.almasb.fxgl.app.services.UpdaterService
20:52:01.566 [FXGL Background Thread 3 ] DEBUG Engine               - class com.almasb.fxgl.dev.DevService
20:52:05.219 [JavaFX Application Thread] DEBUG FXGLApplication      - Exiting FXGL
20:52:05.219 [JavaFX Application Thread] DEBUG LoopRunner           - Stopping loop
20:52:05.219 [JavaFX Application Thread] DEBUG SystemBundleService  - Saving FXGL system data
20:52:05.221 [JavaFX Application Thread] DEBUG FileSystemAccess     - Writing to: D:\Github Clone Repositories\SACRIFICE\SACRIFICE\system\fxgl.bundle
20:52:05.223 [JavaFX Application Thread] DEBUG Async                - Shutting down background threads
20:52:05.223 [JavaFX Application Thread] DEBUG PrimaryStageWindow   - Closing main window
20:52:05.240 [JavaFX Application Thread] DEBUG Logger               - Closing Logger
